[ERROR] 2019-03-06 11:20:13,628 [import-task-corpus_repo-1 | c.o.f.i.FileImportRunnableTask] Could not import file
com.fasterxml.jackson.databind.JsonMappingException: Non-standard token 'NaN': enable JsonParser.Feature.ALLOW_NON_NUMERIC_NUMBERS to allow
 at [Source: (BufferedReader); line: 116, column: 40]
 at [Source: (BufferedReader); line: 116, column: 7] (through reference chain: java.util.ArrayList[5])
	at com.fasterxml.jackson.databind.JsonMappingException.wrapWithPath(JsonMappingException.java:391)
	at com.fasterxml.jackson.databind.JsonMappingException.wrapWithPath(JsonMappingException.java:363)
	at com.fasterxml.jackson.databind.deser.std.CollectionDeserializer.deserialize(CollectionDeserializer.java:306)
	at com.fasterxml.jackson.databind.deser.std.CollectionDeserializer.deserialize(CollectionDeserializer.java:244)
	at com.fasterxml.jackson.databind.deser.std.CollectionDeserializer.deserialize(CollectionDeserializer.java:27)
	at com.fasterxml.jackson.databind.ObjectMapper._readValue(ObjectMapper.java:3972)
	at com.fasterxml.jackson.databind.ObjectMapper.readValue(ObjectMapper.java:2264)
	at com.fasterxml.jackson.core.JsonParser.readValueAs(JsonParser.java:1723)
	at com.github.jsonldjava.utils.JsonUtils.fromJsonParser(JsonUtils.java:194)
	at com.github.jsonldjava.utils.JsonUtils.fromReader(JsonUtils.java:173)
	at com.github.jsonldjava.utils.JsonUtils.fromInputStream(JsonUtils.java:154)
	at com.github.jsonldjava.utils.JsonUtils.fromInputStream(JsonUtils.java:111)
	at org.eclipse.rdf4j.rio.jsonld.JSONLDParser.parse(JSONLDParser.java:71)
	at org.eclipse.rdf4j.repository.util.RDFLoader.loadInputStreamOrReader(RDFLoader.java:286)
	at org.eclipse.rdf4j.repository.util.RDFLoader.load(RDFLoader.java:197)
	at org.eclipse.rdf4j.repository.base.AbstractRepositoryConnection.add(AbstractRepositoryConnection.java:329)
	at com.ontotext.trree.monitorRepository.MonitorRepositoryConnection.add(MonitorRepositoryConnection.java:177)
	at com.ontotext.trree.parallel.ParallelRDFLoader.add(ParallelRDFLoader.java:125)
	at com.ontotext.trree.parallel.ParallelRDFLoader.add(ParallelRDFLoader.java:54)
	at com.ontotext.forest.impex.ParallelAwareImporter.lambda$add$5(ParallelAwareImporter.java:107)
	at com.ontotext.forest.impex.ParallelAwareImporter.wrapInBeginCommit(ParallelAwareImporter.java:128)
	at com.ontotext.forest.impex.ParallelAwareImporter.add(ParallelAwareImporter.java:89)
	at com.ontotext.forest.impex.FileImportRunnableTask.load(FileImportRunnableTask.java:36)
	at com.ontotext.forest.impex.ImportRunnableTask.run(ImportRunnableTask.java:82)
	at java.util.concurrent.Executors$RunnableAdapter.call(Executors.java:511)
	at java.util.concurrent.FutureTask.run(FutureTask.java:266)
	at java.util.concurrent.ThreadPoolExecutor.runWorker(ThreadPoolExecutor.java:1142)
	at java.util.concurrent.ThreadPoolExecutor$Worker.run(ThreadPoolExecutor.java:617)
	at java.lang.Thread.run(Thread.java:745)
Caused by: com.fasterxml.jackson.core.JsonParseException: Non-standard token 'NaN': enable JsonParser.Feature.ALLOW_NON_NUMERIC_NUMBERS to allow
 at [Source: (BufferedReader); line: 116, column: 40]
	at com.fasterxml.jackson.core.JsonParser._constructError(JsonParser.java:1798)
	at com.fasterxml.jackson.core.base.ParserMinimalBase._reportError(ParserMinimalBase.java:663)
	at com.fasterxml.jackson.core.json.ReaderBasedJsonParser._handleOddValue(ReaderBasedJsonParser.java:1870)
	at com.fasterxml.jackson.core.json.ReaderBasedJsonParser.nextFieldName(ReaderBasedJsonParser.java:958)
	at com.fasterxml.jackson.databind.deser.std.UntypedObjectDeserializer$Vanilla.mapObject(UntypedObjectDeserializer.java:873)
	at com.fasterxml.jackson.databind.deser.std.UntypedObjectDeserializer$Vanilla.deserialize(UntypedObjectDeserializer.java:654)
	at com.fasterxml.jackson.databind.deser.std.UntypedObjectDeserializer$Vanilla.mapObject(UntypedObjectDeserializer.java:895)
	at com.fasterxml.jackson.databind.deser.std.UntypedObjectDeserializer$Vanilla.deserialize(UntypedObjectDeserializer.java:654)
	at com.fasterxml.jackson.databind.deser.std.CollectionDeserializer.deserialize(CollectionDeserializer.java:285)
	... 26 common frames omitted
[ERROR] 2019-03-06 13:32:26,339 [import-task-corpus_repo-1 | c.o.f.i.FileImportRunnableTask] RDF Parse Error 
org.eclipse.rdf4j.rio.RDFParseException: unqualified attribute 'ontologyIRI' not allowed [line 8, column 91]
	at org.eclipse.rdf4j.rio.helpers.RDFParserHelper.reportError(RDFParserHelper.java:322)
	at org.eclipse.rdf4j.rio.helpers.AbstractRDFParser.reportError(AbstractRDFParser.java:673)
	at org.eclipse.rdf4j.rio.rdfxml.RDFXMLParser.reportError(RDFXMLParser.java:1125)
	at org.eclipse.rdf4j.rio.rdfxml.SAXFilter.checkAndCopyAttributes(SAXFilter.java:528)
	at org.eclipse.rdf4j.rio.rdfxml.SAXFilter.startElement(SAXFilter.java:294)
	at com.sun.org.apache.xerces.internal.parsers.AbstractSAXParser.startElement(AbstractSAXParser.java:509)
	at com.sun.org.apache.xerces.internal.impl.XMLNSDocumentScannerImpl.scanStartElement(XMLNSDocumentScannerImpl.java:374)
	at com.sun.org.apache.xerces.internal.impl.XMLNSDocumentScannerImpl$NSContentDriver.scanRootElementHook(XMLNSDocumentScannerImpl.java:613)
	at com.sun.org.apache.xerces.internal.impl.XMLDocumentFragmentScannerImpl$FragmentContentDriver.next(XMLDocumentFragmentScannerImpl.java:3132)
	at com.sun.org.apache.xerces.internal.impl.XMLDocumentScannerImpl$PrologDriver.next(XMLDocumentScannerImpl.java:852)
	at com.sun.org.apache.xerces.internal.impl.XMLDocumentScannerImpl.next(XMLDocumentScannerImpl.java:602)
	at com.sun.org.apache.xerces.internal.impl.XMLNSDocumentScannerImpl.next(XMLNSDocumentScannerImpl.java:112)
	at com.sun.org.apache.xerces.internal.impl.XMLDocumentFragmentScannerImpl.scanDocument(XMLDocumentFragmentScannerImpl.java:505)
	at com.sun.org.apache.xerces.internal.parsers.XML11Configuration.parse(XML11Configuration.java:841)
	at com.sun.org.apache.xerces.internal.parsers.XML11Configuration.parse(XML11Configuration.java:770)
	at com.sun.org.apache.xerces.internal.parsers.XMLParser.parse(XMLParser.java:141)
	at com.sun.org.apache.xerces.internal.parsers.AbstractSAXParser.parse(AbstractSAXParser.java:1213)
	at org.eclipse.rdf4j.rio.rdfxml.RDFXMLParser.parse(RDFXMLParser.java:265)
	at org.eclipse.rdf4j.rio.rdfxml.RDFXMLParser.parse(RDFXMLParser.java:207)
	at org.eclipse.rdf4j.repository.util.RDFLoader.loadInputStreamOrReader(RDFLoader.java:286)
	at org.eclipse.rdf4j.repository.util.RDFLoader.load(RDFLoader.java:197)
	at org.eclipse.rdf4j.repository.base.AbstractRepositoryConnection.add(AbstractRepositoryConnection.java:329)
	at com.ontotext.trree.monitorRepository.MonitorRepositoryConnection.add(MonitorRepositoryConnection.java:177)
	at com.ontotext.trree.parallel.ParallelRDFLoader.add(ParallelRDFLoader.java:125)
	at com.ontotext.trree.parallel.ParallelRDFLoader.add(ParallelRDFLoader.java:54)
	at com.ontotext.forest.impex.ParallelAwareImporter.lambda$add$5(ParallelAwareImporter.java:107)
	at com.ontotext.forest.impex.ParallelAwareImporter.wrapInBeginCommit(ParallelAwareImporter.java:128)
	at com.ontotext.forest.impex.ParallelAwareImporter.add(ParallelAwareImporter.java:89)
	at com.ontotext.forest.impex.FileImportRunnableTask.load(FileImportRunnableTask.java:36)
	at com.ontotext.forest.impex.ImportRunnableTask.run(ImportRunnableTask.java:82)
	at java.util.concurrent.Executors$RunnableAdapter.call(Executors.java:511)
	at java.util.concurrent.FutureTask.run(FutureTask.java:266)
	at java.util.concurrent.ThreadPoolExecutor.runWorker(ThreadPoolExecutor.java:1142)
	at java.util.concurrent.ThreadPoolExecutor$Worker.run(ThreadPoolExecutor.java:617)
	at java.lang.Thread.run(Thread.java:745)
[ERROR] 2019-03-06 13:34:20,290 [import-task-corpus_repo-1 | c.o.f.i.FileImportRunnableTask] RDF Parse Error 
org.eclipse.rdf4j.rio.RDFParseException: unqualified attribute 'ontologyIRI' not allowed [line 8, column 91]
	at org.eclipse.rdf4j.rio.helpers.RDFParserHelper.reportError(RDFParserHelper.java:322)
	at org.eclipse.rdf4j.rio.helpers.AbstractRDFParser.reportError(AbstractRDFParser.java:673)
	at org.eclipse.rdf4j.rio.rdfxml.RDFXMLParser.reportError(RDFXMLParser.java:1125)
	at org.eclipse.rdf4j.rio.rdfxml.SAXFilter.checkAndCopyAttributes(SAXFilter.java:528)
	at org.eclipse.rdf4j.rio.rdfxml.SAXFilter.startElement(SAXFilter.java:294)
	at com.sun.org.apache.xerces.internal.parsers.AbstractSAXParser.startElement(AbstractSAXParser.java:509)
	at com.sun.org.apache.xerces.internal.impl.XMLNSDocumentScannerImpl.scanStartElement(XMLNSDocumentScannerImpl.java:374)
	at com.sun.org.apache.xerces.internal.impl.XMLNSDocumentScannerImpl$NSContentDriver.scanRootElementHook(XMLNSDocumentScannerImpl.java:613)
	at com.sun.org.apache.xerces.internal.impl.XMLDocumentFragmentScannerImpl$FragmentContentDriver.next(XMLDocumentFragmentScannerImpl.java:3132)
	at com.sun.org.apache.xerces.internal.impl.XMLDocumentScannerImpl$PrologDriver.next(XMLDocumentScannerImpl.java:852)
	at com.sun.org.apache.xerces.internal.impl.XMLDocumentScannerImpl.next(XMLDocumentScannerImpl.java:602)
	at com.sun.org.apache.xerces.internal.impl.XMLNSDocumentScannerImpl.next(XMLNSDocumentScannerImpl.java:112)
	at com.sun.org.apache.xerces.internal.impl.XMLDocumentFragmentScannerImpl.scanDocument(XMLDocumentFragmentScannerImpl.java:505)
	at com.sun.org.apache.xerces.internal.parsers.XML11Configuration.parse(XML11Configuration.java:841)
	at com.sun.org.apache.xerces.internal.parsers.XML11Configuration.parse(XML11Configuration.java:770)
	at com.sun.org.apache.xerces.internal.parsers.XMLParser.parse(XMLParser.java:141)
	at com.sun.org.apache.xerces.internal.parsers.AbstractSAXParser.parse(AbstractSAXParser.java:1213)
	at org.eclipse.rdf4j.rio.rdfxml.RDFXMLParser.parse(RDFXMLParser.java:265)
	at org.eclipse.rdf4j.rio.rdfxml.RDFXMLParser.parse(RDFXMLParser.java:207)
	at org.eclipse.rdf4j.repository.util.RDFLoader.loadInputStreamOrReader(RDFLoader.java:286)
	at org.eclipse.rdf4j.repository.util.RDFLoader.load(RDFLoader.java:197)
	at org.eclipse.rdf4j.repository.base.AbstractRepositoryConnection.add(AbstractRepositoryConnection.java:329)
	at com.ontotext.trree.monitorRepository.MonitorRepositoryConnection.add(MonitorRepositoryConnection.java:177)
	at com.ontotext.trree.parallel.ParallelRDFLoader.add(ParallelRDFLoader.java:125)
	at com.ontotext.trree.parallel.ParallelRDFLoader.add(ParallelRDFLoader.java:54)
	at com.ontotext.forest.impex.ParallelAwareImporter.lambda$add$5(ParallelAwareImporter.java:107)
	at com.ontotext.forest.impex.ParallelAwareImporter.wrapInBeginCommit(ParallelAwareImporter.java:128)
	at com.ontotext.forest.impex.ParallelAwareImporter.add(ParallelAwareImporter.java:89)
	at com.ontotext.forest.impex.FileImportRunnableTask.load(FileImportRunnableTask.java:36)
	at com.ontotext.forest.impex.ImportRunnableTask.run(ImportRunnableTask.java:82)
	at java.util.concurrent.Executors$RunnableAdapter.call(Executors.java:511)
	at java.util.concurrent.FutureTask.run(FutureTask.java:266)
	at java.util.concurrent.ThreadPoolExecutor.runWorker(ThreadPoolExecutor.java:1142)
	at java.util.concurrent.ThreadPoolExecutor$Worker.run(ThreadPoolExecutor.java:617)
	at java.lang.Thread.run(Thread.java:745)
[ERROR] 2019-03-06 13:37:08,963 [import-task-corpus_repo-1 | c.o.f.i.FileImportRunnableTask] RDF Parse Error 
org.eclipse.rdf4j.rio.RDFParseException: unqualified attribute 'ontologyIRI' not allowed [line 8, column 92]
	at org.eclipse.rdf4j.rio.helpers.RDFParserHelper.reportError(RDFParserHelper.java:322)
	at org.eclipse.rdf4j.rio.helpers.AbstractRDFParser.reportError(AbstractRDFParser.java:673)
	at org.eclipse.rdf4j.rio.rdfxml.RDFXMLParser.reportError(RDFXMLParser.java:1125)
	at org.eclipse.rdf4j.rio.rdfxml.SAXFilter.checkAndCopyAttributes(SAXFilter.java:528)
	at org.eclipse.rdf4j.rio.rdfxml.SAXFilter.startElement(SAXFilter.java:294)
	at com.sun.org.apache.xerces.internal.parsers.AbstractSAXParser.startElement(AbstractSAXParser.java:509)
	at com.sun.org.apache.xerces.internal.impl.XMLNSDocumentScannerImpl.scanStartElement(XMLNSDocumentScannerImpl.java:374)
	at com.sun.org.apache.xerces.internal.impl.XMLNSDocumentScannerImpl$NSContentDriver.scanRootElementHook(XMLNSDocumentScannerImpl.java:613)
	at com.sun.org.apache.xerces.internal.impl.XMLDocumentFragmentScannerImpl$FragmentContentDriver.next(XMLDocumentFragmentScannerImpl.java:3132)
	at com.sun.org.apache.xerces.internal.impl.XMLDocumentScannerImpl$PrologDriver.next(XMLDocumentScannerImpl.java:852)
	at com.sun.org.apache.xerces.internal.impl.XMLDocumentScannerImpl.next(XMLDocumentScannerImpl.java:602)
	at com.sun.org.apache.xerces.internal.impl.XMLNSDocumentScannerImpl.next(XMLNSDocumentScannerImpl.java:112)
	at com.sun.org.apache.xerces.internal.impl.XMLDocumentFragmentScannerImpl.scanDocument(XMLDocumentFragmentScannerImpl.java:505)
	at com.sun.org.apache.xerces.internal.parsers.XML11Configuration.parse(XML11Configuration.java:841)
	at com.sun.org.apache.xerces.internal.parsers.XML11Configuration.parse(XML11Configuration.java:770)
	at com.sun.org.apache.xerces.internal.parsers.XMLParser.parse(XMLParser.java:141)
	at com.sun.org.apache.xerces.internal.parsers.AbstractSAXParser.parse(AbstractSAXParser.java:1213)
	at org.eclipse.rdf4j.rio.rdfxml.RDFXMLParser.parse(RDFXMLParser.java:265)
	at org.eclipse.rdf4j.rio.rdfxml.RDFXMLParser.parse(RDFXMLParser.java:207)
	at org.eclipse.rdf4j.repository.util.RDFLoader.loadInputStreamOrReader(RDFLoader.java:286)
	at org.eclipse.rdf4j.repository.util.RDFLoader.load(RDFLoader.java:197)
	at org.eclipse.rdf4j.repository.base.AbstractRepositoryConnection.add(AbstractRepositoryConnection.java:329)
	at com.ontotext.trree.monitorRepository.MonitorRepositoryConnection.add(MonitorRepositoryConnection.java:177)
	at com.ontotext.trree.parallel.ParallelRDFLoader.add(ParallelRDFLoader.java:125)
	at com.ontotext.trree.parallel.ParallelRDFLoader.add(ParallelRDFLoader.java:54)
	at com.ontotext.forest.impex.ParallelAwareImporter.lambda$add$5(ParallelAwareImporter.java:107)
	at com.ontotext.forest.impex.ParallelAwareImporter.wrapInBeginCommit(ParallelAwareImporter.java:128)
	at com.ontotext.forest.impex.ParallelAwareImporter.add(ParallelAwareImporter.java:89)
	at com.ontotext.forest.impex.FileImportRunnableTask.load(FileImportRunnableTask.java:36)
	at com.ontotext.forest.impex.ImportRunnableTask.run(ImportRunnableTask.java:82)
	at java.util.concurrent.Executors$RunnableAdapter.call(Executors.java:511)
	at java.util.concurrent.FutureTask.run(FutureTask.java:266)
	at java.util.concurrent.ThreadPoolExecutor.runWorker(ThreadPoolExecutor.java:1142)
	at java.util.concurrent.ThreadPoolExecutor$Worker.run(ThreadPoolExecutor.java:617)
	at java.lang.Thread.run(Thread.java:745)
[ERROR] 2019-03-06 13:37:27,389 [import-task-corpus_repo-1 | c.o.f.i.FileImportRunnableTask] RDF Parse Error 
org.eclipse.rdf4j.rio.RDFParseException: unqualified attribute 'ontologyIRI' not allowed [line 8, column 90]
	at org.eclipse.rdf4j.rio.helpers.RDFParserHelper.reportError(RDFParserHelper.java:322)
	at org.eclipse.rdf4j.rio.helpers.AbstractRDFParser.reportError(AbstractRDFParser.java:673)
	at org.eclipse.rdf4j.rio.rdfxml.RDFXMLParser.reportError(RDFXMLParser.java:1125)
	at org.eclipse.rdf4j.rio.rdfxml.SAXFilter.checkAndCopyAttributes(SAXFilter.java:528)
	at org.eclipse.rdf4j.rio.rdfxml.SAXFilter.startElement(SAXFilter.java:294)
	at com.sun.org.apache.xerces.internal.parsers.AbstractSAXParser.startElement(AbstractSAXParser.java:509)
	at com.sun.org.apache.xerces.internal.impl.XMLNSDocumentScannerImpl.scanStartElement(XMLNSDocumentScannerImpl.java:374)
	at com.sun.org.apache.xerces.internal.impl.XMLNSDocumentScannerImpl$NSContentDriver.scanRootElementHook(XMLNSDocumentScannerImpl.java:613)
	at com.sun.org.apache.xerces.internal.impl.XMLDocumentFragmentScannerImpl$FragmentContentDriver.next(XMLDocumentFragmentScannerImpl.java:3132)
	at com.sun.org.apache.xerces.internal.impl.XMLDocumentScannerImpl$PrologDriver.next(XMLDocumentScannerImpl.java:852)
	at com.sun.org.apache.xerces.internal.impl.XMLDocumentScannerImpl.next(XMLDocumentScannerImpl.java:602)
	at com.sun.org.apache.xerces.internal.impl.XMLNSDocumentScannerImpl.next(XMLNSDocumentScannerImpl.java:112)
	at com.sun.org.apache.xerces.internal.impl.XMLDocumentFragmentScannerImpl.scanDocument(XMLDocumentFragmentScannerImpl.java:505)
	at com.sun.org.apache.xerces.internal.parsers.XML11Configuration.parse(XML11Configuration.java:841)
	at com.sun.org.apache.xerces.internal.parsers.XML11Configuration.parse(XML11Configuration.java:770)
	at com.sun.org.apache.xerces.internal.parsers.XMLParser.parse(XMLParser.java:141)
	at com.sun.org.apache.xerces.internal.parsers.AbstractSAXParser.parse(AbstractSAXParser.java:1213)
	at org.eclipse.rdf4j.rio.rdfxml.RDFXMLParser.parse(RDFXMLParser.java:265)
	at org.eclipse.rdf4j.rio.rdfxml.RDFXMLParser.parse(RDFXMLParser.java:207)
	at org.eclipse.rdf4j.repository.util.RDFLoader.loadInputStreamOrReader(RDFLoader.java:286)
	at org.eclipse.rdf4j.repository.util.RDFLoader.load(RDFLoader.java:197)
	at org.eclipse.rdf4j.repository.base.AbstractRepositoryConnection.add(AbstractRepositoryConnection.java:329)
	at com.ontotext.trree.monitorRepository.MonitorRepositoryConnection.add(MonitorRepositoryConnection.java:177)
	at com.ontotext.trree.parallel.ParallelRDFLoader.add(ParallelRDFLoader.java:125)
	at com.ontotext.trree.parallel.ParallelRDFLoader.add(ParallelRDFLoader.java:54)
	at com.ontotext.forest.impex.ParallelAwareImporter.lambda$add$5(ParallelAwareImporter.java:107)
	at com.ontotext.forest.impex.ParallelAwareImporter.wrapInBeginCommit(ParallelAwareImporter.java:128)
	at com.ontotext.forest.impex.ParallelAwareImporter.add(ParallelAwareImporter.java:89)
	at com.ontotext.forest.impex.FileImportRunnableTask.load(FileImportRunnableTask.java:36)
	at com.ontotext.forest.impex.ImportRunnableTask.run(ImportRunnableTask.java:82)
	at java.util.concurrent.Executors$RunnableAdapter.call(Executors.java:511)
	at java.util.concurrent.FutureTask.run(FutureTask.java:266)
	at java.util.concurrent.ThreadPoolExecutor.runWorker(ThreadPoolExecutor.java:1142)
	at java.util.concurrent.ThreadPoolExecutor$Worker.run(ThreadPoolExecutor.java:617)
	at java.lang.Thread.run(Thread.java:745)
[ERROR] 2019-03-06 13:38:49,919 [import-task-corpus_repo-1 | c.o.f.i.FileImportRunnableTask] RDF Parse Error 
org.eclipse.rdf4j.rio.RDFParseException: unqualified attribute 'ontologyIRI' not allowed [line 8, column 87]
	at org.eclipse.rdf4j.rio.helpers.RDFParserHelper.reportError(RDFParserHelper.java:322)
	at org.eclipse.rdf4j.rio.helpers.AbstractRDFParser.reportError(AbstractRDFParser.java:673)
	at org.eclipse.rdf4j.rio.rdfxml.RDFXMLParser.reportError(RDFXMLParser.java:1125)
	at org.eclipse.rdf4j.rio.rdfxml.SAXFilter.checkAndCopyAttributes(SAXFilter.java:528)
	at org.eclipse.rdf4j.rio.rdfxml.SAXFilter.startElement(SAXFilter.java:294)
	at com.sun.org.apache.xerces.internal.parsers.AbstractSAXParser.startElement(AbstractSAXParser.java:509)
	at com.sun.org.apache.xerces.internal.impl.XMLNSDocumentScannerImpl.scanStartElement(XMLNSDocumentScannerImpl.java:374)
	at com.sun.org.apache.xerces.internal.impl.XMLNSDocumentScannerImpl$NSContentDriver.scanRootElementHook(XMLNSDocumentScannerImpl.java:613)
	at com.sun.org.apache.xerces.internal.impl.XMLDocumentFragmentScannerImpl$FragmentContentDriver.next(XMLDocumentFragmentScannerImpl.java:3132)
	at com.sun.org.apache.xerces.internal.impl.XMLDocumentScannerImpl$PrologDriver.next(XMLDocumentScannerImpl.java:852)
	at com.sun.org.apache.xerces.internal.impl.XMLDocumentScannerImpl.next(XMLDocumentScannerImpl.java:602)
	at com.sun.org.apache.xerces.internal.impl.XMLNSDocumentScannerImpl.next(XMLNSDocumentScannerImpl.java:112)
	at com.sun.org.apache.xerces.internal.impl.XMLDocumentFragmentScannerImpl.scanDocument(XMLDocumentFragmentScannerImpl.java:505)
	at com.sun.org.apache.xerces.internal.parsers.XML11Configuration.parse(XML11Configuration.java:841)
	at com.sun.org.apache.xerces.internal.parsers.XML11Configuration.parse(XML11Configuration.java:770)
	at com.sun.org.apache.xerces.internal.parsers.XMLParser.parse(XMLParser.java:141)
	at com.sun.org.apache.xerces.internal.parsers.AbstractSAXParser.parse(AbstractSAXParser.java:1213)
	at org.eclipse.rdf4j.rio.rdfxml.RDFXMLParser.parse(RDFXMLParser.java:265)
	at org.eclipse.rdf4j.rio.rdfxml.RDFXMLParser.parse(RDFXMLParser.java:207)
	at org.eclipse.rdf4j.repository.util.RDFLoader.loadInputStreamOrReader(RDFLoader.java:286)
	at org.eclipse.rdf4j.repository.util.RDFLoader.load(RDFLoader.java:197)
	at org.eclipse.rdf4j.repository.base.AbstractRepositoryConnection.add(AbstractRepositoryConnection.java:329)
	at com.ontotext.trree.monitorRepository.MonitorRepositoryConnection.add(MonitorRepositoryConnection.java:177)
	at com.ontotext.trree.parallel.ParallelRDFLoader.add(ParallelRDFLoader.java:125)
	at com.ontotext.trree.parallel.ParallelRDFLoader.add(ParallelRDFLoader.java:54)
	at com.ontotext.forest.impex.ParallelAwareImporter.lambda$add$5(ParallelAwareImporter.java:107)
	at com.ontotext.forest.impex.ParallelAwareImporter.wrapInBeginCommit(ParallelAwareImporter.java:128)
	at com.ontotext.forest.impex.ParallelAwareImporter.add(ParallelAwareImporter.java:89)
	at com.ontotext.forest.impex.FileImportRunnableTask.load(FileImportRunnableTask.java:36)
	at com.ontotext.forest.impex.ImportRunnableTask.run(ImportRunnableTask.java:82)
	at java.util.concurrent.Executors$RunnableAdapter.call(Executors.java:511)
	at java.util.concurrent.FutureTask.run(FutureTask.java:266)
	at java.util.concurrent.ThreadPoolExecutor.runWorker(ThreadPoolExecutor.java:1142)
	at java.util.concurrent.ThreadPoolExecutor$Worker.run(ThreadPoolExecutor.java:617)
	at java.lang.Thread.run(Thread.java:745)
