[ERROR] 2019-03-10 08:54:28,979 [import-task-corpus_repo1-1 | c.o.f.i.FileImportRunnableTask] Could not import file
java.lang.IllegalArgumentException: Illegal character in path at index 5: Great Langdale
	at java.net.URI.create(URI.java:852)
	at java.net.URI.resolve(URI.java:1036)
	at com.github.jsonldjava.utils.JsonLdUrl.resolve(JsonLdUrl.java:274)
	at com.github.jsonldjava.core.Context.expandIri(Context.java:539)
	at com.github.jsonldjava.core.JsonLdApi.expand(JsonLdApi.java:584)
	at com.github.jsonldjava.core.JsonLdApi.expand(JsonLdApi.java:847)
	at com.github.jsonldjava.core.JsonLdApi.expand(JsonLdApi.java:522)
	at com.github.jsonldjava.core.JsonLdApi.expand(JsonLdApi.java:1025)
	at com.github.jsonldjava.core.JsonLdProcessor.expand(JsonLdProcessor.java:149)
	at com.github.jsonldjava.core.JsonLdProcessor.toRDF(JsonLdProcessor.java:528)
	at org.eclipse.rdf4j.rio.jsonld.JSONLDParser.parse(JSONLDParser.java:71)
	at org.eclipse.rdf4j.repository.util.RDFLoader.loadInputStreamOrReader(RDFLoader.java:286)
	at org.eclipse.rdf4j.repository.util.RDFLoader.load(RDFLoader.java:197)
	at org.eclipse.rdf4j.repository.base.AbstractRepositoryConnection.add(AbstractRepositoryConnection.java:329)
	at com.ontotext.trree.monitorRepository.MonitorRepositoryConnection.add(MonitorRepositoryConnection.java:177)
	at com.ontotext.trree.parallel.ParallelRDFLoader.add(ParallelRDFLoader.java:125)
	at com.ontotext.trree.parallel.ParallelRDFLoader.add(ParallelRDFLoader.java:54)
	at com.ontotext.forest.impex.ParallelAwareImporter.lambda$add$5(ParallelAwareImporter.java:107)
	at com.ontotext.forest.impex.ParallelAwareImporter.wrapInBeginCommit(ParallelAwareImporter.java:128)
	at com.ontotext.forest.impex.ParallelAwareImporter.add(ParallelAwareImporter.java:89)
	at com.ontotext.forest.impex.FileImportRunnableTask.load(FileImportRunnableTask.java:36)
	at com.ontotext.forest.impex.ImportRunnableTask.run(ImportRunnableTask.java:82)
	at java.util.concurrent.Executors$RunnableAdapter.call(Executors.java:511)
	at java.util.concurrent.FutureTask.run(FutureTask.java:266)
	at java.util.concurrent.ThreadPoolExecutor.runWorker(ThreadPoolExecutor.java:1142)
	at java.util.concurrent.ThreadPoolExecutor$Worker.run(ThreadPoolExecutor.java:617)
	at java.lang.Thread.run(Thread.java:745)
Caused by: java.net.URISyntaxException: Illegal character in path at index 5: Great Langdale
	at java.net.URI$Parser.fail(URI.java:2848)
	at java.net.URI$Parser.checkChars(URI.java:3021)
	at java.net.URI$Parser.parseHierarchical(URI.java:3105)
	at java.net.URI$Parser.parse(URI.java:3063)
	at java.net.URI.<init>(URI.java:588)
	at java.net.URI.create(URI.java:850)
	... 26 common frames omitted
[ERROR] 2019-03-10 09:35:59,075 [import-task-corpus_repo1-1 | c.o.f.i.FileImportRunnableTask] Could not import file
java.lang.IllegalArgumentException: Illegal character in path at index 23: POINT(-2.96497585945387 54.432060856372)
	at java.net.URI.create(URI.java:852)
	at java.net.URI.resolve(URI.java:1036)
	at com.github.jsonldjava.utils.JsonLdUrl.resolve(JsonLdUrl.java:274)
	at com.github.jsonldjava.core.Context.expandIri(Context.java:539)
	at com.github.jsonldjava.core.JsonLdApi.expand(JsonLdApi.java:584)
	at com.github.jsonldjava.core.JsonLdApi.expand(JsonLdApi.java:847)
	at com.github.jsonldjava.core.JsonLdApi.expand(JsonLdApi.java:522)
	at com.github.jsonldjava.core.JsonLdApi.expand(JsonLdApi.java:1025)
	at com.github.jsonldjava.core.JsonLdProcessor.expand(JsonLdProcessor.java:149)
	at com.github.jsonldjava.core.JsonLdProcessor.toRDF(JsonLdProcessor.java:528)
	at org.eclipse.rdf4j.rio.jsonld.JSONLDParser.parse(JSONLDParser.java:71)
	at org.eclipse.rdf4j.repository.util.RDFLoader.loadInputStreamOrReader(RDFLoader.java:286)
	at org.eclipse.rdf4j.repository.util.RDFLoader.load(RDFLoader.java:197)
	at org.eclipse.rdf4j.repository.base.AbstractRepositoryConnection.add(AbstractRepositoryConnection.java:329)
	at com.ontotext.trree.monitorRepository.MonitorRepositoryConnection.add(MonitorRepositoryConnection.java:177)
	at com.ontotext.trree.parallel.ParallelRDFLoader.add(ParallelRDFLoader.java:125)
	at com.ontotext.trree.parallel.ParallelRDFLoader.add(ParallelRDFLoader.java:54)
	at com.ontotext.forest.impex.ParallelAwareImporter.lambda$add$5(ParallelAwareImporter.java:107)
	at com.ontotext.forest.impex.ParallelAwareImporter.wrapInBeginCommit(ParallelAwareImporter.java:128)
	at com.ontotext.forest.impex.ParallelAwareImporter.add(ParallelAwareImporter.java:89)
	at com.ontotext.forest.impex.FileImportRunnableTask.load(FileImportRunnableTask.java:36)
	at com.ontotext.forest.impex.ImportRunnableTask.run(ImportRunnableTask.java:82)
	at java.util.concurrent.Executors$RunnableAdapter.call(Executors.java:511)
	at java.util.concurrent.FutureTask.run(FutureTask.java:266)
	at java.util.concurrent.ThreadPoolExecutor.runWorker(ThreadPoolExecutor.java:1142)
	at java.util.concurrent.ThreadPoolExecutor$Worker.run(ThreadPoolExecutor.java:617)
	at java.lang.Thread.run(Thread.java:745)
Caused by: java.net.URISyntaxException: Illegal character in path at index 23: POINT(-2.96497585945387 54.432060856372)
	at java.net.URI$Parser.fail(URI.java:2848)
	at java.net.URI$Parser.checkChars(URI.java:3021)
	at java.net.URI$Parser.parseHierarchical(URI.java:3105)
	at java.net.URI$Parser.parse(URI.java:3063)
	at java.net.URI.<init>(URI.java:588)
	at java.net.URI.create(URI.java:850)
	... 26 common frames omitted
[ERROR] 2019-03-10 11:27:25,508 [import-task-corpus_repo1-1 | c.o.f.i.FileImportRunnableTask] Could not import file
java.lang.IllegalArgumentException: Illegal character in path at index 4: 1Mr. J. G.

	at java.net.URI.create(URI.java:852)
	at java.net.URI.resolve(URI.java:1036)
	at com.github.jsonldjava.utils.JsonLdUrl.resolve(JsonLdUrl.java:274)
	at com.github.jsonldjava.core.Context.expandIri(Context.java:539)
	at com.github.jsonldjava.core.JsonLdApi.expand(JsonLdApi.java:584)
	at com.github.jsonldjava.core.JsonLdApi.expand(JsonLdApi.java:847)
	at com.github.jsonldjava.core.JsonLdApi.expand(JsonLdApi.java:522)
	at com.github.jsonldjava.core.JsonLdApi.expand(JsonLdApi.java:847)
	at com.github.jsonldjava.core.JsonLdApi.expand(JsonLdApi.java:522)
	at com.github.jsonldjava.core.JsonLdApi.expand(JsonLdApi.java:1025)
	at com.github.jsonldjava.core.JsonLdProcessor.expand(JsonLdProcessor.java:149)
	at com.github.jsonldjava.core.JsonLdProcessor.toRDF(JsonLdProcessor.java:528)
	at org.eclipse.rdf4j.rio.jsonld.JSONLDParser.parse(JSONLDParser.java:71)
	at org.eclipse.rdf4j.repository.util.RDFLoader.loadInputStreamOrReader(RDFLoader.java:286)
	at org.eclipse.rdf4j.repository.util.RDFLoader.load(RDFLoader.java:197)
	at org.eclipse.rdf4j.repository.base.AbstractRepositoryConnection.add(AbstractRepositoryConnection.java:329)
	at com.ontotext.trree.monitorRepository.MonitorRepositoryConnection.add(MonitorRepositoryConnection.java:177)
	at com.ontotext.trree.parallel.ParallelRDFLoader.add(ParallelRDFLoader.java:125)
	at com.ontotext.trree.parallel.ParallelRDFLoader.add(ParallelRDFLoader.java:54)
	at com.ontotext.forest.impex.ParallelAwareImporter.lambda$add$5(ParallelAwareImporter.java:107)
	at com.ontotext.forest.impex.ParallelAwareImporter.wrapInBeginCommit(ParallelAwareImporter.java:128)
	at com.ontotext.forest.impex.ParallelAwareImporter.add(ParallelAwareImporter.java:89)
	at com.ontotext.forest.impex.FileImportRunnableTask.load(FileImportRunnableTask.java:36)
	at com.ontotext.forest.impex.ImportRunnableTask.run(ImportRunnableTask.java:82)
	at java.util.concurrent.Executors$RunnableAdapter.call(Executors.java:511)
	at java.util.concurrent.FutureTask.run(FutureTask.java:266)
	at java.util.concurrent.ThreadPoolExecutor.runWorker(ThreadPoolExecutor.java:1142)
	at java.util.concurrent.ThreadPoolExecutor$Worker.run(ThreadPoolExecutor.java:617)
	at java.lang.Thread.run(Thread.java:745)
Caused by: java.net.URISyntaxException: Illegal character in path at index 4: 1Mr. J. G.

	at java.net.URI$Parser.fail(URI.java:2848)
	at java.net.URI$Parser.checkChars(URI.java:3021)
	at java.net.URI$Parser.parseHierarchical(URI.java:3105)
	at java.net.URI$Parser.parse(URI.java:3063)
	at java.net.URI.<init>(URI.java:588)
	at java.net.URI.create(URI.java:850)
	... 28 common frames omitted
[ERROR] 2019-03-10 11:27:50,169 [import-task-corpus_repo1-1 | c.o.f.i.FileImportRunnableTask] Could not import file
java.lang.IllegalArgumentException: Illegal character in path at index 4: 1Mr. J. G.

	at java.net.URI.create(URI.java:852)
	at java.net.URI.resolve(URI.java:1036)
	at com.github.jsonldjava.utils.JsonLdUrl.resolve(JsonLdUrl.java:274)
	at com.github.jsonldjava.core.Context.expandIri(Context.java:539)
	at com.github.jsonldjava.core.JsonLdApi.expand(JsonLdApi.java:584)
	at com.github.jsonldjava.core.JsonLdApi.expand(JsonLdApi.java:847)
	at com.github.jsonldjava.core.JsonLdApi.expand(JsonLdApi.java:522)
	at com.github.jsonldjava.core.JsonLdApi.expand(JsonLdApi.java:847)
	at com.github.jsonldjava.core.JsonLdApi.expand(JsonLdApi.java:522)
	at com.github.jsonldjava.core.JsonLdApi.expand(JsonLdApi.java:1025)
	at com.github.jsonldjava.core.JsonLdProcessor.expand(JsonLdProcessor.java:149)
	at com.github.jsonldjava.core.JsonLdProcessor.toRDF(JsonLdProcessor.java:528)
	at org.eclipse.rdf4j.rio.jsonld.JSONLDParser.parse(JSONLDParser.java:71)
	at org.eclipse.rdf4j.repository.util.RDFLoader.loadInputStreamOrReader(RDFLoader.java:286)
	at org.eclipse.rdf4j.repository.util.RDFLoader.load(RDFLoader.java:197)
	at org.eclipse.rdf4j.repository.base.AbstractRepositoryConnection.add(AbstractRepositoryConnection.java:329)
	at com.ontotext.trree.monitorRepository.MonitorRepositoryConnection.add(MonitorRepositoryConnection.java:177)
	at com.ontotext.trree.parallel.ParallelRDFLoader.add(ParallelRDFLoader.java:125)
	at com.ontotext.trree.parallel.ParallelRDFLoader.add(ParallelRDFLoader.java:54)
	at com.ontotext.forest.impex.ParallelAwareImporter.lambda$add$5(ParallelAwareImporter.java:107)
	at com.ontotext.forest.impex.ParallelAwareImporter.wrapInBeginCommit(ParallelAwareImporter.java:128)
	at com.ontotext.forest.impex.ParallelAwareImporter.add(ParallelAwareImporter.java:89)
	at com.ontotext.forest.impex.FileImportRunnableTask.load(FileImportRunnableTask.java:36)
	at com.ontotext.forest.impex.ImportRunnableTask.run(ImportRunnableTask.java:82)
	at java.util.concurrent.Executors$RunnableAdapter.call(Executors.java:511)
	at java.util.concurrent.FutureTask.run(FutureTask.java:266)
	at java.util.concurrent.ThreadPoolExecutor.runWorker(ThreadPoolExecutor.java:1142)
	at java.util.concurrent.ThreadPoolExecutor$Worker.run(ThreadPoolExecutor.java:617)
	at java.lang.Thread.run(Thread.java:745)
Caused by: java.net.URISyntaxException: Illegal character in path at index 4: 1Mr. J. G.

	at java.net.URI$Parser.fail(URI.java:2848)
	at java.net.URI$Parser.checkChars(URI.java:3021)
	at java.net.URI$Parser.parseHierarchical(URI.java:3105)
	at java.net.URI$Parser.parse(URI.java:3063)
	at java.net.URI.<init>(URI.java:588)
	at java.net.URI.create(URI.java:850)
	... 28 common frames omitted
