[ERROR] 2021-06-09 14:17:42,317 [import-task-FloodDemo_FakeData-1 | c.o.f.i.FileImportRunnableTask] RDF Parse Error 
org.eclipse.rdf4j.rio.RDFParseException: unqualified attribute 'ontologyIRI' not allowed [line 8, column 72]
	at org.eclipse.rdf4j.rio.helpers.RDFParserHelper.reportError(RDFParserHelper.java:322)
	at org.eclipse.rdf4j.rio.helpers.AbstractRDFParser.reportError(AbstractRDFParser.java:673)
	at org.eclipse.rdf4j.rio.rdfxml.RDFXMLParser.reportError(RDFXMLParser.java:1125)
	at org.eclipse.rdf4j.rio.rdfxml.SAXFilter.checkAndCopyAttributes(SAXFilter.java:528)
	at org.eclipse.rdf4j.rio.rdfxml.SAXFilter.startElement(SAXFilter.java:294)
	at com.sun.org.apache.xerces.internal.parsers.AbstractSAXParser.startElement(AbstractSAXParser.java:509)
	at com.sun.org.apache.xerces.internal.impl.XMLNSDocumentScannerImpl.scanStartElement(XMLNSDocumentScannerImpl.java:374)
	at com.sun.org.apache.xerces.internal.impl.XMLNSDocumentScannerImpl$NSContentDriver.scanRootElementHook(XMLNSDocumentScannerImpl.java:613)
	at com.sun.org.apache.xerces.internal.impl.XMLDocumentFragmentScannerImpl$FragmentContentDriver.next(XMLDocumentFragmentScannerImpl.java:3132)
	at com.sun.org.apache.xerces.internal.impl.XMLDocumentScannerImpl$PrologDriver.next(XMLDocumentScannerImpl.java:852)
	at com.sun.org.apache.xerces.internal.impl.XMLDocumentScannerImpl.next(XMLDocumentScannerImpl.java:602)
	at com.sun.org.apache.xerces.internal.impl.XMLNSDocumentScannerImpl.next(XMLNSDocumentScannerImpl.java:112)
	at com.sun.org.apache.xerces.internal.impl.XMLDocumentFragmentScannerImpl.scanDocument(XMLDocumentFragmentScannerImpl.java:505)
	at com.sun.org.apache.xerces.internal.parsers.XML11Configuration.parse(XML11Configuration.java:841)
	at com.sun.org.apache.xerces.internal.parsers.XML11Configuration.parse(XML11Configuration.java:770)
	at com.sun.org.apache.xerces.internal.parsers.XMLParser.parse(XMLParser.java:141)
	at com.sun.org.apache.xerces.internal.parsers.AbstractSAXParser.parse(AbstractSAXParser.java:1213)
	at org.eclipse.rdf4j.rio.rdfxml.RDFXMLParser.parse(RDFXMLParser.java:265)
	at org.eclipse.rdf4j.rio.rdfxml.RDFXMLParser.parse(RDFXMLParser.java:207)
	at org.eclipse.rdf4j.repository.util.RDFLoader.loadInputStreamOrReader(RDFLoader.java:286)
	at org.eclipse.rdf4j.repository.util.RDFLoader.load(RDFLoader.java:197)
	at org.eclipse.rdf4j.repository.base.AbstractRepositoryConnection.add(AbstractRepositoryConnection.java:329)
	at com.ontotext.trree.monitorRepository.MonitorRepositoryConnection.add(MonitorRepositoryConnection.java:177)
	at com.ontotext.trree.parallel.ParallelRDFLoader.add(ParallelRDFLoader.java:125)
	at com.ontotext.trree.parallel.ParallelRDFLoader.add(ParallelRDFLoader.java:54)
	at com.ontotext.forest.impex.ParallelAwareImporter.lambda$add$5(ParallelAwareImporter.java:107)
	at com.ontotext.forest.impex.ParallelAwareImporter.wrapInBeginCommit(ParallelAwareImporter.java:128)
	at com.ontotext.forest.impex.ParallelAwareImporter.add(ParallelAwareImporter.java:89)
	at com.ontotext.forest.impex.FileImportRunnableTask.load(FileImportRunnableTask.java:36)
	at com.ontotext.forest.impex.ImportRunnableTask.run(ImportRunnableTask.java:82)
	at java.util.concurrent.Executors$RunnableAdapter.call(Executors.java:511)
	at java.util.concurrent.FutureTask.run(FutureTask.java:266)
	at java.util.concurrent.ThreadPoolExecutor.runWorker(ThreadPoolExecutor.java:1142)
	at java.util.concurrent.ThreadPoolExecutor$Worker.run(ThreadPoolExecutor.java:617)
	at java.lang.Thread.run(Thread.java:745)
