[ERROR] 2022-05-24 15:02:39,856 [import-task-Biodiversity_anonym_repo-1 | c.o.f.i.FileImportRunnableTask] Could not import file
com.fasterxml.jackson.databind.JsonMappingException: Non-standard token 'NaN': enable JsonParser.Feature.ALLOW_NON_NUMERIC_NUMBERS to allow
 at [Source: (BufferedReader); line: 29, column: 42]
 at [Source: (BufferedReader); line: 29, column: 21] (through reference chain: java.util.ArrayList[0])
	at com.fasterxml.jackson.databind.JsonMappingException.wrapWithPath(JsonMappingException.java:391)
	at com.fasterxml.jackson.databind.JsonMappingException.wrapWithPath(JsonMappingException.java:363)
	at com.fasterxml.jackson.databind.deser.std.CollectionDeserializer.deserialize(CollectionDeserializer.java:306)
	at com.fasterxml.jackson.databind.deser.std.CollectionDeserializer.deserialize(CollectionDeserializer.java:244)
	at com.fasterxml.jackson.databind.deser.std.CollectionDeserializer.deserialize(CollectionDeserializer.java:27)
	at com.fasterxml.jackson.databind.ObjectMapper._readValue(ObjectMapper.java:3972)
	at com.fasterxml.jackson.databind.ObjectMapper.readValue(ObjectMapper.java:2264)
	at com.fasterxml.jackson.core.JsonParser.readValueAs(JsonParser.java:1723)
	at com.github.jsonldjava.utils.JsonUtils.fromJsonParser(JsonUtils.java:194)
	at com.github.jsonldjava.utils.JsonUtils.fromReader(JsonUtils.java:173)
	at com.github.jsonldjava.utils.JsonUtils.fromInputStream(JsonUtils.java:154)
	at com.github.jsonldjava.utils.JsonUtils.fromInputStream(JsonUtils.java:111)
	at org.eclipse.rdf4j.rio.jsonld.JSONLDParser.parse(JSONLDParser.java:71)
	at org.eclipse.rdf4j.repository.util.RDFLoader.loadInputStreamOrReader(RDFLoader.java:286)
	at org.eclipse.rdf4j.repository.util.RDFLoader.load(RDFLoader.java:197)
	at org.eclipse.rdf4j.repository.base.AbstractRepositoryConnection.add(AbstractRepositoryConnection.java:329)
	at com.ontotext.trree.monitorRepository.MonitorRepositoryConnection.add(MonitorRepositoryConnection.java:177)
	at com.ontotext.trree.parallel.ParallelRDFLoader.add(ParallelRDFLoader.java:125)
	at com.ontotext.trree.parallel.ParallelRDFLoader.add(ParallelRDFLoader.java:54)
	at com.ontotext.forest.impex.ParallelAwareImporter.lambda$add$5(ParallelAwareImporter.java:107)
	at com.ontotext.forest.impex.ParallelAwareImporter.wrapInBeginCommit(ParallelAwareImporter.java:128)
	at com.ontotext.forest.impex.ParallelAwareImporter.add(ParallelAwareImporter.java:89)
	at com.ontotext.forest.impex.FileImportRunnableTask.load(FileImportRunnableTask.java:36)
	at com.ontotext.forest.impex.ImportRunnableTask.run(ImportRunnableTask.java:82)
	at java.util.concurrent.Executors$RunnableAdapter.call(Executors.java:511)
	at java.util.concurrent.FutureTask.run(FutureTask.java:266)
	at java.util.concurrent.ThreadPoolExecutor.runWorker(ThreadPoolExecutor.java:1142)
	at java.util.concurrent.ThreadPoolExecutor$Worker.run(ThreadPoolExecutor.java:617)
	at java.lang.Thread.run(Thread.java:745)
Caused by: com.fasterxml.jackson.core.JsonParseException: Non-standard token 'NaN': enable JsonParser.Feature.ALLOW_NON_NUMERIC_NUMBERS to allow
 at [Source: (BufferedReader); line: 29, column: 42]
	at com.fasterxml.jackson.core.JsonParser._constructError(JsonParser.java:1798)
	at com.fasterxml.jackson.core.base.ParserMinimalBase._reportError(ParserMinimalBase.java:663)
	at com.fasterxml.jackson.core.json.ReaderBasedJsonParser._handleOddValue(ReaderBasedJsonParser.java:1870)
	at com.fasterxml.jackson.core.json.ReaderBasedJsonParser.nextFieldName(ReaderBasedJsonParser.java:958)
	at com.fasterxml.jackson.databind.deser.std.UntypedObjectDeserializer$Vanilla.mapObject(UntypedObjectDeserializer.java:873)
	at com.fasterxml.jackson.databind.deser.std.UntypedObjectDeserializer$Vanilla.deserialize(UntypedObjectDeserializer.java:654)
	at com.fasterxml.jackson.databind.deser.std.UntypedObjectDeserializer$Vanilla.mapArray(UntypedObjectDeserializer.java:811)
	at com.fasterxml.jackson.databind.deser.std.UntypedObjectDeserializer$Vanilla.deserialize(UntypedObjectDeserializer.java:668)
	at com.fasterxml.jackson.databind.deser.std.UntypedObjectDeserializer$Vanilla.mapObject(UntypedObjectDeserializer.java:880)
	at com.fasterxml.jackson.databind.deser.std.UntypedObjectDeserializer$Vanilla.deserialize(UntypedObjectDeserializer.java:654)
	at com.fasterxml.jackson.databind.deser.std.UntypedObjectDeserializer$Vanilla.mapObject(UntypedObjectDeserializer.java:895)
	at com.fasterxml.jackson.databind.deser.std.UntypedObjectDeserializer$Vanilla.deserialize(UntypedObjectDeserializer.java:654)
	at com.fasterxml.jackson.databind.deser.std.CollectionDeserializer.deserialize(CollectionDeserializer.java:285)
	... 26 common frames omitted
[INFO ] 2022-05-24 20:14:21,137 [Thread-12 | c.o.g.s.GraphDB] Stopping GraphDB.
[WARN ] 2022-05-24 20:14:21,141 [Thread-19 | c.o.t.SailConnectionImpl] Rolling back transaction due to connection close
java.lang.Throwable: null
	at com.ontotext.trree.SailConnectionImpl.close(SailConnectionImpl.java:2288)
	at com.ontotext.trree.ConnectionRegistry.closeAll(ConnectionRegistry.java:61)
	at com.ontotext.trree.OwlimSchemaRepository.doShutDown(OwlimSchemaRepository.java:1161)
	at com.ontotext.trree.OwlimSchemaRepository.doShutDown(OwlimSchemaRepository.java:1147)
	at com.ontotext.trree.OwlimSchemaRepository$4.run(OwlimSchemaRepository.java:2053)
[INFO ] 2022-05-24 20:14:21,202 [Thread-12 | c.o.f.c.s.SemanticDataManagement] Shutting down current semantic location
[INFO ] 2022-05-24 20:14:21,391 [Thread-19 | c.o.t.s.i.PluginManager] Shutting down plugins (DEFAULT)...
[INFO ] 2022-05-24 20:14:21,434 [Thread-19 | c.o.t.b.AVLRepository] NumberOfStatements = 91555
[INFO ] 2022-05-24 20:14:21,434 [Thread-19 | c.o.t.b.AVLRepository] NumberOfExplicitStatements = 88301
[INFO ] 2022-05-24 20:14:21,436 [Thread-19 | c.o.t.f.GraphDBFreeSchemaRepository] Shutting down entity pool
[INFO ] 2022-05-24 20:14:21,448 [Thread-19 | c.o.t.f.GraphDBFreeSchemaRepository] Entity pool was shut down
