[INFO ] 2019-06-13 13:36:00,763 [main | c.o.g.Config] Using 'jar:file:/Applications/GraphDB%20Free.app/Contents/Java/lib/graphdb-application-common-8.8.1.jar!/com/ontotext/graphdb/logback.xml' as logback's configuration file for graphdb
[INFO ] 2019-06-13 13:36:02,062 [Thread-9 | c.o.g.s.GraphDB] Starting GraphDB in native mode.
[INFO ] 2019-06-13 13:36:08,933 [Thread-9 | c.o.g.Config] GraphDB Home directory: /Users/archana/Library/Application Support/GraphDB
[INFO ] 2019-06-13 13:36:08,934 [Thread-9 | c.o.g.Config] GraphDB Config directory: /Users/archana/Library/Application Support/GraphDB/conf
[INFO ] 2019-06-13 13:36:08,934 [Thread-9 | c.o.g.Config] GraphDB Data directory: /Users/archana/Library/Application Support/GraphDB/data
[INFO ] 2019-06-13 13:36:08,934 [Thread-9 | c.o.g.Config] GraphDB Work directory: /Users/archana/Library/Application Support/GraphDB/work
[INFO ] 2019-06-13 13:36:08,934 [Thread-9 | c.o.g.Config] GraphDB Logs directory: /Users/archana/Library/Application Support/GraphDB/logs
[INFO ] 2019-06-13 13:36:14,227 [Thread-9 | c.o.g.s.GraphDB] Started GraphDB in native mode at port 7200.
[WARN ] 2019-06-13 13:36:16,585 [http-nio-7200-exec-3 | o.e.r.s.h.DirectoryLockManager] Removing invalid lock 35101@Archanas-MBP
[INFO ] 2019-06-13 13:36:50,753 [http-nio-7200-exec-1 | c.o.t.f.GraphDBFreeSchemaRepository] Version: 8.8, revision: -1495788453
[INFO ] 2019-06-13 13:36:50,754 [http-nio-7200-exec-1 | c.o.t.f.GraphDBFreeSchemaRepository] Build date: Fri Feb 01 16:01:38 GMT 2019
[INFO ] 2019-06-13 13:36:50,778 [http-nio-7200-exec-1 | c.o.t.f.GraphDBFreeSchemaRepository] Started repository corpus_repo in READ/WRITE mode.
[INFO ] 2019-06-13 13:36:50,780 [http-nio-7200-exec-1 | c.o.c.AbstractParameter] Configured parameter 'partialRDFS' to default value 'false'
[INFO ] 2019-06-13 13:36:50,780 [http-nio-7200-exec-1 | c.o.c.AbstractParameter] Configured parameter 'transaction-isolation' to default value 'true'
[INFO ] 2019-06-13 13:36:50,781 [http-nio-7200-exec-1 | c.o.c.AbstractParameter] Configured parameter 'checkForValidPropertiesAndClasses' to default value 'false'
[INFO ] 2019-06-13 13:36:50,781 [http-nio-7200-exec-1 | c.o.c.AbstractParameter] Configured parameter 'transaction-mode' to default value 'safe'
[INFO ] 2019-06-13 13:36:50,781 [http-nio-7200-exec-1 | c.o.c.AbstractParameter] Configured parameter 'entity-pool-implementation' to default value 'transactional'
[INFO ] 2019-06-13 13:36:50,782 [http-nio-7200-exec-1 | c.o.c.AbstractParameter] Configured parameter 'useShutdownHooks' to default value 'true'
[INFO ] 2019-06-13 13:36:50,786 [http-nio-7200-exec-1 | c.o.GraphDBConfigParameters] Cache pages for tuples: 7829
[INFO ] 2019-06-13 13:36:50,786 [http-nio-7200-exec-1 | c.o.GraphDBConfigParameters] Cache pages for predicates: 1118
[INFO ] 2019-06-13 13:36:50,788 [http-nio-7200-exec-1 | c.o.c.AbstractParameter] Configured parameter 'graphdb.global.page.cache' to default value 'true'
[INFO ] 2019-06-13 13:36:50,820 [http-nio-7200-exec-1 | c.o.t.f.GraphDBFreeSchemaRepository] Detected unclean shutdown
[INFO ] 2019-06-13 13:36:50,821 [http-nio-7200-exec-1 | c.o.c.AbstractParameter] Configured parameter 'graphdb.epool.onheap' to default value 'false'
[INFO ] 2019-06-13 13:36:50,824 [http-nio-7200-exec-1 | c.o.t.e.EntityPoolFactory] Using entity pool implementation: transactional-disk
[INFO ] 2019-06-13 13:36:50,831 [http-nio-7200-exec-1 | c.o.c.AbstractParameter] Configured parameter 'epool.connection.cache.size' to default value '2000'
[INFO ] 2019-06-13 13:36:50,849 [http-nio-7200-exec-1 | c.o.c.AbstractParameter] Configured parameter 'graphdb.epool.onheap' to default value 'false'
[INFO ] 2019-06-13 13:36:51,008 [http-nio-7200-exec-1 | c.o.t.e.u.EntityPoolRestoreUtil] Begin restoring from persistence: hashmap types array
[INFO ] 2019-06-13 13:36:51,153 [http-nio-7200-exec-1 | c.o.t.e.u.EntityPoolRestoreUtil] Done in 144ms.
[INFO ] 2019-06-13 13:36:51,157 [http-nio-7200-exec-1 | c.o.c.AbstractParameter] Configured parameter 'allow-system-entities-as-data' to default value 'false'
[INFO ] 2019-06-13 13:36:51,160 [http-nio-7200-exec-1 | c.o.t.u.l.LimitedObjectCacheFactory] Using LRU cache type: synch
[INFO ] 2019-06-13 13:36:51,163 [http-nio-7200-exec-1 | c.o.c.AbstractParameter] Configured parameter 'enable-pool-reversecache' to default value 'true'
[INFO ] 2019-06-13 13:36:51,175 [http-nio-7200-exec-1 | c.o.c.AbstractParameter] Configured parameter 'cache-ratio-so-os-cso-cos' to default value '[50, 50, 50]'
[INFO ] 2019-06-13 13:36:51,188 [http-nio-7200-exec-1 | c.o.c.AbstractParameter] Configured parameter 'graphdb.global.page.cache' to default value 'true'
[INFO ] 2019-06-13 13:36:51,196 [http-nio-7200-exec-1 | c.o.c.AbstractParameter] Configured parameter 'graphdb.page.cache.size' to default value '1.8G'
[INFO ] 2019-06-13 13:36:51,651 [http-nio-7200-exec-1 | c.o.c.AbstractParameter] Configured parameter 'enable-debug-rules' to default value 'false'
[INFO ] 2019-06-13 13:36:51,663 [http-nio-7200-exec-1 | c.o.t.InferencerFactory] ruleSet=rdfsplus-optimized, partialRdfs=false
[INFO ] 2019-06-13 13:36:51,670 [http-nio-7200-exec-1 | c.o.c.AbstractParameter] Configured parameter 'virtual.repository.mode' to default value 'false'
[INFO ] 2019-06-13 13:36:51,705 [http-nio-7200-exec-1 | c.o.c.AbstractParameter] Configured parameter 'filter.obj.only.hint' to default value 'true'
[INFO ] 2019-06-13 13:36:51,780 [http-nio-7200-exec-1 | c.o.c.AbstractParameter] Configured parameter 'epool.journal.buffer.size' to default value '1024'
[INFO ] 2019-06-13 13:36:51,812 [http-nio-7200-exec-1 | c.o.c.AbstractParameter] Configured parameter 'check.pred.stats' to default value 'false'
[INFO ] 2019-06-13 13:36:51,877 [http-nio-7200-exec-1 | c.o.c.AbstractParameter] Configured parameter 'nonInterpretablePredicates' to default value 'null'
[INFO ] 2019-06-13 13:36:51,878 [http-nio-7200-exec-1 | c.o.c.AbstractParameter] Configured parameter 'disable-plugins' to default value '[]'
[INFO ] 2019-06-13 13:36:51,878 [http-nio-7200-exec-1 | c.o.c.AbstractParameter] Configured parameter 'skip-default-plugins' to default value 'false'
[INFO ] 2019-06-13 13:36:51,878 [http-nio-7200-exec-1 | c.o.t.f.GraphDBFreeSchemaRepository] Searching for plugins available in the classpath...
[INFO ] 2019-06-13 13:36:51,945 [http-nio-7200-exec-1 | c.o.t.s.i.PluginManager] Registering plugin rdfrank
[INFO ] 2019-06-13 13:36:51,946 [http-nio-7200-exec-1 | c.o.t.s.i.PluginManager] Registering plugin direct
[INFO ] 2019-06-13 13:36:51,946 [http-nio-7200-exec-1 | c.o.t.s.i.PluginManager] Registering plugin geospatial
[INFO ] 2019-06-13 13:36:51,947 [http-nio-7200-exec-1 | c.o.t.s.i.PluginManager] Registering plugin notifications
[INFO ] 2019-06-13 13:36:51,947 [http-nio-7200-exec-1 | c.o.t.s.i.PluginManager] Registering plugin expose-entity
[INFO ] 2019-06-13 13:36:51,947 [http-nio-7200-exec-1 | c.o.t.s.i.PluginManager] Registering plugin literals-index
[INFO ] 2019-06-13 13:36:51,947 [http-nio-7200-exec-1 | c.o.t.s.i.PluginManager] Registering plugin script
[INFO ] 2019-06-13 13:36:51,948 [http-nio-7200-exec-1 | c.o.t.s.i.PluginManager] Registering plugin plugincontrol
[INFO ] 2019-06-13 13:36:51,948 [http-nio-7200-exec-1 | c.o.t.s.i.PluginManager] Registering plugin magic-predicates
[INFO ] 2019-06-13 13:36:51,948 [http-nio-7200-exec-1 | c.o.t.s.i.PluginManager] Registering plugin mongodb
[INFO ] 2019-06-13 13:36:51,948 [http-nio-7200-exec-1 | c.o.c.AbstractParameter] Configured parameter 'register-plugins' to default value '[]'
[INFO ] 2019-06-13 13:36:51,952 [http-nio-7200-exec-1 | c.o.GraphDBConfigParameters] Reading external plugins from /Applications/GraphDB Free.app/Contents/Java/lib/plugins
[INFO ] 2019-06-13 13:36:51,953 [http-nio-7200-exec-1 | c.o.c.AbstractParameter] Configured parameter 'register-external-plugins' to default value '[/Applications/GraphDB Free.app/Contents/Java/lib/plugins]'
[INFO ] 2019-06-13 13:36:51,953 [http-nio-7200-exec-1 | c.o.t.f.GraphDBFreeSchemaRepository] Registering external plugins...
[INFO ] 2019-06-13 13:36:51,968 [http-nio-7200-exec-1 | c.o.t.f.GraphDBFreeSchemaRepository] Scanning /Applications/GraphDB Free.app/Contents/Java/lib/plugins/dependencies-plugin for plugins
[INFO ] 2019-06-13 13:36:51,996 [http-nio-7200-exec-1 | c.o.t.s.i.PluginManager] Registering plugin dependencies-plugin
[INFO ] 2019-06-13 13:36:51,996 [http-nio-7200-exec-1 | c.o.t.f.GraphDBFreeSchemaRepository] Scanning /Applications/GraphDB Free.app/Contents/Java/lib/plugins/lucene for plugins
[INFO ] 2019-06-13 13:36:52,040 [http-nio-7200-exec-1 | c.o.t.s.i.PluginManager] Registering plugin lucene
[INFO ] 2019-06-13 13:36:52,040 [http-nio-7200-exec-1 | c.o.t.f.GraphDBFreeSchemaRepository] Scanning /Applications/GraphDB Free.app/Contents/Java/lib/plugins/lucene-connector for plugins
[INFO ] 2019-06-13 13:36:52,113 [http-nio-7200-exec-1 | c.o.t.s.i.PluginManager] Registering plugin lucene-connector
[INFO ] 2019-06-13 13:36:52,113 [http-nio-7200-exec-1 | c.o.t.f.GraphDBFreeSchemaRepository] Scanning /Applications/GraphDB Free.app/Contents/Java/lib/plugins/autocomplete-plugin for plugins
[INFO ] 2019-06-13 13:36:52,133 [http-nio-7200-exec-1 | c.o.t.s.i.PluginManager] Registering plugin autocomplete
[INFO ] 2019-06-13 13:36:52,134 [http-nio-7200-exec-1 | c.o.t.f.GraphDBFreeSchemaRepository] Scanning /Applications/GraphDB Free.app/Contents/Java/lib/plugins/similarity-plugin for plugins
[INFO ] 2019-06-13 13:36:52,160 [http-nio-7200-exec-1 | c.o.t.s.i.PluginManager] Registering plugin similarity
[INFO ] 2019-06-13 13:36:52,162 [http-nio-7200-exec-1 | c.o.t.f.GraphDBFreeSchemaRepository] Scanning /Applications/GraphDB Free.app/Contents/Java/lib/plugins/graphdb-geosparql-plugin for plugins
[INFO ] 2019-06-13 13:36:52,238 [http-nio-7200-exec-1 | c.o.t.s.i.PluginManager] Registering plugin GeoSPARQL
[INFO ] 2019-06-13 13:36:52,238 [http-nio-7200-exec-1 | c.o.t.f.GraphDBFreeSchemaRepository] Scanning /Applications/GraphDB Free.app/Contents/Java/lib/plugins/sparql-mm for plugins
[INFO ] 2019-06-13 13:36:52,247 [http-nio-7200-exec-1 | c.o.t.s.i.PluginManager] Registering plugin sparql-mm
[INFO ] 2019-06-13 13:36:52,248 [http-nio-7200-exec-1 | c.o.t.s.i.PluginManager] Initializing plugins... (DEFAULT)
[INFO ] 2019-06-13 13:36:52,249 [http-nio-7200-exec-1 | c.o.t.s.i.PluginManager] Initializing plugin 'expose-entity'
[INFO ] 2019-06-13 13:36:52,366 [http-nio-7200-exec-1 | c.o.t.s.i.PluginManager] Initializing plugin 'autocomplete'
[INFO ] 2019-06-13 13:36:52,369 [http-nio-7200-exec-1 | c.o.t.p.a.AutocompletePluginUtils] >>>>>>>> AutocompletePlugin: No configuration file found at /Users/archana/Library/Application Support/GraphDB/data/repositories/corpus_repo/storage/autocomplete/config.properties. Assuming default options for plugin.
[INFO ] 2019-06-13 13:36:52,385 [http-nio-7200-exec-1 | c.o.t.s.i.PluginManager] Initializing plugin 'direct'
[INFO ] 2019-06-13 13:36:52,386 [http-nio-7200-exec-1 | c.o.t.s.i.PluginManager] Initializing plugin 'lucene'
[INFO ] 2019-06-13 13:36:52,397 [http-nio-7200-exec-1 | c.o.p.lucene] No Lucene indices were found
[INFO ] 2019-06-13 13:36:52,397 [http-nio-7200-exec-1 | c.o.t.s.i.PluginManager] Initializing plugin 'plugincontrol'
[INFO ] 2019-06-13 13:36:52,398 [http-nio-7200-exec-1 | c.o.t.p.p.PluginControlPlugin] Plugin:plugincontrol initialized
[INFO ] 2019-06-13 13:36:52,400 [http-nio-7200-exec-1 | c.o.t.s.i.PluginManager] Initializing plugin 'script'
[INFO ] 2019-06-13 13:36:52,403 [http-nio-7200-exec-1 | c.o.t.s.i.PluginManager] Initializing plugin 'magic-predicates'
[INFO ] 2019-06-13 13:36:52,404 [http-nio-7200-exec-1 | c.o.p.magic-predicates] Registering InverseMagicPredicate: http://spinrdf.org/spif#foreach
[INFO ] 2019-06-13 13:36:52,406 [http-nio-7200-exec-1 | c.o.p.magic-predicates] Registering TupleFunction: http://jena.hpl.hp.com/ARQ/list#length
[INFO ] 2019-06-13 13:36:52,407 [http-nio-7200-exec-1 | c.o.p.magic-predicates] Registering InverseMagicPredicate: http://jena.hpl.hp.com/ARQ/property#concat
[INFO ] 2019-06-13 13:36:52,407 [http-nio-7200-exec-1 | c.o.p.magic-predicates] Registering InverseMagicPredicate: http://spinrdf.org/spif#for
[INFO ] 2019-06-13 13:36:52,407 [http-nio-7200-exec-1 | c.o.p.magic-predicates] Registering InverseMagicPredicate: http://spinrdf.org/spif#split
[INFO ] 2019-06-13 13:36:52,407 [http-nio-7200-exec-1 | c.o.p.magic-predicates] Registering TupleFunction: http://jena.hpl.hp.com/ARQ/list#member
[INFO ] 2019-06-13 13:36:52,408 [http-nio-7200-exec-1 | c.o.p.magic-predicates] Registering TupleFunction: http://jena.hpl.hp.com/ARQ/list#index
[INFO ] 2019-06-13 13:36:52,411 [http-nio-7200-exec-1 | c.o.p.magic-predicates] Registering InverseMagicPredicate: http://jena.hpl.hp.com/ARQ/property#strSplit
[INFO ] 2019-06-13 13:36:52,412 [http-nio-7200-exec-1 | c.o.t.s.i.PluginManager] Initializing plugin 'literals-index'
[INFO ] 2019-06-13 13:36:52,466 [http-nio-7200-exec-1 | c.o.p.literals-index] Literals indices restored.
[INFO ] 2019-06-13 13:36:52,466 [http-nio-7200-exec-1 | c.o.t.s.i.PluginManager] Initializing plugin 'geospatial'
[INFO ] 2019-06-13 13:36:52,467 [http-nio-7200-exec-1 | c.o.t.p.g.GeoSpatialPlugin] Plugin:geospatial initialized
[INFO ] 2019-06-13 13:36:52,467 [http-nio-7200-exec-1 | c.o.t.s.i.PluginManager] Initializing plugin 'sparql-mm'
[INFO ] 2019-06-13 13:36:52,523 [http-nio-7200-exec-1 | c.o.g.s.FunctionLoader] Registered 48 functions from package com.github.tkurz.sparqlmm.function.
[INFO ] 2019-06-13 13:36:52,524 [http-nio-7200-exec-1 | c.o.t.s.i.PluginManager] Initializing plugin 'dependencies-plugin'
[INFO ] 2019-06-13 13:36:52,528 [http-nio-7200-exec-1 | c.o.t.s.i.PluginManager] Initializing plugin 'similarity'
[INFO ] 2019-06-13 13:36:52,535 [http-nio-7200-exec-1 | c.o.t.s.i.PluginManager] Initializing plugin 'GeoSPARQL'
[INFO ] 2019-06-13 13:36:56,258 [http-nio-7200-exec-1 | c.o.t.g.FunctionLoader] Registered 50 functions from package com.useekm.geosparql.
[INFO ] 2019-06-13 13:36:56,259 [http-nio-7200-exec-1 | c.o.t.s.i.PluginManager] Initializing plugin 'lucene-connector'
[INFO ] 2019-06-13 13:36:56,275 [http-nio-7200-exec-1 | c.o.t.s.i.PluginManager] Initializing plugin 'rdfrank'
[INFO ] 2019-06-13 13:36:56,282 [http-nio-7200-exec-1 | c.o.t.s.i.PluginManager] Initializing plugin 'mongodb'
[INFO ] 2019-06-13 13:36:56,283 [http-nio-7200-exec-1 | c.o.t.s.i.PluginManager] Initializing plugin 'notifications'
[INFO ] 2019-06-13 13:36:56,287 [http-nio-7200-exec-1 | c.o.t.s.i.PluginManager] Finished initializing plugins
[INFO ] 2019-06-13 13:36:56,290 [http-nio-7200-exec-1 | c.o.c.AbstractParameter] Configured parameter 'graphdb.page.cache.size' to default value '1.8G'
[INFO ] 2019-06-13 13:36:56,374 [http-nio-7200-exec-1 | c.o.c.AbstractParameter] Configured parameter 'do.resolve.entities' to default value 'true'
[INFO ] 2019-06-13 13:36:56,374 [http-nio-7200-exec-1 | c.o.c.AbstractParameter] Configured parameter 'do.load.data' to default value 'true'
[INFO ] 2019-06-13 13:36:56,375 [http-nio-7200-exec-1 | c.o.r.p.ParallelLoader] Data will be parsed + resolved + loaded.
[INFO ] 2019-06-13 13:36:56,408 [http-nio-7200-exec-1 | c.o.r.p.ParallelLoader] Using 4 threads for inference
[INFO ] 2019-06-13 13:37:31,504 [http-nio-7200-exec-10 | c.o.t.f.GraphDBFreeSchemaRepository] Version: 8.8, revision: -1495788453
[INFO ] 2019-06-13 13:37:31,505 [http-nio-7200-exec-10 | c.o.t.f.GraphDBFreeSchemaRepository] Build date: Fri Feb 01 16:01:38 GMT 2019
[INFO ] 2019-06-13 13:37:31,513 [http-nio-7200-exec-10 | c.o.t.f.GraphDBFreeSchemaRepository] Started repository flood-repo in READ/WRITE mode.
[INFO ] 2019-06-13 13:37:31,514 [http-nio-7200-exec-10 | c.o.c.AbstractParameter] Configured parameter 'partialRDFS' to default value 'false'
[INFO ] 2019-06-13 13:37:31,515 [http-nio-7200-exec-10 | c.o.c.AbstractParameter] Configured parameter 'transaction-isolation' to default value 'true'
[INFO ] 2019-06-13 13:37:31,516 [http-nio-7200-exec-10 | c.o.c.AbstractParameter] Configured parameter 'checkForValidPropertiesAndClasses' to default value 'false'
[INFO ] 2019-06-13 13:37:31,516 [http-nio-7200-exec-10 | c.o.c.AbstractParameter] Configured parameter 'transaction-mode' to default value 'safe'
[INFO ] 2019-06-13 13:37:31,516 [http-nio-7200-exec-10 | c.o.c.AbstractParameter] Configured parameter 'entity-pool-implementation' to default value 'transactional'
[INFO ] 2019-06-13 13:37:31,517 [http-nio-7200-exec-10 | c.o.c.AbstractParameter] Configured parameter 'useShutdownHooks' to default value 'true'
[INFO ] 2019-06-13 13:37:31,517 [http-nio-7200-exec-10 | c.o.GraphDBConfigParameters] Cache pages for tuples: 7829
[INFO ] 2019-06-13 13:37:31,517 [http-nio-7200-exec-10 | c.o.GraphDBConfigParameters] Cache pages for predicates: 1118
[INFO ] 2019-06-13 13:37:31,517 [http-nio-7200-exec-10 | c.o.c.AbstractParameter] Configured parameter 'graphdb.global.page.cache' to default value 'true'
[INFO ] 2019-06-13 13:37:31,518 [http-nio-7200-exec-10 | c.o.t.f.GraphDBFreeSchemaRepository] Storage folder do not exists and is created: /Users/archana/Library/Application Support/GraphDB/data/repositories/flood-repo/storage
[INFO ] 2019-06-13 13:37:31,519 [http-nio-7200-exec-10 | c.o.c.AbstractParameter] Configured parameter 'graphdb.epool.onheap' to default value 'false'
[INFO ] 2019-06-13 13:37:31,519 [http-nio-7200-exec-10 | c.o.t.e.EntityPoolFactory] Using entity pool implementation: transactional-disk
[INFO ] 2019-06-13 13:37:31,614 [http-nio-7200-exec-10 | c.o.t.InferencerFactory] ruleSet=rdfsplus-optimized, partialRdfs=false
[INFO ] 2019-06-13 13:37:31,739 [http-nio-7200-exec-10 | c.o.c.AbstractParameter] Configured parameter 'nonInterpretablePredicates' to default value 'null'
[INFO ] 2019-06-13 13:37:31,740 [http-nio-7200-exec-10 | c.o.c.AbstractParameter] Configured parameter 'disable-plugins' to default value '[]'
[INFO ] 2019-06-13 13:37:31,740 [http-nio-7200-exec-10 | c.o.c.AbstractParameter] Configured parameter 'skip-default-plugins' to default value 'false'
[INFO ] 2019-06-13 13:37:31,741 [http-nio-7200-exec-10 | c.o.t.f.GraphDBFreeSchemaRepository] Searching for plugins available in the classpath...
[INFO ] 2019-06-13 13:37:31,745 [http-nio-7200-exec-10 | c.o.t.s.i.PluginManager] Registering plugin rdfrank
[INFO ] 2019-06-13 13:37:31,745 [http-nio-7200-exec-10 | c.o.t.s.i.PluginManager] Registering plugin direct
[INFO ] 2019-06-13 13:37:31,745 [http-nio-7200-exec-10 | c.o.t.s.i.PluginManager] Registering plugin geospatial
[INFO ] 2019-06-13 13:37:31,745 [http-nio-7200-exec-10 | c.o.t.s.i.PluginManager] Registering plugin notifications
[INFO ] 2019-06-13 13:37:31,745 [http-nio-7200-exec-10 | c.o.t.s.i.PluginManager] Registering plugin expose-entity
[INFO ] 2019-06-13 13:37:31,745 [http-nio-7200-exec-10 | c.o.t.s.i.PluginManager] Registering plugin literals-index
[INFO ] 2019-06-13 13:37:31,746 [http-nio-7200-exec-10 | c.o.t.s.i.PluginManager] Registering plugin script
[INFO ] 2019-06-13 13:37:31,746 [http-nio-7200-exec-10 | c.o.t.s.i.PluginManager] Registering plugin plugincontrol
[INFO ] 2019-06-13 13:37:31,746 [http-nio-7200-exec-10 | c.o.t.s.i.PluginManager] Registering plugin magic-predicates
[INFO ] 2019-06-13 13:37:31,746 [http-nio-7200-exec-10 | c.o.t.s.i.PluginManager] Registering plugin mongodb
[INFO ] 2019-06-13 13:37:31,746 [http-nio-7200-exec-10 | c.o.c.AbstractParameter] Configured parameter 'register-plugins' to default value '[]'
[INFO ] 2019-06-13 13:37:31,748 [http-nio-7200-exec-10 | c.o.GraphDBConfigParameters] Reading external plugins from /Applications/GraphDB Free.app/Contents/Java/lib/plugins
[INFO ] 2019-06-13 13:37:31,748 [http-nio-7200-exec-10 | c.o.c.AbstractParameter] Configured parameter 'register-external-plugins' to default value '[/Applications/GraphDB Free.app/Contents/Java/lib/plugins]'
[INFO ] 2019-06-13 13:37:31,749 [http-nio-7200-exec-10 | c.o.t.f.GraphDBFreeSchemaRepository] Registering external plugins...
[INFO ] 2019-06-13 13:37:31,750 [http-nio-7200-exec-10 | c.o.t.f.GraphDBFreeSchemaRepository] Scanning /Applications/GraphDB Free.app/Contents/Java/lib/plugins/dependencies-plugin for plugins
[INFO ] 2019-06-13 13:37:31,761 [http-nio-7200-exec-10 | c.o.t.s.i.PluginManager] Registering plugin dependencies-plugin
[INFO ] 2019-06-13 13:37:31,762 [http-nio-7200-exec-10 | c.o.t.f.GraphDBFreeSchemaRepository] Scanning /Applications/GraphDB Free.app/Contents/Java/lib/plugins/lucene for plugins
[INFO ] 2019-06-13 13:37:31,783 [http-nio-7200-exec-10 | c.o.t.s.i.PluginManager] Registering plugin lucene
[INFO ] 2019-06-13 13:37:31,784 [http-nio-7200-exec-10 | c.o.t.f.GraphDBFreeSchemaRepository] Scanning /Applications/GraphDB Free.app/Contents/Java/lib/plugins/lucene-connector for plugins
[INFO ] 2019-06-13 13:37:31,847 [http-nio-7200-exec-10 | c.o.t.s.i.PluginManager] Registering plugin lucene-connector
[INFO ] 2019-06-13 13:37:31,847 [http-nio-7200-exec-10 | c.o.t.f.GraphDBFreeSchemaRepository] Scanning /Applications/GraphDB Free.app/Contents/Java/lib/plugins/autocomplete-plugin for plugins
[INFO ] 2019-06-13 13:37:31,855 [http-nio-7200-exec-10 | c.o.t.s.i.PluginManager] Registering plugin autocomplete
[INFO ] 2019-06-13 13:37:31,855 [http-nio-7200-exec-10 | c.o.t.f.GraphDBFreeSchemaRepository] Scanning /Applications/GraphDB Free.app/Contents/Java/lib/plugins/similarity-plugin for plugins
[INFO ] 2019-06-13 13:37:31,872 [http-nio-7200-exec-10 | c.o.t.s.i.PluginManager] Registering plugin similarity
[INFO ] 2019-06-13 13:37:31,872 [http-nio-7200-exec-10 | c.o.t.f.GraphDBFreeSchemaRepository] Scanning /Applications/GraphDB Free.app/Contents/Java/lib/plugins/graphdb-geosparql-plugin for plugins
[INFO ] 2019-06-13 13:37:31,930 [http-nio-7200-exec-10 | c.o.t.s.i.PluginManager] Registering plugin GeoSPARQL
[INFO ] 2019-06-13 13:37:31,930 [http-nio-7200-exec-10 | c.o.t.f.GraphDBFreeSchemaRepository] Scanning /Applications/GraphDB Free.app/Contents/Java/lib/plugins/sparql-mm for plugins
[INFO ] 2019-06-13 13:37:31,944 [http-nio-7200-exec-10 | c.o.t.s.i.PluginManager] Registering plugin sparql-mm
[INFO ] 2019-06-13 13:37:31,946 [http-nio-7200-exec-10 | c.o.t.s.i.PluginManager] Initializing plugins... (DEFAULT)
[INFO ] 2019-06-13 13:37:31,947 [http-nio-7200-exec-10 | c.o.t.s.i.PluginManager] Initializing plugin 'expose-entity'
[INFO ] 2019-06-13 13:37:31,947 [http-nio-7200-exec-10 | c.o.t.s.i.PluginManager] Initializing plugin 'autocomplete'
[INFO ] 2019-06-13 13:37:31,958 [http-nio-7200-exec-10 | c.o.t.p.a.AutocompletePluginUtils] >>>>>>>> AutocompletePlugin: No configuration file found at /Users/archana/Library/Application Support/GraphDB/data/repositories/flood-repo/storage/autocomplete/config.properties. Assuming default options for plugin.
[INFO ] 2019-06-13 13:37:31,964 [http-nio-7200-exec-10 | c.o.t.s.i.PluginManager] Initializing plugin 'direct'
[INFO ] 2019-06-13 13:37:31,965 [http-nio-7200-exec-10 | c.o.t.s.i.PluginManager] Initializing plugin 'lucene'
[INFO ] 2019-06-13 13:37:31,966 [http-nio-7200-exec-10 | c.o.p.lucene] No Lucene indices were found
[INFO ] 2019-06-13 13:37:31,966 [http-nio-7200-exec-10 | c.o.t.s.i.PluginManager] Initializing plugin 'plugincontrol'
[INFO ] 2019-06-13 13:37:31,966 [http-nio-7200-exec-10 | c.o.t.p.p.PluginControlPlugin] Plugin:plugincontrol initialized
[INFO ] 2019-06-13 13:37:31,967 [http-nio-7200-exec-10 | c.o.t.s.i.PluginManager] Initializing plugin 'script'
[INFO ] 2019-06-13 13:37:31,967 [http-nio-7200-exec-10 | c.o.t.s.i.PluginManager] Initializing plugin 'magic-predicates'
[INFO ] 2019-06-13 13:37:31,967 [http-nio-7200-exec-10 | c.o.p.magic-predicates] Registering InverseMagicPredicate: http://spinrdf.org/spif#foreach
[INFO ] 2019-06-13 13:37:31,967 [http-nio-7200-exec-10 | c.o.p.magic-predicates] Registering TupleFunction: http://jena.hpl.hp.com/ARQ/list#length
[INFO ] 2019-06-13 13:37:31,967 [http-nio-7200-exec-10 | c.o.p.magic-predicates] Registering InverseMagicPredicate: http://jena.hpl.hp.com/ARQ/property#concat
[INFO ] 2019-06-13 13:37:31,968 [http-nio-7200-exec-10 | c.o.p.magic-predicates] Registering InverseMagicPredicate: http://spinrdf.org/spif#for
[INFO ] 2019-06-13 13:37:31,968 [http-nio-7200-exec-10 | c.o.p.magic-predicates] Registering InverseMagicPredicate: http://spinrdf.org/spif#split
[INFO ] 2019-06-13 13:37:31,968 [http-nio-7200-exec-10 | c.o.p.magic-predicates] Registering TupleFunction: http://jena.hpl.hp.com/ARQ/list#member
[INFO ] 2019-06-13 13:37:31,968 [http-nio-7200-exec-10 | c.o.p.magic-predicates] Registering TupleFunction: http://jena.hpl.hp.com/ARQ/list#index
[INFO ] 2019-06-13 13:37:31,968 [http-nio-7200-exec-10 | c.o.p.magic-predicates] Registering InverseMagicPredicate: http://jena.hpl.hp.com/ARQ/property#strSplit
[INFO ] 2019-06-13 13:37:31,969 [http-nio-7200-exec-10 | c.o.t.s.i.PluginManager] Initializing plugin 'literals-index'
[WARN ] 2019-06-13 13:37:31,973 [http-nio-7200-exec-10 | c.o.p.literals-index] Rebuilding literals indexes. Starting from id:1
[WARN ] 2019-06-13 13:37:31,984 [http-nio-7200-exec-10 | c.o.p.literals-index] Complete in 0.011, num entries indexed:0
[INFO ] 2019-06-13 13:37:31,993 [http-nio-7200-exec-10 | c.o.t.s.i.PluginManager] Initializing plugin 'geospatial'
[INFO ] 2019-06-13 13:37:31,994 [http-nio-7200-exec-10 | c.o.t.p.g.GeoSpatialPlugin] Plugin:geospatial initialized
[INFO ] 2019-06-13 13:37:31,995 [http-nio-7200-exec-10 | c.o.t.s.i.PluginManager] Initializing plugin 'sparql-mm'
[INFO ] 2019-06-13 13:37:32,045 [http-nio-7200-exec-10 | c.o.g.s.FunctionLoader] Registered 48 functions from package com.github.tkurz.sparqlmm.function.
[INFO ] 2019-06-13 13:37:32,046 [http-nio-7200-exec-10 | c.o.t.s.i.PluginManager] Initializing plugin 'dependencies-plugin'
[INFO ] 2019-06-13 13:37:32,047 [http-nio-7200-exec-10 | c.o.t.s.i.PluginManager] Initializing plugin 'similarity'
[INFO ] 2019-06-13 13:37:32,051 [http-nio-7200-exec-10 | c.o.t.s.i.PluginManager] Initializing plugin 'GeoSPARQL'
[INFO ] 2019-06-13 13:37:34,471 [http-nio-7200-exec-10 | c.o.t.g.FunctionLoader] Registered 50 functions from package com.useekm.geosparql.
[INFO ] 2019-06-13 13:37:34,472 [http-nio-7200-exec-10 | c.o.t.s.i.PluginManager] Initializing plugin 'lucene-connector'
[INFO ] 2019-06-13 13:37:34,491 [http-nio-7200-exec-10 | c.o.t.s.i.PluginManager] Initializing plugin 'rdfrank'
[INFO ] 2019-06-13 13:37:34,495 [http-nio-7200-exec-10 | c.o.t.s.i.PluginManager] Initializing plugin 'mongodb'
[INFO ] 2019-06-13 13:37:34,495 [http-nio-7200-exec-10 | c.o.t.s.i.PluginManager] Initializing plugin 'notifications'
[INFO ] 2019-06-13 13:37:34,495 [http-nio-7200-exec-10 | c.o.t.s.i.PluginManager] Finished initializing plugins
[INFO ] 2019-06-13 13:37:34,496 [http-nio-7200-exec-10 | c.o.c.AbstractParameter] Configured parameter 'graphdb.page.cache.size' to default value '1.8G'
[INFO ] 2019-06-13 13:37:34,552 [http-nio-7200-exec-10 | c.o.r.p.ParallelLoader] Using 4 threads for inference
[INFO ] 2019-06-13 13:52:12,622 [import-task-flood-repo-1 | c.o.c.AbstractParameter] Configured parameter 'use.parallel.file.inserts' to default value 'true'
[INFO ] 2019-06-13 13:52:12,652 [import-task-flood-repo-1 | c.o.c.AbstractParameter] Configured parameter 'custom.validation.queries.file' to default value 'null'
[ERROR] 2019-06-13 13:56:17,153 [import-task-flood-repo-1 | c.o.f.i.FileImportRunnableTask] Could not import file
java.lang.IllegalArgumentException: Illegal character in path at index 13: Organisations that attended Tadcaster during the flooding clean-up or during collapse of bridge
	at java.net.URI.create(URI.java:852)
	at java.net.URI.resolve(URI.java:1036)
	at com.github.jsonldjava.utils.JsonLdUrl.resolve(JsonLdUrl.java:274)
	at com.github.jsonldjava.core.Context.expandIri(Context.java:539)
	at com.github.jsonldjava.core.JsonLdApi.expand(JsonLdApi.java:584)
	at com.github.jsonldjava.core.JsonLdApi.expand(JsonLdApi.java:847)
	at com.github.jsonldjava.core.JsonLdApi.expand(JsonLdApi.java:847)
	at com.github.jsonldjava.core.JsonLdApi.expand(JsonLdApi.java:847)
	at com.github.jsonldjava.core.JsonLdApi.expand(JsonLdApi.java:522)
	at com.github.jsonldjava.core.JsonLdApi.expand(JsonLdApi.java:1025)
	at com.github.jsonldjava.core.JsonLdProcessor.expand(JsonLdProcessor.java:149)
	at com.github.jsonldjava.core.JsonLdProcessor.toRDF(JsonLdProcessor.java:528)
	at org.eclipse.rdf4j.rio.jsonld.JSONLDParser.parse(JSONLDParser.java:71)
	at org.eclipse.rdf4j.repository.util.RDFLoader.loadInputStreamOrReader(RDFLoader.java:286)
	at org.eclipse.rdf4j.repository.util.RDFLoader.load(RDFLoader.java:197)
	at org.eclipse.rdf4j.repository.base.AbstractRepositoryConnection.add(AbstractRepositoryConnection.java:329)
	at com.ontotext.trree.monitorRepository.MonitorRepositoryConnection.add(MonitorRepositoryConnection.java:177)
	at com.ontotext.trree.parallel.ParallelRDFLoader.add(ParallelRDFLoader.java:125)
	at com.ontotext.trree.parallel.ParallelRDFLoader.add(ParallelRDFLoader.java:54)
	at com.ontotext.forest.impex.ParallelAwareImporter.lambda$add$5(ParallelAwareImporter.java:107)
	at com.ontotext.forest.impex.ParallelAwareImporter.wrapInBeginCommit(ParallelAwareImporter.java:128)
	at com.ontotext.forest.impex.ParallelAwareImporter.add(ParallelAwareImporter.java:89)
	at com.ontotext.forest.impex.FileImportRunnableTask.load(FileImportRunnableTask.java:36)
	at com.ontotext.forest.impex.ImportRunnableTask.run(ImportRunnableTask.java:82)
	at java.util.concurrent.Executors$RunnableAdapter.call(Executors.java:511)
	at java.util.concurrent.FutureTask.run(FutureTask.java:266)
	at java.util.concurrent.ThreadPoolExecutor.runWorker(ThreadPoolExecutor.java:1142)
	at java.util.concurrent.ThreadPoolExecutor$Worker.run(ThreadPoolExecutor.java:617)
	at java.lang.Thread.run(Thread.java:745)
Caused by: java.net.URISyntaxException: Illegal character in path at index 13: Organisations that attended Tadcaster during the flooding clean-up or during collapse of bridge
	at java.net.URI$Parser.fail(URI.java:2848)
	at java.net.URI$Parser.checkChars(URI.java:3021)
	at java.net.URI$Parser.parseHierarchical(URI.java:3105)
	at java.net.URI$Parser.parse(URI.java:3063)
	at java.net.URI.<init>(URI.java:588)
	at java.net.URI.create(URI.java:850)
	... 28 common frames omitted
[ERROR] 2019-06-13 13:56:17,288 [import-task-flood-repo-1 | c.o.f.i.FileImportRunnableTask] Could not import file
java.lang.IllegalArgumentException: Illegal character in path at index 5: River flow
	at java.net.URI.create(URI.java:852)
	at java.net.URI.resolve(URI.java:1036)
	at com.github.jsonldjava.utils.JsonLdUrl.resolve(JsonLdUrl.java:274)
	at com.github.jsonldjava.core.Context.expandIri(Context.java:539)
	at com.github.jsonldjava.core.JsonLdApi.expand(JsonLdApi.java:584)
	at com.github.jsonldjava.core.JsonLdApi.expand(JsonLdApi.java:847)
	at com.github.jsonldjava.core.JsonLdApi.expand(JsonLdApi.java:847)
	at com.github.jsonldjava.core.JsonLdApi.expand(JsonLdApi.java:847)
	at com.github.jsonldjava.core.JsonLdApi.expand(JsonLdApi.java:522)
	at com.github.jsonldjava.core.JsonLdApi.expand(JsonLdApi.java:1025)
	at com.github.jsonldjava.core.JsonLdProcessor.expand(JsonLdProcessor.java:149)
	at com.github.jsonldjava.core.JsonLdProcessor.toRDF(JsonLdProcessor.java:528)
	at org.eclipse.rdf4j.rio.jsonld.JSONLDParser.parse(JSONLDParser.java:71)
	at org.eclipse.rdf4j.repository.util.RDFLoader.loadInputStreamOrReader(RDFLoader.java:286)
	at org.eclipse.rdf4j.repository.util.RDFLoader.load(RDFLoader.java:197)
	at org.eclipse.rdf4j.repository.base.AbstractRepositoryConnection.add(AbstractRepositoryConnection.java:329)
	at com.ontotext.trree.monitorRepository.MonitorRepositoryConnection.add(MonitorRepositoryConnection.java:177)
	at com.ontotext.trree.parallel.ParallelRDFLoader.add(ParallelRDFLoader.java:125)
	at com.ontotext.trree.parallel.ParallelRDFLoader.add(ParallelRDFLoader.java:54)
	at com.ontotext.forest.impex.ParallelAwareImporter.lambda$add$5(ParallelAwareImporter.java:107)
	at com.ontotext.forest.impex.ParallelAwareImporter.wrapInBeginCommit(ParallelAwareImporter.java:128)
	at com.ontotext.forest.impex.ParallelAwareImporter.add(ParallelAwareImporter.java:89)
	at com.ontotext.forest.impex.FileImportRunnableTask.load(FileImportRunnableTask.java:36)
	at com.ontotext.forest.impex.ImportRunnableTask.run(ImportRunnableTask.java:82)
	at java.util.concurrent.Executors$RunnableAdapter.call(Executors.java:511)
	at java.util.concurrent.FutureTask.run(FutureTask.java:266)
	at java.util.concurrent.ThreadPoolExecutor.runWorker(ThreadPoolExecutor.java:1142)
	at java.util.concurrent.ThreadPoolExecutor$Worker.run(ThreadPoolExecutor.java:617)
	at java.lang.Thread.run(Thread.java:745)
Caused by: java.net.URISyntaxException: Illegal character in path at index 5: River flow
	at java.net.URI$Parser.fail(URI.java:2848)
	at java.net.URI$Parser.checkChars(URI.java:3021)
	at java.net.URI$Parser.parseHierarchical(URI.java:3105)
	at java.net.URI$Parser.parse(URI.java:3063)
	at java.net.URI.<init>(URI.java:588)
	at java.net.URI.create(URI.java:850)
	... 28 common frames omitted
[ERROR] 2019-06-13 13:56:17,437 [import-task-flood-repo-1 | c.o.f.i.FileImportRunnableTask] Could not import file
java.lang.IllegalArgumentException: Illegal character in path at index 3: The river levels in the mid and lower catchments
	at java.net.URI.create(URI.java:852)
	at java.net.URI.resolve(URI.java:1036)
	at com.github.jsonldjava.utils.JsonLdUrl.resolve(JsonLdUrl.java:274)
	at com.github.jsonldjava.core.Context.expandIri(Context.java:539)
	at com.github.jsonldjava.core.JsonLdApi.expand(JsonLdApi.java:584)
	at com.github.jsonldjava.core.JsonLdApi.expand(JsonLdApi.java:847)
	at com.github.jsonldjava.core.JsonLdApi.expand(JsonLdApi.java:847)
	at com.github.jsonldjava.core.JsonLdApi.expand(JsonLdApi.java:847)
	at com.github.jsonldjava.core.JsonLdApi.expand(JsonLdApi.java:522)
	at com.github.jsonldjava.core.JsonLdApi.expand(JsonLdApi.java:1025)
	at com.github.jsonldjava.core.JsonLdProcessor.expand(JsonLdProcessor.java:149)
	at com.github.jsonldjava.core.JsonLdProcessor.toRDF(JsonLdProcessor.java:528)
	at org.eclipse.rdf4j.rio.jsonld.JSONLDParser.parse(JSONLDParser.java:71)
	at org.eclipse.rdf4j.repository.util.RDFLoader.loadInputStreamOrReader(RDFLoader.java:286)
	at org.eclipse.rdf4j.repository.util.RDFLoader.load(RDFLoader.java:197)
	at org.eclipse.rdf4j.repository.base.AbstractRepositoryConnection.add(AbstractRepositoryConnection.java:329)
	at com.ontotext.trree.monitorRepository.MonitorRepositoryConnection.add(MonitorRepositoryConnection.java:177)
	at com.ontotext.trree.parallel.ParallelRDFLoader.add(ParallelRDFLoader.java:125)
	at com.ontotext.trree.parallel.ParallelRDFLoader.add(ParallelRDFLoader.java:54)
	at com.ontotext.forest.impex.ParallelAwareImporter.lambda$add$5(ParallelAwareImporter.java:107)
	at com.ontotext.forest.impex.ParallelAwareImporter.wrapInBeginCommit(ParallelAwareImporter.java:128)
	at com.ontotext.forest.impex.ParallelAwareImporter.add(ParallelAwareImporter.java:89)
	at com.ontotext.forest.impex.FileImportRunnableTask.load(FileImportRunnableTask.java:36)
	at com.ontotext.forest.impex.ImportRunnableTask.run(ImportRunnableTask.java:82)
	at java.util.concurrent.Executors$RunnableAdapter.call(Executors.java:511)
	at java.util.concurrent.FutureTask.run(FutureTask.java:266)
	at java.util.concurrent.ThreadPoolExecutor.runWorker(ThreadPoolExecutor.java:1142)
	at java.util.concurrent.ThreadPoolExecutor$Worker.run(ThreadPoolExecutor.java:617)
	at java.lang.Thread.run(Thread.java:745)
Caused by: java.net.URISyntaxException: Illegal character in path at index 3: The river levels in the mid and lower catchments
	at java.net.URI$Parser.fail(URI.java:2848)
	at java.net.URI$Parser.checkChars(URI.java:3021)
	at java.net.URI$Parser.parseHierarchical(URI.java:3105)
	at java.net.URI$Parser.parse(URI.java:3063)
	at java.net.URI.<init>(URI.java:588)
	at java.net.URI.create(URI.java:850)
	... 28 common frames omitted
[ERROR] 2019-06-13 13:56:17,571 [import-task-flood-repo-1 | c.o.f.i.FileImportRunnableTask] Could not import file
java.lang.IllegalArgumentException: Illegal character in path at index 3: Low flows
	at java.net.URI.create(URI.java:852)
	at java.net.URI.resolve(URI.java:1036)
	at com.github.jsonldjava.utils.JsonLdUrl.resolve(JsonLdUrl.java:274)
	at com.github.jsonldjava.core.Context.expandIri(Context.java:539)
	at com.github.jsonldjava.core.JsonLdApi.expand(JsonLdApi.java:584)
	at com.github.jsonldjava.core.JsonLdApi.expand(JsonLdApi.java:847)
	at com.github.jsonldjava.core.JsonLdApi.expand(JsonLdApi.java:847)
	at com.github.jsonldjava.core.JsonLdApi.expand(JsonLdApi.java:847)
	at com.github.jsonldjava.core.JsonLdApi.expand(JsonLdApi.java:522)
	at com.github.jsonldjava.core.JsonLdApi.expand(JsonLdApi.java:1025)
	at com.github.jsonldjava.core.JsonLdProcessor.expand(JsonLdProcessor.java:149)
	at com.github.jsonldjava.core.JsonLdProcessor.toRDF(JsonLdProcessor.java:528)
	at org.eclipse.rdf4j.rio.jsonld.JSONLDParser.parse(JSONLDParser.java:71)
	at org.eclipse.rdf4j.repository.util.RDFLoader.loadInputStreamOrReader(RDFLoader.java:286)
	at org.eclipse.rdf4j.repository.util.RDFLoader.load(RDFLoader.java:197)
	at org.eclipse.rdf4j.repository.base.AbstractRepositoryConnection.add(AbstractRepositoryConnection.java:329)
	at com.ontotext.trree.monitorRepository.MonitorRepositoryConnection.add(MonitorRepositoryConnection.java:177)
	at com.ontotext.trree.parallel.ParallelRDFLoader.add(ParallelRDFLoader.java:125)
	at com.ontotext.trree.parallel.ParallelRDFLoader.add(ParallelRDFLoader.java:54)
	at com.ontotext.forest.impex.ParallelAwareImporter.lambda$add$5(ParallelAwareImporter.java:107)
	at com.ontotext.forest.impex.ParallelAwareImporter.wrapInBeginCommit(ParallelAwareImporter.java:128)
	at com.ontotext.forest.impex.ParallelAwareImporter.add(ParallelAwareImporter.java:89)
	at com.ontotext.forest.impex.FileImportRunnableTask.load(FileImportRunnableTask.java:36)
	at com.ontotext.forest.impex.ImportRunnableTask.run(ImportRunnableTask.java:82)
	at java.util.concurrent.Executors$RunnableAdapter.call(Executors.java:511)
	at java.util.concurrent.FutureTask.run(FutureTask.java:266)
	at java.util.concurrent.ThreadPoolExecutor.runWorker(ThreadPoolExecutor.java:1142)
	at java.util.concurrent.ThreadPoolExecutor$Worker.run(ThreadPoolExecutor.java:617)
	at java.lang.Thread.run(Thread.java:745)
Caused by: java.net.URISyntaxException: Illegal character in path at index 3: Low flows
	at java.net.URI$Parser.fail(URI.java:2848)
	at java.net.URI$Parser.checkChars(URI.java:3021)
	at java.net.URI$Parser.parseHierarchical(URI.java:3105)
	at java.net.URI$Parser.parse(URI.java:3063)
	at java.net.URI.<init>(URI.java:588)
	at java.net.URI.create(URI.java:850)
	... 28 common frames omitted
[ERROR] 2019-06-13 13:57:51,316 [import-task-flood-repo-1 | c.o.f.i.FileImportRunnableTask] Could not import file
java.lang.IllegalArgumentException: Illegal character in path at index 4: Near continuous wet weather from November falling on already saturated ground ensured flows
	at java.net.URI.create(URI.java:852)
	at java.net.URI.resolve(URI.java:1036)
	at com.github.jsonldjava.utils.JsonLdUrl.resolve(JsonLdUrl.java:274)
	at com.github.jsonldjava.core.Context.expandIri(Context.java:539)
	at com.github.jsonldjava.core.JsonLdApi.expand(JsonLdApi.java:584)
	at com.github.jsonldjava.core.JsonLdApi.expand(JsonLdApi.java:847)
	at com.github.jsonldjava.core.JsonLdApi.expand(JsonLdApi.java:847)
	at com.github.jsonldjava.core.JsonLdApi.expand(JsonLdApi.java:847)
	at com.github.jsonldjava.core.JsonLdApi.expand(JsonLdApi.java:522)
	at com.github.jsonldjava.core.JsonLdApi.expand(JsonLdApi.java:1025)
	at com.github.jsonldjava.core.JsonLdProcessor.expand(JsonLdProcessor.java:149)
	at com.github.jsonldjava.core.JsonLdProcessor.toRDF(JsonLdProcessor.java:528)
	at org.eclipse.rdf4j.rio.jsonld.JSONLDParser.parse(JSONLDParser.java:71)
	at org.eclipse.rdf4j.repository.util.RDFLoader.loadInputStreamOrReader(RDFLoader.java:286)
	at org.eclipse.rdf4j.repository.util.RDFLoader.load(RDFLoader.java:197)
	at org.eclipse.rdf4j.repository.base.AbstractRepositoryConnection.add(AbstractRepositoryConnection.java:329)
	at com.ontotext.trree.monitorRepository.MonitorRepositoryConnection.add(MonitorRepositoryConnection.java:177)
	at com.ontotext.trree.parallel.ParallelRDFLoader.add(ParallelRDFLoader.java:125)
	at com.ontotext.trree.parallel.ParallelRDFLoader.add(ParallelRDFLoader.java:54)
	at com.ontotext.forest.impex.ParallelAwareImporter.lambda$add$5(ParallelAwareImporter.java:107)
	at com.ontotext.forest.impex.ParallelAwareImporter.wrapInBeginCommit(ParallelAwareImporter.java:128)
	at com.ontotext.forest.impex.ParallelAwareImporter.add(ParallelAwareImporter.java:89)
	at com.ontotext.forest.impex.FileImportRunnableTask.load(FileImportRunnableTask.java:36)
	at com.ontotext.forest.impex.ImportRunnableTask.run(ImportRunnableTask.java:82)
	at java.util.concurrent.Executors$RunnableAdapter.call(Executors.java:511)
	at java.util.concurrent.FutureTask.run(FutureTask.java:266)
	at java.util.concurrent.ThreadPoolExecutor.runWorker(ThreadPoolExecutor.java:1142)
	at java.util.concurrent.ThreadPoolExecutor$Worker.run(ThreadPoolExecutor.java:617)
	at java.lang.Thread.run(Thread.java:745)
Caused by: java.net.URISyntaxException: Illegal character in path at index 4: Near continuous wet weather from November falling on already saturated ground ensured flows
	at java.net.URI$Parser.fail(URI.java:2848)
	at java.net.URI$Parser.checkChars(URI.java:3021)
	at java.net.URI$Parser.parseHierarchical(URI.java:3105)
	at java.net.URI$Parser.parse(URI.java:3063)
	at java.net.URI.<init>(URI.java:588)
	at java.net.URI.create(URI.java:850)
	... 28 common frames omitted
