[INFO ] 2022-03-18 10:43:49,680 [JavaFX Application Thread | c.o.g.s.GraphDB] Stopping GraphDB.
[INFO ] 2022-03-18 10:43:49,952 [JavaFX Application Thread | c.o.f.c.s.SemanticDataManagement] Shutting down current semantic location
[INFO ] 2022-03-18 10:43:50,188 [JavaFX Application Thread | c.o.t.s.i.PluginManager] Shutting down plugins (DEFAULT)...
[INFO ] 2022-03-18 10:43:50,413 [JavaFX Application Thread | c.o.t.b.AVLRepository] NumberOfStatements = 7191
[INFO ] 2022-03-18 10:43:50,413 [JavaFX Application Thread | c.o.t.b.AVLRepository] NumberOfExplicitStatements = 4724
[INFO ] 2022-03-18 10:43:50,420 [JavaFX Application Thread | c.o.t.f.GraphDBFreeSchemaRepository] Shutting down entity pool
[INFO ] 2022-03-18 10:43:50,591 [JavaFX Application Thread | c.o.t.f.GraphDBFreeSchemaRepository] Entity pool was shut down
[WARN ] 2022-03-18 10:43:50,693 [JavaFX Application Thread | o.a.c.l.WebappClassLoaderBase] The web application [ROOT] appears to have started a thread named [Import cleanup thread] but has failed to stop it. This is very likely to create a memory leak. Stack trace of thread:
 java.lang.Thread.sleep(Native Method)
 com.ontotext.forest.impex.ExecutorProvider.lambda$initCleanupPools$1(ExecutorProvider.java:26)
 com.ontotext.forest.impex.ExecutorProvider$$Lambda$302/475579491.run(Unknown Source)
 java.lang.Thread.run(Thread.java:745)
[WARN ] 2022-03-18 10:43:50,695 [JavaFX Application Thread | o.a.c.l.WebappClassLoaderBase] The web application [ROOT] appears to have started a thread named [pool-3-thread-1] but has failed to stop it. This is very likely to create a memory leak. Stack trace of thread:
 sun.misc.Unsafe.park(Native Method)
 java.util.concurrent.locks.LockSupport.parkNanos(LockSupport.java:215)
 java.util.concurrent.locks.AbstractQueuedSynchronizer$ConditionObject.awaitNanos(AbstractQueuedSynchronizer.java:2078)
 java.util.concurrent.ScheduledThreadPoolExecutor$DelayedWorkQueue.take(ScheduledThreadPoolExecutor.java:1093)
 java.util.concurrent.ScheduledThreadPoolExecutor$DelayedWorkQueue.take(ScheduledThreadPoolExecutor.java:809)
 java.util.concurrent.ThreadPoolExecutor.getTask(ThreadPoolExecutor.java:1067)
 java.util.concurrent.ThreadPoolExecutor.runWorker(ThreadPoolExecutor.java:1127)
 java.util.concurrent.ThreadPoolExecutor$Worker.run(ThreadPoolExecutor.java:617)
 java.lang.Thread.run(Thread.java:745)
[WARN ] 2022-03-18 10:43:50,696 [JavaFX Application Thread | o.a.c.l.WebappClassLoaderBase] The web application [ROOT] appears to have started a thread named [pool-2-thread-1] but has failed to stop it. This is very likely to create a memory leak. Stack trace of thread:
 sun.misc.Unsafe.park(Native Method)
 java.util.concurrent.locks.LockSupport.parkNanos(LockSupport.java:215)
 java.util.concurrent.locks.AbstractQueuedSynchronizer$ConditionObject.awaitNanos(AbstractQueuedSynchronizer.java:2078)
 java.util.concurrent.ScheduledThreadPoolExecutor$DelayedWorkQueue.take(ScheduledThreadPoolExecutor.java:1093)
 java.util.concurrent.ScheduledThreadPoolExecutor$DelayedWorkQueue.take(ScheduledThreadPoolExecutor.java:809)
 java.util.concurrent.ThreadPoolExecutor.getTask(ThreadPoolExecutor.java:1067)
 java.util.concurrent.ThreadPoolExecutor.runWorker(ThreadPoolExecutor.java:1127)
 java.util.concurrent.ThreadPoolExecutor$Worker.run(ThreadPoolExecutor.java:617)
 java.lang.Thread.run(Thread.java:745)
[WARN ] 2022-03-18 10:43:50,698 [JavaFX Application Thread | o.a.c.l.WebappClassLoaderBase] The web application [ROOT] appears to have started a thread named [import-task-Biodiversity_repo-1] but has failed to stop it. This is very likely to create a memory leak. Stack trace of thread:
 sun.misc.Unsafe.park(Native Method)
 java.util.concurrent.locks.LockSupport.park(LockSupport.java:175)
 java.util.concurrent.locks.AbstractQueuedSynchronizer$ConditionObject.await(AbstractQueuedSynchronizer.java:2039)
 java.util.concurrent.LinkedBlockingQueue.take(LinkedBlockingQueue.java:442)
 java.util.concurrent.ThreadPoolExecutor.getTask(ThreadPoolExecutor.java:1067)
 java.util.concurrent.ThreadPoolExecutor.runWorker(ThreadPoolExecutor.java:1127)
 java.util.concurrent.ThreadPoolExecutor$Worker.run(ThreadPoolExecutor.java:617)
 java.lang.Thread.run(Thread.java:745)
[WARN ] 2022-03-18 10:43:50,699 [JavaFX Application Thread | o.a.c.l.WebappClassLoaderBase] The web application [ROOT] appears to have started a thread named [import-task-Biodiversity_repo-1] but has failed to stop it. This is very likely to create a memory leak. Stack trace of thread:
 sun.misc.Unsafe.park(Native Method)
 java.util.concurrent.locks.LockSupport.park(LockSupport.java:175)
 java.util.concurrent.locks.AbstractQueuedSynchronizer$ConditionObject.await(AbstractQueuedSynchronizer.java:2039)
 java.util.concurrent.LinkedBlockingQueue.take(LinkedBlockingQueue.java:442)
 java.util.concurrent.ThreadPoolExecutor.getTask(ThreadPoolExecutor.java:1067)
 java.util.concurrent.ThreadPoolExecutor.runWorker(ThreadPoolExecutor.java:1127)
 java.util.concurrent.ThreadPoolExecutor$Worker.run(ThreadPoolExecutor.java:617)
 java.lang.Thread.run(Thread.java:745)
