[INFO ] 2022-02-21 11:30:32,828 [main | c.o.g.Config] Using 'jar:file:/Applications/GraphDB%20Free.app/Contents/Java/lib/graphdb-application-common-8.8.1.jar!/com/ontotext/graphdb/logback.xml' as logback's configuration file for graphdb
[INFO ] 2022-02-21 11:30:34,775 [Thread-9 | c.o.g.s.GraphDB] Starting GraphDB in native mode.
[INFO ] 2022-02-21 11:30:43,890 [Thread-9 | c.o.g.Config] GraphDB Home directory: /Users/archana/Library/Application Support/GraphDB
[INFO ] 2022-02-21 11:30:43,892 [Thread-9 | c.o.g.Config] GraphDB Config directory: /Users/archana/Library/Application Support/GraphDB/conf
[INFO ] 2022-02-21 11:30:43,892 [Thread-9 | c.o.g.Config] GraphDB Data directory: /Users/archana/Library/Application Support/GraphDB/data
[INFO ] 2022-02-21 11:30:43,892 [Thread-9 | c.o.g.Config] GraphDB Work directory: /Users/archana/Library/Application Support/GraphDB/work
[INFO ] 2022-02-21 11:30:43,892 [Thread-9 | c.o.g.Config] GraphDB Logs directory: /Users/archana/Library/Application Support/GraphDB/logs
[INFO ] 2022-02-21 11:31:02,401 [Thread-9 | c.o.g.s.GraphDB] Started GraphDB in native mode at port 7200.
[INFO ] 2022-02-21 11:31:11,235 [http-nio-7200-exec-8 | c.o.t.f.GraphDBFreeSchemaRepository] Version: 8.8, revision: -1495788453
[INFO ] 2022-02-21 11:31:11,235 [http-nio-7200-exec-8 | c.o.t.f.GraphDBFreeSchemaRepository] Build date: Fri Feb 01 16:01:38 GMT 2019
[INFO ] 2022-02-21 11:31:11,255 [http-nio-7200-exec-8 | c.o.t.f.GraphDBFreeSchemaRepository] Started repository Biodiversity_repo in READ/WRITE mode.
[INFO ] 2022-02-21 11:31:11,267 [http-nio-7200-exec-8 | c.o.c.AbstractParameter] Configured parameter 'partialRDFS' to default value 'false'
[INFO ] 2022-02-21 11:31:11,267 [http-nio-7200-exec-8 | c.o.c.AbstractParameter] Configured parameter 'transaction-isolation' to default value 'true'
[INFO ] 2022-02-21 11:31:11,267 [http-nio-7200-exec-8 | c.o.c.AbstractParameter] Configured parameter 'checkForValidPropertiesAndClasses' to default value 'false'
[INFO ] 2022-02-21 11:31:11,268 [http-nio-7200-exec-8 | c.o.c.AbstractParameter] Configured parameter 'transaction-mode' to default value 'safe'
[INFO ] 2022-02-21 11:31:11,270 [http-nio-7200-exec-8 | c.o.c.AbstractParameter] Configured parameter 'entity-pool-implementation' to default value 'transactional'
[INFO ] 2022-02-21 11:31:11,271 [http-nio-7200-exec-8 | c.o.c.AbstractParameter] Configured parameter 'useShutdownHooks' to default value 'true'
[INFO ] 2022-02-21 11:31:11,274 [http-nio-7200-exec-8 | c.o.GraphDBConfigParameters] Cache pages for tuples: 7829
[INFO ] 2022-02-21 11:31:11,274 [http-nio-7200-exec-8 | c.o.GraphDBConfigParameters] Cache pages for predicates: 1118
[INFO ] 2022-02-21 11:31:11,276 [http-nio-7200-exec-8 | c.o.c.AbstractParameter] Configured parameter 'graphdb.global.page.cache' to default value 'true'
[INFO ] 2022-02-21 11:31:11,303 [http-nio-7200-exec-8 | c.o.c.AbstractParameter] Configured parameter 'graphdb.epool.onheap' to default value 'false'
[INFO ] 2022-02-21 11:31:11,304 [http-nio-7200-exec-8 | c.o.t.e.EntityPoolFactory] Using entity pool implementation: transactional-disk
[INFO ] 2022-02-21 11:31:11,309 [http-nio-7200-exec-8 | c.o.c.AbstractParameter] Configured parameter 'epool.connection.cache.size' to default value '2000'
[INFO ] 2022-02-21 11:31:11,323 [http-nio-7200-exec-8 | c.o.c.AbstractParameter] Configured parameter 'graphdb.epool.onheap' to default value 'false'
[INFO ] 2022-02-21 11:31:11,372 [http-nio-7200-exec-8 | c.o.t.e.i.m.PersistedHashMap] Restoring entity hash table...
[INFO ] 2022-02-21 11:31:11,514 [http-nio-7200-exec-8 | c.o.t.e.i.m.PersistedHashMap] Restored 4133 entities allocating 12.0 MB
[INFO ] 2022-02-21 11:31:11,516 [http-nio-7200-exec-8 | c.o.t.e.i.m.PersistedHashMap] Done in 141 ms.
[INFO ] 2022-02-21 11:31:11,636 [http-nio-7200-exec-8 | c.o.c.AbstractParameter] Configured parameter 'allow-system-entities-as-data' to default value 'false'
[INFO ] 2022-02-21 11:31:11,640 [http-nio-7200-exec-8 | c.o.t.u.l.LimitedObjectCacheFactory] Using LRU cache type: synch
[INFO ] 2022-02-21 11:31:11,643 [http-nio-7200-exec-8 | c.o.c.AbstractParameter] Configured parameter 'enable-pool-reversecache' to default value 'true'
[INFO ] 2022-02-21 11:31:11,670 [http-nio-7200-exec-8 | c.o.c.AbstractParameter] Configured parameter 'cache-ratio-so-os-cso-cos' to default value '[50, 50, 50]'
[INFO ] 2022-02-21 11:31:11,693 [http-nio-7200-exec-8 | c.o.c.AbstractParameter] Configured parameter 'graphdb.global.page.cache' to default value 'true'
[INFO ] 2022-02-21 11:31:11,707 [http-nio-7200-exec-8 | c.o.c.AbstractParameter] Configured parameter 'graphdb.page.cache.size' to default value '1.8G'
[WARN ] 2022-02-21 11:31:12,141 [http-nio-7200-exec-8 | c.o.t.f.GraphDBFreeSchemaRepository] Rule list configuration present, it will override all other rule sets parameters!
[INFO ] 2022-02-21 11:31:12,145 [http-nio-7200-exec-8 | c.o.c.AbstractParameter] Configured parameter 'virtual.repository.mode' to default value 'false'
[INFO ] 2022-02-21 11:31:12,223 [http-nio-7200-exec-8 | c.o.c.AbstractParameter] Configured parameter 'epool.journal.buffer.size' to default value '1024'
[INFO ] 2022-02-21 11:31:12,250 [http-nio-7200-exec-8 | c.o.c.AbstractParameter] Configured parameter 'enable-debug-rules' to default value 'false'
[INFO ] 2022-02-21 11:31:12,259 [http-nio-7200-exec-8 | c.o.t.InferencerFactory] ruleSet=rdfsplus-optimized, partialRdfs=false
[INFO ] 2022-02-21 11:31:12,280 [http-nio-7200-exec-8 | c.o.c.AbstractParameter] Configured parameter 'filter.obj.only.hint' to default value 'true'
[INFO ] 2022-02-21 11:31:12,312 [http-nio-7200-exec-8 | c.o.c.AbstractParameter] Configured parameter 'check.pred.stats' to default value 'false'
[INFO ] 2022-02-21 11:31:12,362 [http-nio-7200-exec-8 | c.o.c.AbstractParameter] Configured parameter 'nonInterpretablePredicates' to default value 'null'
[INFO ] 2022-02-21 11:31:12,363 [http-nio-7200-exec-8 | c.o.c.AbstractParameter] Configured parameter 'disable-plugins' to default value '[]'
[INFO ] 2022-02-21 11:31:12,363 [http-nio-7200-exec-8 | c.o.c.AbstractParameter] Configured parameter 'skip-default-plugins' to default value 'false'
[INFO ] 2022-02-21 11:31:12,363 [http-nio-7200-exec-8 | c.o.t.f.GraphDBFreeSchemaRepository] Searching for plugins available in the classpath...
[INFO ] 2022-02-21 11:31:12,415 [http-nio-7200-exec-8 | c.o.t.s.i.PluginManager] Registering plugin rdfrank
[INFO ] 2022-02-21 11:31:12,415 [http-nio-7200-exec-8 | c.o.t.s.i.PluginManager] Registering plugin direct
[INFO ] 2022-02-21 11:31:12,415 [http-nio-7200-exec-8 | c.o.t.s.i.PluginManager] Registering plugin geospatial
[INFO ] 2022-02-21 11:31:12,415 [http-nio-7200-exec-8 | c.o.t.s.i.PluginManager] Registering plugin notifications
[INFO ] 2022-02-21 11:31:12,415 [http-nio-7200-exec-8 | c.o.t.s.i.PluginManager] Registering plugin expose-entity
[INFO ] 2022-02-21 11:31:12,415 [http-nio-7200-exec-8 | c.o.t.s.i.PluginManager] Registering plugin literals-index
[INFO ] 2022-02-21 11:31:12,416 [http-nio-7200-exec-8 | c.o.t.s.i.PluginManager] Registering plugin script
[INFO ] 2022-02-21 11:31:12,416 [http-nio-7200-exec-8 | c.o.t.s.i.PluginManager] Registering plugin plugincontrol
[INFO ] 2022-02-21 11:31:12,416 [http-nio-7200-exec-8 | c.o.t.s.i.PluginManager] Registering plugin magic-predicates
[INFO ] 2022-02-21 11:31:12,416 [http-nio-7200-exec-8 | c.o.t.s.i.PluginManager] Registering plugin mongodb
[INFO ] 2022-02-21 11:31:12,416 [http-nio-7200-exec-8 | c.o.c.AbstractParameter] Configured parameter 'register-plugins' to default value '[]'
[INFO ] 2022-02-21 11:31:12,417 [http-nio-7200-exec-8 | c.o.GraphDBConfigParameters] Reading external plugins from /Applications/GraphDB Free.app/Contents/Java/lib/plugins
[INFO ] 2022-02-21 11:31:12,418 [http-nio-7200-exec-8 | c.o.c.AbstractParameter] Configured parameter 'register-external-plugins' to default value '[/Applications/GraphDB Free.app/Contents/Java/lib/plugins]'
[INFO ] 2022-02-21 11:31:12,418 [http-nio-7200-exec-8 | c.o.t.f.GraphDBFreeSchemaRepository] Registering external plugins...
[INFO ] 2022-02-21 11:31:12,418 [http-nio-7200-exec-8 | c.o.t.f.GraphDBFreeSchemaRepository] Scanning /Applications/GraphDB Free.app/Contents/Java/lib/plugins/dependencies-plugin for plugins
[INFO ] 2022-02-21 11:31:12,431 [http-nio-7200-exec-8 | c.o.t.s.i.PluginManager] Registering plugin dependencies-plugin
[INFO ] 2022-02-21 11:31:12,431 [http-nio-7200-exec-8 | c.o.t.f.GraphDBFreeSchemaRepository] Scanning /Applications/GraphDB Free.app/Contents/Java/lib/plugins/lucene for plugins
[INFO ] 2022-02-21 11:31:12,474 [http-nio-7200-exec-8 | c.o.t.s.i.PluginManager] Registering plugin lucene
[INFO ] 2022-02-21 11:31:12,475 [http-nio-7200-exec-8 | c.o.t.f.GraphDBFreeSchemaRepository] Scanning /Applications/GraphDB Free.app/Contents/Java/lib/plugins/lucene-connector for plugins
[INFO ] 2022-02-21 11:31:12,566 [http-nio-7200-exec-8 | c.o.t.s.i.PluginManager] Registering plugin lucene-connector
[INFO ] 2022-02-21 11:31:12,566 [http-nio-7200-exec-8 | c.o.t.f.GraphDBFreeSchemaRepository] Scanning /Applications/GraphDB Free.app/Contents/Java/lib/plugins/autocomplete-plugin for plugins
[INFO ] 2022-02-21 11:31:12,579 [http-nio-7200-exec-8 | c.o.t.s.i.PluginManager] Registering plugin autocomplete
[INFO ] 2022-02-21 11:31:12,579 [http-nio-7200-exec-8 | c.o.t.f.GraphDBFreeSchemaRepository] Scanning /Applications/GraphDB Free.app/Contents/Java/lib/plugins/similarity-plugin for plugins
[INFO ] 2022-02-21 11:31:12,610 [http-nio-7200-exec-8 | c.o.t.s.i.PluginManager] Registering plugin similarity
[INFO ] 2022-02-21 11:31:12,610 [http-nio-7200-exec-8 | c.o.t.f.GraphDBFreeSchemaRepository] Scanning /Applications/GraphDB Free.app/Contents/Java/lib/plugins/graphdb-geosparql-plugin for plugins
[INFO ] 2022-02-21 11:31:12,667 [http-nio-7200-exec-8 | c.o.t.s.i.PluginManager] Registering plugin GeoSPARQL
[INFO ] 2022-02-21 11:31:12,667 [http-nio-7200-exec-8 | c.o.t.f.GraphDBFreeSchemaRepository] Scanning /Applications/GraphDB Free.app/Contents/Java/lib/plugins/sparql-mm for plugins
[INFO ] 2022-02-21 11:31:12,677 [http-nio-7200-exec-8 | c.o.t.s.i.PluginManager] Registering plugin sparql-mm
[INFO ] 2022-02-21 11:31:12,678 [http-nio-7200-exec-8 | c.o.t.s.i.PluginManager] Initializing plugins... (DEFAULT)
[INFO ] 2022-02-21 11:31:12,678 [http-nio-7200-exec-8 | c.o.t.s.i.PluginManager] Initializing plugin 'expose-entity'
[INFO ] 2022-02-21 11:31:12,751 [http-nio-7200-exec-8 | c.o.t.s.i.PluginManager] Initializing plugin 'autocomplete'
[INFO ] 2022-02-21 11:31:12,754 [http-nio-7200-exec-8 | c.o.t.p.a.AutocompletePluginUtils] >>>>>>>> AutocompletePlugin: No configuration file found at /Users/archana/Library/Application Support/GraphDB/data/repositories/Biodiversity_repo/storage/autocomplete/config.properties. Assuming default options for plugin.
[INFO ] 2022-02-21 11:31:12,758 [http-nio-7200-exec-8 | c.o.t.s.i.PluginManager] Initializing plugin 'direct'
[INFO ] 2022-02-21 11:31:12,760 [http-nio-7200-exec-8 | c.o.t.s.i.PluginManager] Initializing plugin 'lucene'
[INFO ] 2022-02-21 11:31:12,762 [http-nio-7200-exec-8 | c.o.p.lucene] No Lucene indices were found
[INFO ] 2022-02-21 11:31:12,763 [http-nio-7200-exec-8 | c.o.t.s.i.PluginManager] Initializing plugin 'plugincontrol'
[INFO ] 2022-02-21 11:31:12,764 [http-nio-7200-exec-8 | c.o.t.p.p.PluginControlPlugin] Plugin:plugincontrol initialized
[INFO ] 2022-02-21 11:31:12,764 [http-nio-7200-exec-8 | c.o.t.s.i.PluginManager] Initializing plugin 'script'
[INFO ] 2022-02-21 11:31:12,764 [http-nio-7200-exec-8 | c.o.t.s.i.PluginManager] Initializing plugin 'magic-predicates'
[INFO ] 2022-02-21 11:31:12,764 [http-nio-7200-exec-8 | c.o.p.magic-predicates] Registering InverseMagicPredicate: http://spinrdf.org/spif#foreach
[INFO ] 2022-02-21 11:31:12,776 [http-nio-7200-exec-8 | c.o.p.magic-predicates] Registering TupleFunction: http://jena.hpl.hp.com/ARQ/list#length
[INFO ] 2022-02-21 11:31:12,793 [http-nio-7200-exec-8 | c.o.p.magic-predicates] Registering InverseMagicPredicate: http://jena.hpl.hp.com/ARQ/property#concat
[INFO ] 2022-02-21 11:31:12,794 [http-nio-7200-exec-8 | c.o.p.magic-predicates] Registering InverseMagicPredicate: http://spinrdf.org/spif#for
[INFO ] 2022-02-21 11:31:12,794 [http-nio-7200-exec-8 | c.o.p.magic-predicates] Registering InverseMagicPredicate: http://spinrdf.org/spif#split
[INFO ] 2022-02-21 11:31:12,794 [http-nio-7200-exec-8 | c.o.p.magic-predicates] Registering TupleFunction: http://jena.hpl.hp.com/ARQ/list#member
[INFO ] 2022-02-21 11:31:12,794 [http-nio-7200-exec-8 | c.o.p.magic-predicates] Registering TupleFunction: http://jena.hpl.hp.com/ARQ/list#index
[INFO ] 2022-02-21 11:31:12,794 [http-nio-7200-exec-8 | c.o.p.magic-predicates] Registering InverseMagicPredicate: http://jena.hpl.hp.com/ARQ/property#strSplit
[INFO ] 2022-02-21 11:31:12,794 [http-nio-7200-exec-8 | c.o.t.s.i.PluginManager] Initializing plugin 'literals-index'
[INFO ] 2022-02-21 11:31:12,807 [http-nio-7200-exec-8 | c.o.p.literals-index] Literals indices restored.
[INFO ] 2022-02-21 11:31:12,808 [http-nio-7200-exec-8 | c.o.t.s.i.PluginManager] Initializing plugin 'geospatial'
[INFO ] 2022-02-21 11:31:12,809 [http-nio-7200-exec-8 | c.o.t.p.g.GeoSpatialPlugin] Plugin:geospatial initialized
[INFO ] 2022-02-21 11:31:12,810 [http-nio-7200-exec-8 | c.o.t.s.i.PluginManager] Initializing plugin 'sparql-mm'
[INFO ] 2022-02-21 11:31:12,845 [http-nio-7200-exec-8 | c.o.g.s.FunctionLoader] Registered 48 functions from package com.github.tkurz.sparqlmm.function.
[INFO ] 2022-02-21 11:31:12,846 [http-nio-7200-exec-8 | c.o.t.s.i.PluginManager] Initializing plugin 'dependencies-plugin'
[INFO ] 2022-02-21 11:31:12,863 [http-nio-7200-exec-8 | c.o.t.p.d.DependenciesPlugin] Dependency graph was restored from cache
[INFO ] 2022-02-21 11:31:12,863 [http-nio-7200-exec-8 | c.o.t.s.i.PluginManager] Initializing plugin 'similarity'
[INFO ] 2022-02-21 11:31:12,871 [http-nio-7200-exec-8 | c.o.t.s.i.PluginManager] Initializing plugin 'GeoSPARQL'
[INFO ] 2022-02-21 11:31:14,929 [http-nio-7200-exec-8 | c.o.t.g.FunctionLoader] Registered 50 functions from package com.useekm.geosparql.
[INFO ] 2022-02-21 11:31:14,929 [http-nio-7200-exec-8 | c.o.t.s.i.PluginManager] Initializing plugin 'lucene-connector'
[INFO ] 2022-02-21 11:31:14,939 [http-nio-7200-exec-8 | c.o.t.s.i.PluginManager] Initializing plugin 'rdfrank'
[INFO ] 2022-02-21 11:31:14,943 [http-nio-7200-exec-8 | c.o.t.s.i.PluginManager] Initializing plugin 'mongodb'
[INFO ] 2022-02-21 11:31:14,944 [http-nio-7200-exec-8 | c.o.t.s.i.PluginManager] Initializing plugin 'notifications'
[INFO ] 2022-02-21 11:31:14,945 [http-nio-7200-exec-8 | c.o.t.s.i.PluginManager] Finished initializing plugins
[INFO ] 2022-02-21 11:31:14,946 [http-nio-7200-exec-8 | c.o.c.AbstractParameter] Configured parameter 'graphdb.page.cache.size' to default value '1.8G'
[INFO ] 2022-02-21 11:31:15,056 [http-nio-7200-exec-8 | c.o.c.AbstractParameter] Configured parameter 'do.resolve.entities' to default value 'true'
[INFO ] 2022-02-21 11:31:15,057 [http-nio-7200-exec-8 | c.o.c.AbstractParameter] Configured parameter 'do.load.data' to default value 'true'
[INFO ] 2022-02-21 11:31:15,057 [http-nio-7200-exec-8 | c.o.r.p.ParallelLoader] Data will be parsed + resolved + loaded.
[INFO ] 2022-02-21 11:31:15,096 [http-nio-7200-exec-8 | c.o.r.p.ParallelLoader] Using 4 threads for inference
[INFO ] 2022-02-21 11:31:15,288 [repositories/Biodiversity_repo | o.e.r.h.s.r.n.NamespacesController] GET namespace list
[INFO ] 2022-02-21 11:31:15,291 [repositories/Biodiversity_repo | c.o.c.AbstractParameter] Configured parameter 'use.parallel.file.inserts' to default value 'true'
[INFO ] 2022-02-21 11:31:15,303 [repositories/Biodiversity_repo | c.o.c.AbstractParameter] Configured parameter 'custom.validation.queries.file' to default value 'null'
[INFO ] 2022-02-21 11:31:15,422 [http-nio-7200-exec-3 | c.o.c.AbstractParameter] Configured parameter 'deduplicate.construct' to default value 'true'
[INFO ] 2022-02-21 11:31:15,434 [repositories/Biodiversity_repo | o.e.r.h.s.r.TupleQueryResultView] Request for query 3392903 is finished
[INFO ] 2022-02-21 11:31:15,443 [http-nio-7200-exec-3 | c.o.c.AbstractParameter] Configured parameter 'reuse.vars.in.subselects' to default value 'false'
[INFO ] 2022-02-21 11:31:15,487 [http-nio-7200-exec-3 | c.o.c.AbstractParameter] Configured parameter 'in-clause-max-members' to default value '16'
[INFO ] 2022-02-21 11:31:15,487 [http-nio-7200-exec-3 | c.o.c.AbstractParameter] Configured parameter 'query.convert.values.clause' to default value 'true'
[INFO ] 2022-02-21 11:31:15,498 [http-nio-7200-exec-3 | c.o.c.AbstractParameter] Configured parameter 'merge.join' to default value 'false'
[INFO ] 2022-02-21 11:31:15,500 [http-nio-7200-exec-3 | c.o.c.AbstractParameter] Configured parameter 'PTO' to default value '2'
[INFO ] 2022-02-21 11:31:15,500 [http-nio-7200-exec-3 | c.o.c.AbstractParameter] Configured parameter 'FSIPC' to default value '2'
[INFO ] 2022-02-21 11:37:03,734 [repositories/Biodiversity_repo | o.e.r.h.s.r.n.NamespacesController] GET namespace list
[INFO ] 2022-02-21 11:37:03,737 [repositories/Biodiversity_repo | o.e.r.h.s.r.TupleQueryResultView] Request for query 3392903 is finished
[INFO ] 2022-02-21 16:23:10,450 [Thread-12 | c.o.g.s.GraphDB] Stopping GraphDB.
[INFO ] 2022-02-21 16:23:10,554 [Thread-12 | c.o.f.c.s.SemanticDataManagement] Shutting down current semantic location
[INFO ] 2022-02-21 16:23:10,782 [Thread-19 | c.o.t.s.i.PluginManager] Shutting down plugins (DEFAULT)...
[INFO ] 2022-02-21 16:23:10,819 [Thread-19 | c.o.t.b.AVLRepository] NumberOfStatements = 4635
[INFO ] 2022-02-21 16:23:10,819 [Thread-19 | c.o.t.b.AVLRepository] NumberOfExplicitStatements = 2229
[INFO ] 2022-02-21 16:23:10,820 [Thread-19 | c.o.t.f.GraphDBFreeSchemaRepository] Shutting down entity pool
[INFO ] 2022-02-21 16:23:10,835 [Thread-19 | c.o.t.f.GraphDBFreeSchemaRepository] Entity pool was shut down
