[INFO ] 2019-06-24 13:40:20,040 [repositories/flood-repo | o.e.r.h.s.r.n.NamespacesController] GET namespace list
[INFO ] 2019-06-24 13:40:20,066 [repositories/flood-repo | o.e.r.h.s.r.TupleQueryResultView] Request for query 3392903 is finished
[INFO ] 2019-06-24 13:40:23,275 [repositories/flood-repo | o.e.r.h.s.r.TupleQueryResultView] Request for query 3392903 is finished
[INFO ] 2019-06-24 13:40:26,884 [repositories/flood-repo | o.e.r.h.s.r.n.NamespacesController] GET namespace list
[INFO ] 2019-06-24 13:40:26,886 [repositories/flood-repo | o.e.r.h.s.r.TupleQueryResultView] Request for query 3392903 is finished
[INFO ] 2019-06-24 13:41:13,325 [repositories/flood-repo | o.e.r.h.s.r.TupleQueryResultView] Request for query 3392903 is finished
[INFO ] 2019-06-24 13:41:16,098 [repositories/flood-repo | o.e.r.h.s.r.n.NamespacesController] GET namespace list
[INFO ] 2019-06-24 13:41:16,099 [repositories/flood-repo | o.e.r.h.s.r.TupleQueryResultView] Request for query 3392903 is finished
[INFO ] 2019-06-24 13:41:30,610 [repositories/flood-repo | o.e.r.h.s.r.TupleQueryResultView] Request for query 3392903 is finished
[INFO ] 2019-06-24 13:41:32,886 [repositories/flood-repo | o.e.r.h.s.r.n.NamespacesController] GET namespace list
[INFO ] 2019-06-24 13:41:32,887 [repositories/flood-repo | o.e.r.h.s.r.TupleQueryResultView] Request for query 3392903 is finished
[INFO ] 2019-06-24 13:42:31,613 [repositories/flood-repo | o.e.r.h.s.r.TupleQueryResultView] Request for query 3392903 is finished
[INFO ] 2019-06-24 13:42:34,596 [repositories/flood-repo | o.e.r.h.s.r.n.NamespacesController] GET namespace list
[INFO ] 2019-06-24 13:42:34,597 [repositories/flood-repo | o.e.r.h.s.r.TupleQueryResultView] Request for query 3392903 is finished
[INFO ] 2019-06-24 13:42:40,027 [repositories/flood-repo | o.e.r.h.s.r.TupleQueryResultView] Request for query 3392903 is finished
[INFO ] 2019-06-24 13:43:04,260 [repositories/flood-repo | o.e.r.h.s.r.n.NamespacesController] GET namespace list
[INFO ] 2019-06-24 13:43:04,261 [repositories/flood-repo | o.e.r.h.s.r.TupleQueryResultView] Request for query 3392903 is finished
[INFO ] 2019-06-24 13:43:28,084 [repositories/flood-repo | o.e.r.h.s.r.TupleQueryResultView] Request for query 3392903 is finished
[INFO ] 2019-06-24 13:43:30,969 [repositories/flood-repo | o.e.r.h.s.r.n.NamespacesController] GET namespace list
[INFO ] 2019-06-24 13:43:30,971 [repositories/flood-repo | o.e.r.h.s.r.TupleQueryResultView] Request for query 3392903 is finished
[INFO ] 2019-06-24 13:43:34,321 [repositories/flood-repo | o.e.r.h.s.r.TupleQueryResultView] Request for query 3392903 is finished
[INFO ] 2019-06-24 13:43:36,269 [repositories/flood-repo | o.e.r.h.s.r.n.NamespacesController] GET namespace list
[INFO ] 2019-06-24 13:43:36,270 [repositories/flood-repo | o.e.r.h.s.r.TupleQueryResultView] Request for query 3392903 is finished
[INFO ] 2019-06-24 13:43:52,793 [repositories/flood-repo | o.e.r.h.s.r.TupleQueryResultView] Request for query 3392903 is finished
[INFO ] 2019-06-24 13:43:54,792 [repositories/flood-repo | o.e.r.h.s.r.n.NamespacesController] GET namespace list
[INFO ] 2019-06-24 13:43:54,792 [repositories/flood-repo | o.e.r.h.s.r.TupleQueryResultView] Request for query 3392903 is finished
[INFO ] 2019-06-24 13:43:57,483 [repositories/flood-repo | o.e.r.h.s.r.TupleQueryResultView] Request for query 3392903 is finished
[INFO ] 2019-06-24 13:43:59,194 [repositories/flood-repo | o.e.r.h.s.r.n.NamespacesController] GET namespace list
[INFO ] 2019-06-24 13:43:59,195 [repositories/flood-repo | o.e.r.h.s.r.TupleQueryResultView] Request for query 3392903 is finished
[INFO ] 2019-06-24 13:44:31,852 [repositories/flood-repo | o.e.r.h.s.r.TupleQueryResultView] Request for query 3392903 is finished
[INFO ] 2019-06-24 13:44:36,626 [repositories/flood-repo | o.e.r.h.s.r.n.NamespacesController] GET namespace list
[INFO ] 2019-06-24 13:44:36,628 [repositories/flood-repo | o.e.r.h.s.r.TupleQueryResultView] Request for query 3392903 is finished
[INFO ] 2019-06-24 13:44:38,705 [repositories/flood-repo | o.e.r.h.s.r.TupleQueryResultView] Request for query 3392903 is finished
[INFO ] 2019-06-24 13:44:44,250 [repositories/flood-repo | o.e.r.h.s.r.n.NamespacesController] GET namespace list
[INFO ] 2019-06-24 13:44:44,252 [repositories/flood-repo | o.e.r.h.s.r.TupleQueryResultView] Request for query 3392903 is finished
[INFO ] 2019-06-24 13:45:05,013 [repositories/flood-repo | o.e.r.h.s.r.TupleQueryResultView] Request for query 3392903 is finished
[INFO ] 2019-06-24 13:45:09,135 [repositories/flood-repo | o.e.r.h.s.r.n.NamespacesController] GET namespace list
[INFO ] 2019-06-24 13:45:09,136 [repositories/flood-repo | o.e.r.h.s.r.TupleQueryResultView] Request for query 3392903 is finished
[INFO ] 2019-06-24 13:45:11,613 [repositories/flood-repo | o.e.r.h.s.r.TupleQueryResultView] Request for query 3392903 is finished
[INFO ] 2019-06-24 13:45:15,205 [repositories/flood-repo | o.e.r.h.s.r.n.NamespacesController] GET namespace list
[INFO ] 2019-06-24 13:45:15,206 [repositories/flood-repo | o.e.r.h.s.r.TupleQueryResultView] Request for query 3392903 is finished
[INFO ] 2019-06-24 13:45:35,760 [repositories/flood-repo | o.e.r.h.s.r.TupleQueryResultView] Request for query 3392903 is finished
[INFO ] 2019-06-24 13:45:40,974 [repositories/flood-repo | o.e.r.h.s.r.n.NamespacesController] GET namespace list
[INFO ] 2019-06-24 13:45:40,976 [repositories/flood-repo | o.e.r.h.s.r.TupleQueryResultView] Request for query 3392903 is finished
[INFO ] 2019-06-24 13:45:43,402 [repositories/flood-repo | o.e.r.h.s.r.TupleQueryResultView] Request for query 3392903 is finished
[INFO ] 2019-06-24 13:45:48,673 [repositories/flood-repo | o.e.r.h.s.r.n.NamespacesController] GET namespace list
[INFO ] 2019-06-24 13:45:48,674 [repositories/flood-repo | o.e.r.h.s.r.TupleQueryResultView] Request for query 3392903 is finished
[INFO ] 2019-06-24 13:45:51,229 [repositories/flood-repo | o.e.r.h.s.r.TupleQueryResultView] Request for query 3392903 is finished
[INFO ] 2019-06-24 13:45:55,529 [repositories/flood-repo | o.e.r.h.s.r.n.NamespacesController] GET namespace list
[INFO ] 2019-06-24 13:45:55,530 [repositories/flood-repo | o.e.r.h.s.r.TupleQueryResultView] Request for query 3392903 is finished
[INFO ] 2019-06-24 14:28:35,587 [repositories/flood-repo | c.o.f.s.RepositoryController] POST query 389864504
[INFO ] 2019-06-24 14:28:35,612 [repositories/flood-repo | c.o.g.s.TupleQueryResultView] Request for query 1906672532 is finished
[INFO ] 2019-06-24 14:28:35,776 [repositories/flood-repo | c.o.f.s.RepositoryController] POST query 1906672532
[INFO ] 2019-06-24 14:28:35,789 [repositories/flood-repo | c.o.g.s.TupleQueryResultView] Request for query 1906672532 is finished
[INFO ] 2019-06-24 14:28:57,682 [repositories/flood-repo | c.o.f.s.RepositoryController] POST query 2028350906
[INFO ] 2019-06-24 14:28:57,721 [repositories/flood-repo | c.o.g.s.TupleQueryResultView] Request for query 1906672532 is finished
[INFO ] 2019-06-24 14:28:57,765 [repositories/flood-repo | c.o.f.s.RepositoryController] POST query 1906672532
[INFO ] 2019-06-24 14:28:57,773 [repositories/flood-repo | c.o.g.s.TupleQueryResultView] Request for query 1906672532 is finished
[INFO ] 2019-06-24 14:29:07,924 [repositories/flood-repo | c.o.f.s.RepositoryController] POST query 2028380697
[INFO ] 2019-06-24 14:29:07,938 [repositories/flood-repo | c.o.g.s.TupleQueryResultView] Request for query 1906672532 is finished
[INFO ] 2019-06-24 14:29:07,981 [repositories/flood-repo | c.o.f.s.RepositoryController] POST query 1906672532
[INFO ] 2019-06-24 14:29:07,990 [repositories/flood-repo | c.o.g.s.TupleQueryResultView] Request for query 1906672532 is finished
[INFO ] 2019-06-24 14:52:11,499 [repositories/flood-repo | c.o.f.s.RepositoryController] POST query -1806219060
[INFO ] 2019-06-24 14:52:11,520 [repositories/flood-repo | c.o.g.s.TupleQueryResultView] Request for query -1838229208 is finished
[INFO ] 2019-06-24 14:52:33,345 [repositories/flood-repo | c.o.f.s.RepositoryController] POST query 1066349087
[INFO ] 2019-06-24 14:52:33,354 [repositories/flood-repo | c.o.g.s.TupleQueryResultView] Request for query 717733435 is finished
[INFO ] 2019-06-24 14:52:37,923 [repositories/flood-repo | c.o.f.s.RepositoryController] POST query 760222193
[INFO ] 2019-06-24 14:52:37,929 [repositories/flood-repo | c.o.g.s.TupleQueryResultView] Request for query 915725453 is finished
[INFO ] 2019-06-24 14:52:57,222 [repositories/flood-repo | c.o.f.s.RepositoryController] POST query -433770488
[INFO ] 2019-06-24 14:52:57,230 [repositories/flood-repo | c.o.g.s.TupleQueryResultView] Request for query 761092964 is finished
[INFO ] 2019-06-24 14:53:07,699 [repositories/flood-repo | c.o.f.s.RepositoryController] POST query -1806219060
[INFO ] 2019-06-24 14:53:07,707 [repositories/flood-repo | c.o.g.s.TupleQueryResultView] Request for query -1838229208 is finished
[INFO ] 2019-06-24 14:53:13,144 [repositories/flood-repo | c.o.f.s.RepositoryController] POST query 848484842
[INFO ] 2019-06-24 14:53:13,148 [repositories/flood-repo | c.o.g.s.TupleQueryResultView] Request for query 727291846 is finished
[INFO ] 2019-06-24 14:53:22,323 [repositories/flood-repo | c.o.f.s.RepositoryController] POST query -1251651243
[INFO ] 2019-06-24 14:53:22,334 [repositories/flood-repo | c.o.g.s.TupleQueryResultView] Request for query 762005745 is finished
[INFO ] 2019-06-24 14:53:48,855 [repositories/flood-repo | c.o.f.s.RepositoryController] POST query 1631529330
[INFO ] 2019-06-24 14:53:48,873 [repositories/flood-repo | c.o.g.s.TupleQueryResultView] Request for query 531771726 is finished
[INFO ] 2019-06-24 14:54:05,496 [repositories/flood-repo | c.o.f.s.RepositoryController] POST query 15839699
[INFO ] 2019-06-24 14:54:05,504 [repositories/flood-repo | c.o.g.s.TupleQueryResultView] Request for query 941657839 is finished
[INFO ] 2019-06-24 14:54:17,633 [repositories/flood-repo | c.o.f.s.RepositoryController] POST query 1000893687
[INFO ] 2019-06-24 14:54:17,637 [repositories/flood-repo | c.o.g.s.TupleQueryResultView] Request for query 843851539 is finished
[INFO ] 2019-06-24 14:54:47,857 [repositories/flood-repo | c.o.f.s.RepositoryController] POST query -536179599
[INFO ] 2019-06-24 14:54:47,916 [repositories/flood-repo | c.o.g.s.TupleQueryResultView] Request for query 1856927501 is finished
[INFO ] 2019-06-24 14:55:07,046 [repositories/flood-repo | c.o.f.s.RepositoryController] POST query 828492799
[INFO ] 2019-06-24 14:55:07,048 [repositories/flood-repo | c.o.g.s.TupleQueryResultView] Request for query 1213673499 is finished
[INFO ] 2019-06-24 14:55:20,160 [repositories/flood-repo | c.o.f.s.RepositoryController] POST query 704679288
[INFO ] 2019-06-24 14:55:20,163 [repositories/flood-repo | c.o.g.s.TupleQueryResultView] Request for query 718914772 is finished
[INFO ] 2019-06-24 14:55:24,007 [repositories/flood-repo | c.o.f.s.RepositoryController] POST query -951864660
[INFO ] 2019-06-24 14:55:24,070 [repositories/flood-repo | c.o.g.s.TupleQueryResultView] Request for query -535028984 is finished
[INFO ] 2019-06-24 14:55:39,804 [repositories/flood-repo | c.o.f.s.RepositoryController] POST query -1497809626
[INFO ] 2019-06-24 14:55:39,809 [repositories/flood-repo | c.o.g.s.TupleQueryResultView] Request for query 1774949890 is finished
[INFO ] 2019-06-24 14:56:01,194 [repositories/flood-repo | c.o.f.s.RepositoryController] POST query -111119189
[INFO ] 2019-06-24 14:56:01,198 [repositories/flood-repo | c.o.g.s.TupleQueryResultView] Request for query 398753735 is finished
[INFO ] 2019-06-24 14:56:05,120 [repositories/flood-repo | c.o.f.s.RepositoryController] POST query -165023432
[INFO ] 2019-06-24 14:56:05,124 [repositories/flood-repo | c.o.g.s.TupleQueryResultView] Request for query 754505876 is finished
[INFO ] 2019-06-24 14:56:09,871 [repositories/flood-repo | c.o.f.s.RepositoryController] POST query -194937703
[INFO ] 2019-06-24 14:56:09,875 [repositories/flood-repo | c.o.g.s.GraphQueryResultView] Request for query -194937703 is finished
[INFO ] 2019-06-24 14:56:16,034 [repositories/flood-repo | c.o.f.s.RepositoryController] POST query 389864504
[INFO ] 2019-06-24 14:56:16,067 [repositories/flood-repo | c.o.g.s.TupleQueryResultView] Request for query 1906672532 is finished
[INFO ] 2019-06-24 14:56:16,145 [repositories/flood-repo | c.o.f.s.RepositoryController] POST query 1906672532
[INFO ] 2019-06-24 14:56:16,156 [repositories/flood-repo | c.o.g.s.TupleQueryResultView] Request for query 1906672532 is finished
[INFO ] 2019-06-24 14:56:30,559 [repositories/flood-repo | c.o.f.s.RepositoryController] POST query 121722739
[INFO ] 2019-06-24 14:56:30,580 [repositories/flood-repo | c.o.g.s.TupleQueryResultView] Request for query -1659585393 is finished
[INFO ] 2019-06-24 14:57:40,363 [repositories/flood-repo | c.o.f.s.RepositoryController] POST query 223202849
[INFO ] 2019-06-24 14:57:40,404 [repositories/flood-repo | c.o.g.s.TupleQueryResultView] Request for query 1595348157 is finished
