[INFO ] 2019-06-21 12:58:39,452 [repositories/flood-repo | o.e.r.h.s.r.n.NamespacesController] GET namespace list
[INFO ] 2019-06-21 12:58:39,459 [repositories/flood-repo | o.e.r.h.s.r.TupleQueryResultView] Request for query 3392903 is finished
[INFO ] 2019-06-21 12:58:43,626 [repositories/flood-repo | o.e.r.h.s.r.n.NamespacesController] GET namespace list
[INFO ] 2019-06-21 12:58:43,628 [repositories/flood-repo | o.e.r.h.s.r.TupleQueryResultView] Request for query 3392903 is finished
[INFO ] 2019-06-21 13:00:50,444 [repositories/flood-repo | o.e.r.h.s.r.TupleQueryResultView] Request for query 3392903 is finished
[INFO ] 2019-06-21 13:00:56,007 [repositories/flood-repo | o.e.r.h.s.r.n.NamespacesController] GET namespace list
[INFO ] 2019-06-21 13:00:56,009 [repositories/flood-repo | o.e.r.h.s.r.TupleQueryResultView] Request for query 3392903 is finished
[INFO ] 2019-06-21 13:01:03,949 [repositories/flood-repo | o.e.r.h.s.r.TupleQueryResultView] Request for query 3392903 is finished
[INFO ] 2019-06-21 13:01:07,299 [repositories/flood-repo | o.e.r.h.s.r.n.NamespacesController] GET namespace list
[INFO ] 2019-06-21 13:01:07,300 [repositories/flood-repo | o.e.r.h.s.r.TupleQueryResultView] Request for query 3392903 is finished
[INFO ] 2019-06-21 13:02:13,926 [repositories/flood-repo | o.e.r.h.s.r.TupleQueryResultView] Request for query 3392903 is finished
[INFO ] 2019-06-21 13:02:26,575 [repositories/flood-repo | o.e.r.h.s.r.n.NamespacesController] GET namespace list
[INFO ] 2019-06-21 13:02:26,576 [repositories/flood-repo | o.e.r.h.s.r.TupleQueryResultView] Request for query 3392903 is finished
[INFO ] 2019-06-21 13:02:48,023 [repositories/flood-repo | o.e.r.h.s.r.TupleQueryResultView] Request for query 3392903 is finished
[INFO ] 2019-06-21 13:02:50,198 [repositories/flood-repo | o.e.r.h.s.r.n.NamespacesController] GET namespace list
[INFO ] 2019-06-21 13:02:50,200 [repositories/flood-repo | o.e.r.h.s.r.TupleQueryResultView] Request for query 3392903 is finished
[INFO ] 2019-06-21 13:02:55,101 [repositories/flood-repo | o.e.r.h.s.r.n.NamespacesController] GET namespace list
[INFO ] 2019-06-21 13:02:55,102 [repositories/flood-repo | o.e.r.h.s.r.TupleQueryResultView] Request for query 3392903 is finished
[INFO ] 2019-06-21 13:03:06,404 [repositories/flood-repo | c.o.f.s.RepositoryController] POST query -1806219060
[INFO ] 2019-06-21 13:03:06,425 [repositories/flood-repo | c.o.g.s.TupleQueryResultView] Request for query -1838229208 is finished
[INFO ] 2019-06-21 13:03:47,369 [repositories/flood-repo | o.e.r.h.s.r.n.NamespacesController] GET namespace list
[INFO ] 2019-06-21 13:03:47,371 [repositories/flood-repo | o.e.r.h.s.r.TupleQueryResultView] Request for query 3392903 is finished
[INFO ] 2019-06-21 13:03:54,913 [repositories/flood-repo | o.e.r.h.s.r.n.NamespacesController] GET namespace list
[INFO ] 2019-06-21 13:03:54,914 [repositories/flood-repo | o.e.r.h.s.r.TupleQueryResultView] Request for query 3392903 is finished
[INFO ] 2019-06-21 13:04:09,134 [repositories/flood-repo | o.e.r.h.s.r.n.NamespacesController] GET namespace list
[INFO ] 2019-06-21 13:04:09,135 [repositories/flood-repo | o.e.r.h.s.r.TupleQueryResultView] Request for query 3392903 is finished
[INFO ] 2019-06-21 13:04:13,546 [repositories/flood-repo | o.e.r.h.s.r.TupleQueryResultView] Request for query 3392903 is finished
[INFO ] 2019-06-21 13:04:17,159 [repositories/flood-repo | o.e.r.h.s.r.n.NamespacesController] GET namespace list
[INFO ] 2019-06-21 13:04:17,160 [repositories/flood-repo | o.e.r.h.s.r.TupleQueryResultView] Request for query 3392903 is finished
[INFO ] 2019-06-21 13:04:51,521 [repositories/flood-repo | o.e.r.h.s.r.TupleQueryResultView] Request for query 3392903 is finished
[INFO ] 2019-06-21 13:04:55,010 [repositories/flood-repo | o.e.r.h.s.r.n.NamespacesController] GET namespace list
[INFO ] 2019-06-21 13:04:55,012 [repositories/flood-repo | o.e.r.h.s.r.TupleQueryResultView] Request for query 3392903 is finished
[INFO ] 2019-06-21 13:04:59,891 [repositories/flood-repo | o.e.r.h.s.r.n.NamespacesController] GET namespace list
[INFO ] 2019-06-21 13:04:59,892 [repositories/flood-repo | o.e.r.h.s.r.TupleQueryResultView] Request for query 3392903 is finished
[INFO ] 2019-06-21 13:05:06,096 [repositories/flood-repo | o.e.r.h.s.r.n.NamespacesController] GET namespace list
[INFO ] 2019-06-21 13:05:06,098 [repositories/flood-repo | o.e.r.h.s.r.TupleQueryResultView] Request for query 3392903 is finished
[INFO ] 2019-06-21 13:05:08,445 [repositories/flood-repo | o.e.r.h.s.r.TupleQueryResultView] Request for query 3392903 is finished
[INFO ] 2019-06-21 13:05:10,793 [repositories/flood-repo | o.e.r.h.s.r.n.NamespacesController] GET namespace list
[INFO ] 2019-06-21 13:05:10,795 [repositories/flood-repo | o.e.r.h.s.r.TupleQueryResultView] Request for query 3392903 is finished
[INFO ] 2019-06-21 13:05:16,066 [repositories/flood-repo | o.e.r.h.s.r.n.NamespacesController] GET namespace list
[INFO ] 2019-06-21 13:05:16,068 [repositories/flood-repo | o.e.r.h.s.r.TupleQueryResultView] Request for query 3392903 is finished
[INFO ] 2019-06-21 13:05:19,655 [repositories/flood-repo | o.e.r.h.s.r.n.NamespacesController] GET namespace list
[INFO ] 2019-06-21 13:05:19,656 [repositories/flood-repo | o.e.r.h.s.r.TupleQueryResultView] Request for query 3392903 is finished
[INFO ] 2019-06-21 13:05:21,668 [repositories/flood-repo | o.e.r.h.s.r.TupleQueryResultView] Request for query 3392903 is finished
[INFO ] 2019-06-21 13:05:23,863 [repositories/flood-repo | o.e.r.h.s.r.n.NamespacesController] GET namespace list
[INFO ] 2019-06-21 13:05:23,865 [repositories/flood-repo | o.e.r.h.s.r.TupleQueryResultView] Request for query 3392903 is finished
[INFO ] 2019-06-21 13:05:27,750 [repositories/flood-repo | o.e.r.h.s.r.TupleQueryResultView] Request for query 3392903 is finished
[INFO ] 2019-06-21 13:05:35,999 [repositories/flood-repo | o.e.r.h.s.r.n.NamespacesController] GET namespace list
[INFO ] 2019-06-21 13:05:36,002 [repositories/flood-repo | o.e.r.h.s.r.TupleQueryResultView] Request for query 3392903 is finished
[INFO ] 2019-06-21 13:05:40,315 [repositories/flood-repo | o.e.r.h.s.r.TupleQueryResultView] Request for query 3392903 is finished
[INFO ] 2019-06-21 13:05:49,281 [repositories/flood-repo | o.e.r.h.s.r.n.NamespacesController] GET namespace list
[INFO ] 2019-06-21 13:05:49,282 [repositories/flood-repo | o.e.r.h.s.r.TupleQueryResultView] Request for query 3392903 is finished
[INFO ] 2019-06-21 13:06:38,122 [repositories/flood-repo | o.e.r.h.s.r.TupleQueryResultView] Request for query 3392903 is finished
[INFO ] 2019-06-21 13:06:50,396 [repositories/flood-repo | c.o.g.s.StatementsController] GET statements
[INFO ] 2019-06-21 13:09:02,594 [repositories/flood-repo | c.o.g.s.StatementsController] POST SPARQL update request to repository
[INFO ] 2019-06-21 13:09:02,749 [repositories/flood-repo | o.e.r.h.s.r.TupleQueryResultView] Request for query 3392903 is finished
[INFO ] 2019-06-21 13:09:07,309 [repositories/flood-repo | o.e.r.h.s.r.n.NamespacesController] GET namespace list
[INFO ] 2019-06-21 13:09:07,310 [repositories/flood-repo | o.e.r.h.s.r.TupleQueryResultView] Request for query 3392903 is finished
[INFO ] 2019-06-21 13:09:08,906 [repositories/flood-repo | c.o.f.s.RepositoryController] POST query -1806219060
[INFO ] 2019-06-21 13:09:08,919 [repositories/flood-repo | c.o.g.s.TupleQueryResultView] Request for query -1838229208 is finished
[INFO ] 2019-06-21 13:10:02,879 [repositories/flood-repo | o.e.r.h.s.r.TupleQueryResultView] Request for query 3392903 is finished
[INFO ] 2019-06-21 13:10:05,796 [repositories/flood-repo | o.e.r.h.s.r.n.NamespacesController] GET namespace list
[INFO ] 2019-06-21 13:10:05,797 [repositories/flood-repo | o.e.r.h.s.r.TupleQueryResultView] Request for query 3392903 is finished
[INFO ] 2019-06-21 13:10:11,693 [repositories/flood-repo | o.e.r.h.s.r.TupleQueryResultView] Request for query 3392903 is finished
[INFO ] 2019-06-21 13:10:34,097 [repositories/flood-repo | o.e.r.h.s.r.TupleQueryResultView] Request for query 3392903 is finished
[INFO ] 2019-06-21 13:11:18,317 [repositories/flood-repo | o.e.r.h.s.r.TupleQueryResultView] Request for query 3392903 is finished
[INFO ] 2019-06-21 13:11:21,197 [repositories/flood-repo | o.e.r.h.s.r.n.NamespacesController] GET namespace list
[INFO ] 2019-06-21 13:11:21,199 [repositories/flood-repo | o.e.r.h.s.r.TupleQueryResultView] Request for query 3392903 is finished
[INFO ] 2019-06-21 13:12:00,370 [repositories/flood-repo | o.e.r.h.s.r.n.NamespacesController] GET namespace list
[INFO ] 2019-06-21 13:12:00,372 [repositories/flood-repo | o.e.r.h.s.r.TupleQueryResultView] Request for query 3392903 is finished
[INFO ] 2019-06-21 13:12:01,677 [repositories/flood-repo | c.o.f.s.RepositoryController] POST query -1806219060
[INFO ] 2019-06-21 13:12:01,681 [repositories/flood-repo | c.o.g.s.TupleQueryResultView] Request for query -1838229208 is finished
[INFO ] 2019-06-21 13:12:08,184 [repositories/flood-repo | o.e.r.h.s.r.TupleQueryResultView] Request for query 3392903 is finished
[INFO ] 2019-06-21 13:12:14,968 [repositories/flood-repo | o.e.r.h.s.r.n.NamespacesController] GET namespace list
[INFO ] 2019-06-21 13:12:14,970 [repositories/flood-repo | o.e.r.h.s.r.TupleQueryResultView] Request for query 3392903 is finished
[INFO ] 2019-06-21 13:12:27,304 [repositories/flood-repo | o.e.r.h.s.r.n.NamespacesController] GET namespace list
[INFO ] 2019-06-21 13:12:27,305 [repositories/flood-repo | o.e.r.h.s.r.TupleQueryResultView] Request for query 3392903 is finished
[INFO ] 2019-06-21 13:12:35,756 [repositories/flood-repo | c.o.f.s.RepositoryController] POST query 522454464
[INFO ] 2019-06-21 13:12:35,762 [repositories/flood-repo | c.o.g.s.TupleQueryResultView] Request for query -400460004 is finished
[INFO ] 2019-06-21 13:13:44,308 [repositories/flood-repo | o.e.r.h.s.r.n.NamespacesController] GET namespace list
[INFO ] 2019-06-21 13:13:44,309 [repositories/flood-repo | o.e.r.h.s.r.TupleQueryResultView] Request for query 3392903 is finished
[INFO ] 2019-06-21 13:13:53,950 [repositories/flood-repo | c.o.f.s.RepositoryController] POST query 1066349087
[INFO ] 2019-06-21 13:13:53,954 [repositories/flood-repo | c.o.g.s.TupleQueryResultView] Request for query 717733435 is finished
[INFO ] 2019-06-21 13:14:06,052 [repositories/flood-repo | o.e.r.h.s.r.TupleQueryResultView] Request for query 3392903 is finished
[INFO ] 2019-06-21 13:14:08,578 [repositories/flood-repo | o.e.r.h.s.r.n.NamespacesController] GET namespace list
[INFO ] 2019-06-21 13:14:08,581 [repositories/flood-repo | o.e.r.h.s.r.TupleQueryResultView] Request for query 3392903 is finished
[INFO ] 2019-06-21 13:15:20,379 [repositories/flood-repo | o.e.r.h.s.r.n.NamespacesController] GET namespace list
[INFO ] 2019-06-21 13:15:20,381 [repositories/flood-repo | o.e.r.h.s.r.TupleQueryResultView] Request for query 3392903 is finished
[INFO ] 2019-06-21 13:15:22,589 [repositories/flood-repo | c.o.f.s.RepositoryController] POST query 1066349087
[INFO ] 2019-06-21 13:15:22,597 [repositories/flood-repo | c.o.g.s.TupleQueryResultView] Request for query 717733435 is finished
[INFO ] 2019-06-21 13:15:39,108 [repositories/flood-repo | o.e.r.h.s.r.n.NamespacesController] GET namespace list
[INFO ] 2019-06-21 13:15:39,110 [repositories/flood-repo | o.e.r.h.s.r.TupleQueryResultView] Request for query 3392903 is finished
[INFO ] 2019-06-21 13:15:41,110 [repositories/flood-repo | c.o.f.s.RepositoryController] POST query 1066349087
[INFO ] 2019-06-21 13:15:41,122 [repositories/flood-repo | c.o.g.s.TupleQueryResultView] Request for query 717733435 is finished
[INFO ] 2019-06-21 13:16:01,935 [repositories/flood-repo | o.e.r.h.s.r.n.NamespacesController] GET namespace list
[INFO ] 2019-06-21 13:16:01,936 [repositories/flood-repo | o.e.r.h.s.r.TupleQueryResultView] Request for query 3392903 is finished
[INFO ] 2019-06-21 13:16:03,543 [repositories/flood-repo | c.o.f.s.RepositoryController] POST query 1066349087
[INFO ] 2019-06-21 13:16:03,549 [repositories/flood-repo | c.o.g.s.TupleQueryResultView] Request for query 717733435 is finished
[INFO ] 2019-06-21 13:16:13,487 [repositories/flood-repo | c.o.f.s.RepositoryController] POST query -1618024957
[INFO ] 2019-06-21 13:16:13,490 [repositories/flood-repo | c.o.g.s.TupleQueryResultView] Request for query -2118631649 is finished
[INFO ] 2019-06-21 13:17:56,250 [repositories/flood-repo | o.e.r.h.s.r.n.NamespacesController] GET namespace list
[INFO ] 2019-06-21 13:17:56,252 [repositories/flood-repo | o.e.r.h.s.r.TupleQueryResultView] Request for query 3392903 is finished
[INFO ] 2019-06-21 13:17:58,138 [repositories/flood-repo | c.o.f.s.RepositoryController] POST query 1066349087
[INFO ] 2019-06-21 13:17:58,158 [repositories/flood-repo | c.o.g.s.TupleQueryResultView] Request for query 717733435 is finished
[INFO ] 2019-06-21 13:18:29,262 [repositories/flood-repo | o.e.r.h.s.r.n.NamespacesController] GET namespace list
[INFO ] 2019-06-21 13:18:29,264 [repositories/flood-repo | o.e.r.h.s.r.TupleQueryResultView] Request for query 3392903 is finished
[INFO ] 2019-06-21 13:18:30,882 [repositories/flood-repo | c.o.f.s.RepositoryController] POST query 1066349087
[INFO ] 2019-06-21 13:18:30,896 [repositories/flood-repo | c.o.g.s.TupleQueryResultView] Request for query 717733435 is finished
[INFO ] 2019-06-21 13:18:52,589 [repositories/flood-repo | o.e.r.h.s.r.TupleQueryResultView] Request for query 3392903 is finished
[INFO ] 2019-06-21 13:19:08,042 [repositories/flood-repo | o.e.r.h.s.r.n.NamespacesController] GET namespace list
[INFO ] 2019-06-21 13:19:08,043 [repositories/flood-repo | o.e.r.h.s.r.TupleQueryResultView] Request for query 3392903 is finished
[INFO ] 2019-06-21 13:24:52,464 [repositories/flood-repo | o.e.r.h.s.r.TupleQueryResultView] Request for query 3392903 is finished
[INFO ] 2019-06-21 13:24:59,574 [repositories/flood-repo | c.o.g.s.StatementsController] POST SPARQL update request to repository
[INFO ] 2019-06-21 13:24:59,635 [repositories/flood-repo | o.e.r.h.s.r.TupleQueryResultView] Request for query 3392903 is finished
[ERROR] 2019-06-21 13:25:49,193 [import-task-flood-repo-1 | c.o.f.i.FileImportRunnableTask] Could not import file
java.lang.IllegalArgumentException: Illegal character in path at index 13: Organisations that attended Tadcaster during the flooding clean-up or during collapse of bridge
	at java.net.URI.create(URI.java:852)
	at java.net.URI.resolve(URI.java:1036)
	at com.github.jsonldjava.utils.JsonLdUrl.resolve(JsonLdUrl.java:274)
	at com.github.jsonldjava.core.Context.expandIri(Context.java:539)
	at com.github.jsonldjava.core.JsonLdApi.expand(JsonLdApi.java:584)
	at com.github.jsonldjava.core.JsonLdApi.expand(JsonLdApi.java:847)
	at com.github.jsonldjava.core.JsonLdApi.expand(JsonLdApi.java:847)
	at com.github.jsonldjava.core.JsonLdApi.expand(JsonLdApi.java:847)
	at com.github.jsonldjava.core.JsonLdApi.expand(JsonLdApi.java:522)
	at com.github.jsonldjava.core.JsonLdApi.expand(JsonLdApi.java:1025)
	at com.github.jsonldjava.core.JsonLdProcessor.expand(JsonLdProcessor.java:149)
	at com.github.jsonldjava.core.JsonLdProcessor.toRDF(JsonLdProcessor.java:528)
	at org.eclipse.rdf4j.rio.jsonld.JSONLDParser.parse(JSONLDParser.java:71)
	at org.eclipse.rdf4j.repository.util.RDFLoader.loadInputStreamOrReader(RDFLoader.java:286)
	at org.eclipse.rdf4j.repository.util.RDFLoader.load(RDFLoader.java:197)
	at org.eclipse.rdf4j.repository.base.AbstractRepositoryConnection.add(AbstractRepositoryConnection.java:329)
	at com.ontotext.trree.monitorRepository.MonitorRepositoryConnection.add(MonitorRepositoryConnection.java:177)
	at com.ontotext.trree.parallel.ParallelRDFLoader.add(ParallelRDFLoader.java:125)
	at com.ontotext.trree.parallel.ParallelRDFLoader.add(ParallelRDFLoader.java:54)
	at com.ontotext.forest.impex.ParallelAwareImporter.lambda$add$5(ParallelAwareImporter.java:107)
	at com.ontotext.forest.impex.ParallelAwareImporter.wrapInBeginCommit(ParallelAwareImporter.java:128)
	at com.ontotext.forest.impex.ParallelAwareImporter.add(ParallelAwareImporter.java:89)
	at com.ontotext.forest.impex.FileImportRunnableTask.load(FileImportRunnableTask.java:36)
	at com.ontotext.forest.impex.ImportRunnableTask.run(ImportRunnableTask.java:82)
	at java.util.concurrent.Executors$RunnableAdapter.call(Executors.java:511)
	at java.util.concurrent.FutureTask.run(FutureTask.java:266)
	at java.util.concurrent.ThreadPoolExecutor.runWorker(ThreadPoolExecutor.java:1142)
	at java.util.concurrent.ThreadPoolExecutor$Worker.run(ThreadPoolExecutor.java:617)
	at java.lang.Thread.run(Thread.java:745)
Caused by: java.net.URISyntaxException: Illegal character in path at index 13: Organisations that attended Tadcaster during the flooding clean-up or during collapse of bridge
	at java.net.URI$Parser.fail(URI.java:2848)
	at java.net.URI$Parser.checkChars(URI.java:3021)
	at java.net.URI$Parser.parseHierarchical(URI.java:3105)
	at java.net.URI$Parser.parse(URI.java:3063)
	at java.net.URI.<init>(URI.java:588)
	at java.net.URI.create(URI.java:850)
	... 28 common frames omitted
[INFO ] 2019-06-21 13:26:26,790 [repositories/flood-repo | o.e.r.h.s.r.n.NamespacesController] GET namespace list
[INFO ] 2019-06-21 13:26:26,791 [repositories/flood-repo | o.e.r.h.s.r.TupleQueryResultView] Request for query 3392903 is finished
[INFO ] 2019-06-21 13:26:28,185 [repositories/flood-repo | c.o.f.s.RepositoryController] POST query 1066349087
[INFO ] 2019-06-21 13:26:28,210 [repositories/flood-repo | c.o.g.s.TupleQueryResultView] Request for query 717733435 is finished
[INFO ] 2019-06-21 13:26:35,455 [repositories/flood-repo | o.e.r.h.s.r.TupleQueryResultView] Request for query 3392903 is finished
[INFO ] 2019-06-21 13:26:43,626 [repositories/flood-repo | c.o.g.s.StatementsController] POST SPARQL update request to repository
[INFO ] 2019-06-21 13:26:43,679 [repositories/flood-repo | o.e.r.h.s.r.TupleQueryResultView] Request for query 3392903 is finished
[INFO ] 2019-06-21 13:26:44,968 [repositories/flood-repo | o.e.r.h.s.r.n.NamespacesController] GET namespace list
[INFO ] 2019-06-21 13:26:44,969 [repositories/flood-repo | o.e.r.h.s.r.TupleQueryResultView] Request for query 3392903 is finished
[INFO ] 2019-06-21 13:26:46,312 [repositories/flood-repo | c.o.f.s.RepositoryController] POST query 1066349087
[INFO ] 2019-06-21 13:26:46,324 [repositories/flood-repo | c.o.g.s.TupleQueryResultView] Request for query 717733435 is finished
[INFO ] 2019-06-21 14:04:52,579 [repositories/flood-repo | o.e.r.h.s.r.TupleQueryResultView] Request for query 3392903 is finished
[INFO ] 2019-06-21 14:05:08,102 [repositories/flood-repo | c.o.g.s.StatementsController] POST SPARQL update request to repository
[INFO ] 2019-06-21 14:05:08,189 [repositories/flood-repo | o.e.r.h.s.r.TupleQueryResultView] Request for query 3392903 is finished
[INFO ] 2019-06-21 14:05:15,735 [repositories/flood-repo | c.o.g.s.StatementsController] POST SPARQL update request to repository
[INFO ] 2019-06-21 14:05:15,812 [repositories/flood-repo | o.e.r.h.s.r.TupleQueryResultView] Request for query 3392903 is finished
[INFO ] 2019-06-21 14:05:20,198 [repositories/flood-repo | c.o.g.s.StatementsController] POST SPARQL update request to repository
[INFO ] 2019-06-21 14:05:20,246 [repositories/flood-repo | o.e.r.h.s.r.TupleQueryResultView] Request for query 3392903 is finished
[INFO ] 2019-06-21 14:05:26,676 [repositories/flood-repo | c.o.g.s.StatementsController] POST SPARQL update request to repository
[INFO ] 2019-06-21 14:05:26,741 [repositories/flood-repo | o.e.r.h.s.r.TupleQueryResultView] Request for query 3392903 is finished
[INFO ] 2019-06-21 14:05:32,935 [repositories/flood-repo | c.o.g.s.StatementsController] POST SPARQL update request to repository
[INFO ] 2019-06-21 14:05:32,981 [repositories/flood-repo | o.e.r.h.s.r.TupleQueryResultView] Request for query 3392903 is finished
[INFO ] 2019-06-21 14:05:36,590 [repositories/flood-repo | c.o.g.s.StatementsController] POST SPARQL update request to repository
[INFO ] 2019-06-21 14:05:36,642 [repositories/flood-repo | o.e.r.h.s.r.TupleQueryResultView] Request for query 3392903 is finished
[INFO ] 2019-06-21 14:05:41,129 [repositories/flood-repo | c.o.g.s.StatementsController] POST SPARQL update request to repository
[INFO ] 2019-06-21 14:05:41,183 [repositories/flood-repo | o.e.r.h.s.r.TupleQueryResultView] Request for query 3392903 is finished
[INFO ] 2019-06-21 14:05:45,756 [repositories/flood-repo | c.o.g.s.StatementsController] POST SPARQL update request to repository
[INFO ] 2019-06-21 14:05:45,819 [repositories/flood-repo | o.e.r.h.s.r.TupleQueryResultView] Request for query 3392903 is finished
[INFO ] 2019-06-21 14:05:51,593 [repositories/flood-repo | c.o.g.s.StatementsController] POST SPARQL update request to repository
[INFO ] 2019-06-21 14:05:51,645 [repositories/flood-repo | o.e.r.h.s.r.TupleQueryResultView] Request for query 3392903 is finished
[INFO ] 2019-06-21 14:05:56,332 [repositories/flood-repo | c.o.g.s.StatementsController] POST SPARQL update request to repository
[INFO ] 2019-06-21 14:05:56,374 [repositories/flood-repo | o.e.r.h.s.r.TupleQueryResultView] Request for query 3392903 is finished
[INFO ] 2019-06-21 14:05:59,828 [repositories/flood-repo | c.o.g.s.StatementsController] POST SPARQL update request to repository
[INFO ] 2019-06-21 14:05:59,910 [repositories/flood-repo | o.e.r.h.s.r.TupleQueryResultView] Request for query 3392903 is finished
[INFO ] 2019-06-21 14:06:03,771 [repositories/flood-repo | c.o.g.s.StatementsController] POST SPARQL update request to repository
[INFO ] 2019-06-21 14:06:03,817 [repositories/flood-repo | o.e.r.h.s.r.TupleQueryResultView] Request for query 3392903 is finished
[INFO ] 2019-06-21 14:06:56,856 [repositories/flood-repo | o.e.r.h.s.r.TupleQueryResultView] Request for query 3392903 is finished
[INFO ] 2019-06-21 14:06:58,478 [repositories/flood-repo | o.e.r.h.s.r.n.NamespacesController] GET namespace list
[INFO ] 2019-06-21 14:06:58,479 [repositories/flood-repo | o.e.r.h.s.r.TupleQueryResultView] Request for query 3392903 is finished
[INFO ] 2019-06-21 14:07:02,496 [repositories/flood-repo | o.e.r.h.s.r.TupleQueryResultView] Request for query 3392903 is finished
[INFO ] 2019-06-21 14:07:45,403 [repositories/flood-repo | o.e.r.h.s.r.n.NamespacesController] GET namespace list
[INFO ] 2019-06-21 14:07:45,404 [repositories/flood-repo | o.e.r.h.s.r.TupleQueryResultView] Request for query 3392903 is finished
[INFO ] 2019-06-21 14:07:47,245 [repositories/flood-repo | c.o.f.s.RepositoryController] POST query 1066349087
[INFO ] 2019-06-21 14:07:47,253 [repositories/flood-repo | c.o.g.s.TupleQueryResultView] Request for query 717733435 is finished
[INFO ] 2019-06-21 14:08:12,342 [repositories/flood-repo | o.e.r.h.s.r.n.NamespacesController] GET namespace list
[INFO ] 2019-06-21 14:08:12,343 [repositories/flood-repo | o.e.r.h.s.r.TupleQueryResultView] Request for query 3392903 is finished
[INFO ] 2019-06-21 14:08:13,577 [repositories/flood-repo | c.o.f.s.RepositoryController] POST query 1066349087
[INFO ] 2019-06-21 14:08:13,581 [repositories/flood-repo | c.o.g.s.TupleQueryResultView] Request for query 717733435 is finished
[INFO ] 2019-06-21 14:08:36,159 [repositories/flood-repo | o.e.r.h.s.r.TupleQueryResultView] Request for query 3392903 is finished
[INFO ] 2019-06-21 14:08:38,473 [repositories/flood-repo | o.e.r.h.s.r.n.NamespacesController] GET namespace list
[INFO ] 2019-06-21 14:08:38,475 [repositories/flood-repo | o.e.r.h.s.r.TupleQueryResultView] Request for query 3392903 is finished
[INFO ] 2019-06-21 14:08:45,909 [repositories/flood-repo | o.e.r.h.s.r.n.NamespacesController] GET namespace list
[INFO ] 2019-06-21 14:08:45,910 [repositories/flood-repo | o.e.r.h.s.r.TupleQueryResultView] Request for query 3392903 is finished
[INFO ] 2019-06-21 14:10:08,652 [repositories/flood-repo | o.e.r.h.s.r.n.NamespacesController] GET namespace list
[INFO ] 2019-06-21 14:10:08,653 [repositories/flood-repo | o.e.r.h.s.r.TupleQueryResultView] Request for query 3392903 is finished
[INFO ] 2019-06-21 14:10:11,291 [repositories/flood-repo | o.e.r.h.s.r.n.NamespacesController] GET namespace list
[INFO ] 2019-06-21 14:10:11,292 [repositories/flood-repo | o.e.r.h.s.r.TupleQueryResultView] Request for query 3392903 is finished
[INFO ] 2019-06-21 14:11:03,401 [repositories/flood-repo | c.o.f.s.RepositoryController] POST query 1066349087
[INFO ] 2019-06-21 14:11:03,419 [repositories/flood-repo | c.o.g.s.TupleQueryResultView] Request for query 717733435 is finished
[INFO ] 2019-06-21 14:11:11,018 [repositories/flood-repo | o.e.r.h.s.r.TupleQueryResultView] Request for query 3392903 is finished
[INFO ] 2019-06-21 14:11:13,550 [repositories/flood-repo | o.e.r.h.s.r.n.NamespacesController] GET namespace list
[INFO ] 2019-06-21 14:11:13,552 [repositories/flood-repo | o.e.r.h.s.r.TupleQueryResultView] Request for query 3392903 is finished
[INFO ] 2019-06-21 14:11:24,937 [repositories/flood-repo | o.e.r.h.s.r.n.NamespacesController] GET namespace list
[INFO ] 2019-06-21 14:11:24,938 [repositories/flood-repo | o.e.r.h.s.r.TupleQueryResultView] Request for query 3392903 is finished
[INFO ] 2019-06-21 14:11:39,685 [repositories/flood-repo | o.e.r.h.s.r.n.NamespacesController] GET namespace list
[INFO ] 2019-06-21 14:11:39,686 [repositories/flood-repo | o.e.r.h.s.r.TupleQueryResultView] Request for query 3392903 is finished
[INFO ] 2019-06-21 14:11:45,069 [repositories/flood-repo | o.e.r.h.s.r.n.NamespacesController] GET namespace list
[INFO ] 2019-06-21 14:11:45,069 [repositories/flood-repo | o.e.r.h.s.r.TupleQueryResultView] Request for query 3392903 is finished
[INFO ] 2019-06-21 14:11:58,544 [repositories/flood-repo | o.e.r.h.s.r.TupleQueryResultView] Request for query 3392903 is finished
[INFO ] 2019-06-21 14:12:04,271 [repositories/flood-repo | o.e.r.h.s.r.n.NamespacesController] GET namespace list
[INFO ] 2019-06-21 14:12:04,272 [repositories/flood-repo | o.e.r.h.s.r.TupleQueryResultView] Request for query 3392903 is finished
[INFO ] 2019-06-21 14:12:07,877 [repositories/flood-repo | o.e.r.h.s.r.n.NamespacesController] GET namespace list
[INFO ] 2019-06-21 14:12:07,878 [repositories/flood-repo | o.e.r.h.s.r.TupleQueryResultView] Request for query 3392903 is finished
[INFO ] 2019-06-21 14:18:43,610 [repositories/flood-repo | o.e.r.h.s.r.TupleQueryResultView] Request for query 3392903 is finished
[INFO ] 2019-06-21 14:18:47,326 [repositories/flood-repo | o.e.r.h.s.r.n.NamespacesController] GET namespace list
[INFO ] 2019-06-21 14:18:47,327 [repositories/flood-repo | o.e.r.h.s.r.TupleQueryResultView] Request for query 3392903 is finished
[INFO ] 2019-06-21 14:18:50,628 [repositories/flood-repo | o.e.r.h.s.r.n.NamespacesController] GET namespace list
[INFO ] 2019-06-21 14:18:50,630 [repositories/flood-repo | o.e.r.h.s.r.TupleQueryResultView] Request for query 3392903 is finished
[INFO ] 2019-06-21 14:18:56,073 [repositories/flood-repo | o.e.r.h.s.r.TupleQueryResultView] Request for query 3392903 is finished
[INFO ] 2019-06-21 14:18:58,101 [repositories/flood-repo | o.e.r.h.s.r.n.NamespacesController] GET namespace list
[INFO ] 2019-06-21 14:18:58,102 [repositories/flood-repo | o.e.r.h.s.r.TupleQueryResultView] Request for query 3392903 is finished
[INFO ] 2019-06-21 14:19:01,592 [repositories/flood-repo | o.e.r.h.s.r.n.NamespacesController] GET namespace list
[INFO ] 2019-06-21 14:19:01,593 [repositories/flood-repo | o.e.r.h.s.r.TupleQueryResultView] Request for query 3392903 is finished
[INFO ] 2019-06-21 14:20:18,437 [repositories/flood-repo | o.e.r.h.s.r.TupleQueryResultView] Request for query 3392903 is finished
[INFO ] 2019-06-21 14:20:24,247 [repositories/flood-repo | c.o.g.s.StatementsController] POST SPARQL update request to repository
[INFO ] 2019-06-21 14:20:24,323 [repositories/flood-repo | o.e.r.h.s.r.TupleQueryResultView] Request for query 3392903 is finished
[INFO ] 2019-06-21 14:20:56,285 [repositories/flood-repo | c.o.f.s.RepositoryController] POST query 1066349087
[INFO ] 2019-06-21 14:20:56,289 [repositories/flood-repo | c.o.g.s.TupleQueryResultView] Request for query 717733435 is finished
[INFO ] 2019-06-21 14:21:01,341 [repositories/flood-repo | o.e.r.h.s.r.TupleQueryResultView] Request for query 3392903 is finished
[INFO ] 2019-06-21 14:21:03,369 [repositories/flood-repo | o.e.r.h.s.r.n.NamespacesController] GET namespace list
[INFO ] 2019-06-21 14:21:03,370 [repositories/flood-repo | o.e.r.h.s.r.TupleQueryResultView] Request for query 3392903 is finished
[INFO ] 2019-06-21 14:21:06,149 [repositories/flood-repo | o.e.r.h.s.r.n.NamespacesController] GET namespace list
[INFO ] 2019-06-21 14:21:06,150 [repositories/flood-repo | o.e.r.h.s.r.TupleQueryResultView] Request for query 3392903 is finished
[INFO ] 2019-06-21 14:21:36,773 [repositories/flood-repo | o.e.r.h.s.r.TupleQueryResultView] Request for query 3392903 is finished
[INFO ] 2019-06-21 14:21:43,109 [repositories/flood-repo | c.o.g.s.StatementsController] POST SPARQL update request to repository
[INFO ] 2019-06-21 14:21:43,149 [repositories/flood-repo | o.e.r.h.s.r.TupleQueryResultView] Request for query 3392903 is finished
[INFO ] 2019-06-21 14:22:07,944 [http-nio-7200-exec-9 | c.o.c.AbstractParameter] Configured parameter 'default.min.distinct.threshold' to default value '250.0M'
[INFO ] 2019-06-21 14:22:08,402 [repositories/flood-repo | o.e.r.h.s.r.TupleQueryResultView] Request for query 3392903 is finished
[INFO ] 2019-06-21 14:22:10,238 [repositories/flood-repo | o.e.r.h.s.r.n.NamespacesController] GET namespace list
[INFO ] 2019-06-21 14:22:10,239 [repositories/flood-repo | o.e.r.h.s.r.TupleQueryResultView] Request for query 3392903 is finished
[INFO ] 2019-06-21 14:22:12,578 [repositories/flood-repo | o.e.r.h.s.r.n.NamespacesController] GET namespace list
[INFO ] 2019-06-21 14:22:12,579 [repositories/flood-repo | o.e.r.h.s.r.TupleQueryResultView] Request for query 3392903 is finished
[INFO ] 2019-06-21 14:22:20,164 [repositories/flood-repo | c.o.f.s.RepositoryController] POST query 1066349087
[INFO ] 2019-06-21 14:22:20,170 [repositories/flood-repo | c.o.g.s.TupleQueryResultView] Request for query 717733435 is finished
[INFO ] 2019-06-21 14:22:58,619 [repositories/flood-repo | o.e.r.h.s.r.TupleQueryResultView] Request for query 3392903 is finished
[INFO ] 2019-06-21 14:23:01,551 [repositories/flood-repo | o.e.r.h.s.r.n.NamespacesController] GET namespace list
[INFO ] 2019-06-21 14:23:01,552 [repositories/flood-repo | o.e.r.h.s.r.TupleQueryResultView] Request for query 3392903 is finished
[INFO ] 2019-06-21 14:23:03,258 [repositories/flood-repo | o.e.r.h.s.r.n.NamespacesController] GET namespace list
[INFO ] 2019-06-21 14:23:03,259 [repositories/flood-repo | o.e.r.h.s.r.TupleQueryResultView] Request for query 3392903 is finished
[INFO ] 2019-06-21 14:23:13,329 [repositories/flood-repo | o.e.r.h.s.r.n.NamespacesController] GET namespace list
[INFO ] 2019-06-21 14:23:13,330 [repositories/flood-repo | o.e.r.h.s.r.TupleQueryResultView] Request for query 3392903 is finished
[INFO ] 2019-06-21 14:23:14,804 [repositories/flood-repo | c.o.f.s.RepositoryController] POST query 1066349087
[INFO ] 2019-06-21 14:23:14,814 [repositories/flood-repo | c.o.g.s.TupleQueryResultView] Request for query 717733435 is finished
[INFO ] 2019-06-21 14:23:27,630 [repositories/flood-repo | o.e.r.h.s.r.TupleQueryResultView] Request for query 3392903 is finished
[INFO ] 2019-06-21 14:23:31,760 [repositories/flood-repo | c.o.g.s.StatementsController] POST SPARQL update request to repository
[INFO ] 2019-06-21 14:23:31,812 [repositories/flood-repo | o.e.r.h.s.r.TupleQueryResultView] Request for query 3392903 is finished
[INFO ] 2019-06-21 14:24:15,491 [repositories/flood-repo | c.o.f.s.RepositoryController] POST query 1066349087
[INFO ] 2019-06-21 14:24:15,497 [repositories/flood-repo | c.o.g.s.TupleQueryResultView] Request for query 717733435 is finished
[INFO ] 2019-06-21 14:24:49,399 [repositories/flood-repo | c.o.f.s.RepositoryController] POST query 1066349087
[INFO ] 2019-06-21 14:24:49,406 [repositories/flood-repo | c.o.g.s.TupleQueryResultView] Request for query 717733435 is finished
[INFO ] 2019-06-21 14:25:19,574 [repositories/flood-repo | o.e.r.h.s.r.n.NamespacesController] GET namespace list
[INFO ] 2019-06-21 14:25:19,575 [repositories/flood-repo | o.e.r.h.s.r.TupleQueryResultView] Request for query 3392903 is finished
[INFO ] 2019-06-21 14:25:21,394 [repositories/flood-repo | c.o.f.s.RepositoryController] POST query 1066349087
[INFO ] 2019-06-21 14:25:21,399 [repositories/flood-repo | c.o.g.s.TupleQueryResultView] Request for query 717733435 is finished
[ERROR] 2019-06-21 14:25:38,178 [import-task-flood-repo-1 | c.o.f.i.FileImportRunnableTask] Could not import file
java.lang.IllegalArgumentException: Illegal character in path at index 3: The river levels in the mid and lower catchments
	at java.net.URI.create(URI.java:852)
	at java.net.URI.resolve(URI.java:1036)
	at com.github.jsonldjava.utils.JsonLdUrl.resolve(JsonLdUrl.java:274)
	at com.github.jsonldjava.core.Context.expandIri(Context.java:539)
	at com.github.jsonldjava.core.JsonLdApi.expand(JsonLdApi.java:584)
	at com.github.jsonldjava.core.JsonLdApi.expand(JsonLdApi.java:847)
	at com.github.jsonldjava.core.JsonLdApi.expand(JsonLdApi.java:847)
	at com.github.jsonldjava.core.JsonLdApi.expand(JsonLdApi.java:847)
	at com.github.jsonldjava.core.JsonLdApi.expand(JsonLdApi.java:522)
	at com.github.jsonldjava.core.JsonLdApi.expand(JsonLdApi.java:1025)
	at com.github.jsonldjava.core.JsonLdProcessor.expand(JsonLdProcessor.java:149)
	at com.github.jsonldjava.core.JsonLdProcessor.toRDF(JsonLdProcessor.java:528)
	at org.eclipse.rdf4j.rio.jsonld.JSONLDParser.parse(JSONLDParser.java:71)
	at org.eclipse.rdf4j.repository.util.RDFLoader.loadInputStreamOrReader(RDFLoader.java:286)
	at org.eclipse.rdf4j.repository.util.RDFLoader.load(RDFLoader.java:197)
	at org.eclipse.rdf4j.repository.base.AbstractRepositoryConnection.add(AbstractRepositoryConnection.java:329)
	at com.ontotext.trree.monitorRepository.MonitorRepositoryConnection.add(MonitorRepositoryConnection.java:177)
	at com.ontotext.trree.parallel.ParallelRDFLoader.add(ParallelRDFLoader.java:125)
	at com.ontotext.trree.parallel.ParallelRDFLoader.add(ParallelRDFLoader.java:54)
	at com.ontotext.forest.impex.ParallelAwareImporter.lambda$add$5(ParallelAwareImporter.java:107)
	at com.ontotext.forest.impex.ParallelAwareImporter.wrapInBeginCommit(ParallelAwareImporter.java:128)
	at com.ontotext.forest.impex.ParallelAwareImporter.add(ParallelAwareImporter.java:89)
	at com.ontotext.forest.impex.FileImportRunnableTask.load(FileImportRunnableTask.java:36)
	at com.ontotext.forest.impex.ImportRunnableTask.run(ImportRunnableTask.java:82)
	at java.util.concurrent.Executors$RunnableAdapter.call(Executors.java:511)
	at java.util.concurrent.FutureTask.run(FutureTask.java:266)
	at java.util.concurrent.ThreadPoolExecutor.runWorker(ThreadPoolExecutor.java:1142)
	at java.util.concurrent.ThreadPoolExecutor$Worker.run(ThreadPoolExecutor.java:617)
	at java.lang.Thread.run(Thread.java:745)
Caused by: java.net.URISyntaxException: Illegal character in path at index 3: The river levels in the mid and lower catchments
	at java.net.URI$Parser.fail(URI.java:2848)
	at java.net.URI$Parser.checkChars(URI.java:3021)
	at java.net.URI$Parser.parseHierarchical(URI.java:3105)
	at java.net.URI$Parser.parse(URI.java:3063)
	at java.net.URI.<init>(URI.java:588)
	at java.net.URI.create(URI.java:850)
	... 28 common frames omitted
[INFO ] 2019-06-21 14:30:14,998 [repositories/flood-repo | c.o.f.s.RepositoryController] POST query 1066349087
[INFO ] 2019-06-21 14:30:15,003 [repositories/flood-repo | c.o.g.s.TupleQueryResultView] Request for query 717733435 is finished
[ERROR] 2019-06-21 14:30:37,435 [import-task-flood-repo-1 | c.o.f.i.FileImportRunnableTask] Could not import file
java.lang.IllegalArgumentException: Illegal character in path at index 5: River flow
	at java.net.URI.create(URI.java:852)
	at java.net.URI.resolve(URI.java:1036)
	at com.github.jsonldjava.utils.JsonLdUrl.resolve(JsonLdUrl.java:274)
	at com.github.jsonldjava.core.Context.expandIri(Context.java:539)
	at com.github.jsonldjava.core.JsonLdApi.expand(JsonLdApi.java:584)
	at com.github.jsonldjava.core.JsonLdApi.expand(JsonLdApi.java:847)
	at com.github.jsonldjava.core.JsonLdApi.expand(JsonLdApi.java:847)
	at com.github.jsonldjava.core.JsonLdApi.expand(JsonLdApi.java:847)
	at com.github.jsonldjava.core.JsonLdApi.expand(JsonLdApi.java:522)
	at com.github.jsonldjava.core.JsonLdApi.expand(JsonLdApi.java:1025)
	at com.github.jsonldjava.core.JsonLdProcessor.expand(JsonLdProcessor.java:149)
	at com.github.jsonldjava.core.JsonLdProcessor.toRDF(JsonLdProcessor.java:528)
	at org.eclipse.rdf4j.rio.jsonld.JSONLDParser.parse(JSONLDParser.java:71)
	at org.eclipse.rdf4j.repository.util.RDFLoader.loadInputStreamOrReader(RDFLoader.java:286)
	at org.eclipse.rdf4j.repository.util.RDFLoader.load(RDFLoader.java:197)
	at org.eclipse.rdf4j.repository.base.AbstractRepositoryConnection.add(AbstractRepositoryConnection.java:329)
	at com.ontotext.trree.monitorRepository.MonitorRepositoryConnection.add(MonitorRepositoryConnection.java:177)
	at com.ontotext.trree.parallel.ParallelRDFLoader.add(ParallelRDFLoader.java:125)
	at com.ontotext.trree.parallel.ParallelRDFLoader.add(ParallelRDFLoader.java:54)
	at com.ontotext.forest.impex.ParallelAwareImporter.lambda$add$5(ParallelAwareImporter.java:107)
	at com.ontotext.forest.impex.ParallelAwareImporter.wrapInBeginCommit(ParallelAwareImporter.java:128)
	at com.ontotext.forest.impex.ParallelAwareImporter.add(ParallelAwareImporter.java:89)
	at com.ontotext.forest.impex.FileImportRunnableTask.load(FileImportRunnableTask.java:36)
	at com.ontotext.forest.impex.ImportRunnableTask.run(ImportRunnableTask.java:82)
	at java.util.concurrent.Executors$RunnableAdapter.call(Executors.java:511)
	at java.util.concurrent.FutureTask.run(FutureTask.java:266)
	at java.util.concurrent.ThreadPoolExecutor.runWorker(ThreadPoolExecutor.java:1142)
	at java.util.concurrent.ThreadPoolExecutor$Worker.run(ThreadPoolExecutor.java:617)
	at java.lang.Thread.run(Thread.java:745)
Caused by: java.net.URISyntaxException: Illegal character in path at index 5: River flow
	at java.net.URI$Parser.fail(URI.java:2848)
	at java.net.URI$Parser.checkChars(URI.java:3021)
	at java.net.URI$Parser.parseHierarchical(URI.java:3105)
	at java.net.URI$Parser.parse(URI.java:3063)
	at java.net.URI.<init>(URI.java:588)
	at java.net.URI.create(URI.java:850)
	... 28 common frames omitted
[INFO ] 2019-06-21 14:31:25,324 [repositories/flood-repo | c.o.f.s.RepositoryController] POST query 1066349087
[INFO ] 2019-06-21 14:31:25,331 [repositories/flood-repo | c.o.g.s.TupleQueryResultView] Request for query 717733435 is finished
[INFO ] 2019-06-21 14:31:50,160 [repositories/flood-repo | c.o.f.s.RepositoryController] POST query 1066349087
[INFO ] 2019-06-21 14:31:50,167 [repositories/flood-repo | c.o.g.s.TupleQueryResultView] Request for query 717733435 is finished
[INFO ] 2019-06-21 14:32:24,244 [repositories/flood-repo | c.o.f.s.RepositoryController] POST query 1066349087
[INFO ] 2019-06-21 14:32:24,259 [repositories/flood-repo | c.o.g.s.TupleQueryResultView] Request for query 717733435 is finished
[INFO ] 2019-06-21 14:32:56,378 [repositories/flood-repo | c.o.f.s.RepositoryController] POST query 1066349087
[INFO ] 2019-06-21 14:32:56,388 [repositories/flood-repo | c.o.g.s.TupleQueryResultView] Request for query 717733435 is finished
[INFO ] 2019-06-21 14:33:36,625 [repositories/flood-repo | c.o.f.s.RepositoryController] POST query 1066349087
[INFO ] 2019-06-21 14:33:36,638 [repositories/flood-repo | c.o.g.s.TupleQueryResultView] Request for query 717733435 is finished
[INFO ] 2019-06-21 14:35:32,306 [repositories/flood-repo | o.e.r.h.s.r.TupleQueryResultView] Request for query 3392903 is finished
[INFO ] 2019-06-21 14:35:43,764 [repositories/flood-repo | c.o.f.s.RepositoryController] POST query 760222193
[INFO ] 2019-06-21 14:35:43,772 [repositories/flood-repo | c.o.g.s.TupleQueryResultView] Request for query 915725453 is finished
[INFO ] 2019-06-21 14:36:47,218 [repositories/flood-repo | c.o.f.s.RepositoryController] POST query -433770488
[INFO ] 2019-06-21 14:36:47,224 [repositories/flood-repo | c.o.g.s.TupleQueryResultView] Request for query 761092964 is finished
[INFO ] 2019-06-21 14:38:24,994 [repositories/flood-repo | c.o.f.s.RepositoryController] POST query -1806219060
[INFO ] 2019-06-21 14:38:25,005 [repositories/flood-repo | c.o.g.s.TupleQueryResultView] Request for query -1838229208 is finished
[INFO ] 2019-06-21 14:39:22,444 [repositories/flood-repo | c.o.f.s.RepositoryController] POST query 848484842
[INFO ] 2019-06-21 14:39:22,450 [repositories/flood-repo | c.o.g.s.TupleQueryResultView] Request for query 727291846 is finished
[INFO ] 2019-06-21 14:41:13,899 [repositories/flood-repo | c.o.f.s.RepositoryController] POST query -1251651243
[INFO ] 2019-06-21 14:41:14,007 [repositories/flood-repo | c.o.g.s.TupleQueryResultView] Request for query 762005745 is finished
[INFO ] 2019-06-21 14:42:53,633 [repositories/flood-repo | c.o.f.s.RepositoryController] POST query 1631529330
[INFO ] 2019-06-21 14:42:53,672 [repositories/flood-repo | c.o.g.s.TupleQueryResultView] Request for query 531771726 is finished
[INFO ] 2019-06-21 14:44:14,796 [repositories/flood-repo | c.o.f.s.RepositoryController] POST query 15839699
[INFO ] 2019-06-21 14:44:14,837 [repositories/flood-repo | c.o.g.s.TupleQueryResultView] Request for query 941657839 is finished
[INFO ] 2019-06-21 14:45:15,174 [repositories/flood-repo | c.o.f.s.RepositoryController] POST query 1000893687
[INFO ] 2019-06-21 14:45:15,181 [repositories/flood-repo | c.o.g.s.TupleQueryResultView] Request for query 843851539 is finished
[INFO ] 2019-06-21 14:45:56,423 [repositories/flood-repo | c.o.f.s.RepositoryController] POST query -536179599
[INFO ] 2019-06-21 14:45:56,598 [repositories/flood-repo | c.o.g.s.TupleQueryResultView] Request for query 1856927501 is finished
[INFO ] 2019-06-21 14:46:34,747 [repositories/flood-repo | c.o.f.s.RepositoryController] POST query 828492799
[INFO ] 2019-06-21 14:46:34,751 [repositories/flood-repo | c.o.g.s.TupleQueryResultView] Request for query 1213673499 is finished
[INFO ] 2019-06-21 14:46:50,516 [repositories/flood-repo | c.o.f.s.RepositoryController] POST query 704679288
[INFO ] 2019-06-21 14:46:50,518 [repositories/flood-repo | c.o.g.s.TupleQueryResultView] Request for query 718914772 is finished
[INFO ] 2019-06-21 14:47:13,871 [repositories/flood-repo | c.o.f.s.RepositoryController] POST query -951864660
[INFO ] 2019-06-21 14:47:13,949 [repositories/flood-repo | c.o.g.s.TupleQueryResultView] Request for query -535028984 is finished
[INFO ] 2019-06-21 14:48:18,090 [repositories/flood-repo | c.o.f.s.RepositoryController] POST query -1497809626
[INFO ] 2019-06-21 14:48:18,107 [repositories/flood-repo | c.o.g.s.TupleQueryResultView] Request for query 1774949890 is finished
[INFO ] 2019-06-21 14:49:22,566 [repositories/flood-repo | c.o.f.s.RepositoryController] POST query -111119189
[INFO ] 2019-06-21 14:49:22,571 [repositories/flood-repo | c.o.g.s.TupleQueryResultView] Request for query 398753735 is finished
[INFO ] 2019-06-21 14:49:44,379 [repositories/flood-repo | c.o.f.s.RepositoryController] POST query -165023432
[INFO ] 2019-06-21 14:49:44,382 [repositories/flood-repo | c.o.g.s.TupleQueryResultView] Request for query 754505876 is finished
[INFO ] 2019-06-21 14:50:19,331 [repositories/flood-repo | c.o.f.s.RepositoryController] POST query -194937703
[INFO ] 2019-06-21 14:50:19,333 [repositories/flood-repo | c.o.c.AbstractParameter] Configured parameter 'order.construct' to default value 'false'
[INFO ] 2019-06-21 14:50:19,349 [repositories/flood-repo | c.o.g.s.GraphQueryResultView] Request for query -194937703 is finished
[INFO ] 2019-06-21 14:51:02,611 [repositories/flood-repo | c.o.f.s.RepositoryController] POST query 389864504
[INFO ] 2019-06-21 14:51:02,662 [repositories/flood-repo | c.o.g.s.TupleQueryResultView] Request for query 1906672532 is finished
[INFO ] 2019-06-21 14:51:02,784 [repositories/flood-repo | c.o.f.s.RepositoryController] POST query 1906672532
[INFO ] 2019-06-21 14:51:02,803 [repositories/flood-repo | c.o.g.s.TupleQueryResultView] Request for query 1906672532 is finished
[INFO ] 2019-06-21 14:52:01,058 [repositories/flood-repo | c.o.f.s.RepositoryController] POST query 121722739
[INFO ] 2019-06-21 14:52:01,084 [repositories/flood-repo | c.o.g.s.TupleQueryResultView] Request for query -1659585393 is finished
[INFO ] 2019-06-21 14:53:04,226 [repositories/flood-repo | c.o.f.s.RepositoryController] POST query 223202849
[INFO ] 2019-06-21 14:53:04,260 [repositories/flood-repo | c.o.g.s.TupleQueryResultView] Request for query 1595348157 is finished
[INFO ] 2019-06-21 14:54:34,250 [repositories/flood-repo | c.o.f.s.RepositoryController] POST query -1806219060
[INFO ] 2019-06-21 14:54:34,259 [repositories/flood-repo | c.o.g.s.TupleQueryResultView] Request for query -1838229208 is finished
[INFO ] 2019-06-21 14:54:49,188 [repositories/flood-repo | c.o.f.s.RepositoryController] POST query 760222193
[INFO ] 2019-06-21 14:54:49,191 [repositories/flood-repo | c.o.g.s.TupleQueryResultView] Request for query 915725453 is finished
[INFO ] 2019-06-21 14:54:59,796 [repositories/flood-repo | c.o.f.s.RepositoryController] POST query -433770488
[INFO ] 2019-06-21 14:54:59,801 [repositories/flood-repo | c.o.g.s.TupleQueryResultView] Request for query 761092964 is finished
[INFO ] 2019-06-21 14:55:10,891 [repositories/flood-repo | c.o.f.s.RepositoryController] POST query -1806219060
[INFO ] 2019-06-21 14:55:10,905 [repositories/flood-repo | c.o.g.s.TupleQueryResultView] Request for query -1838229208 is finished
[INFO ] 2019-06-21 14:55:17,976 [repositories/flood-repo | c.o.f.s.RepositoryController] POST query 848484842
[INFO ] 2019-06-21 14:55:17,981 [repositories/flood-repo | c.o.g.s.TupleQueryResultView] Request for query 727291846 is finished
[INFO ] 2019-06-21 14:55:43,741 [repositories/flood-repo | c.o.f.s.RepositoryController] POST query -1251651243
[INFO ] 2019-06-21 14:55:43,749 [repositories/flood-repo | c.o.g.s.TupleQueryResultView] Request for query 762005745 is finished
[INFO ] 2019-06-21 14:55:57,879 [repositories/flood-repo | c.o.f.s.RepositoryController] POST query 1631529330
[INFO ] 2019-06-21 14:55:57,907 [repositories/flood-repo | c.o.g.s.TupleQueryResultView] Request for query 531771726 is finished
[INFO ] 2019-06-21 14:56:39,170 [repositories/flood-repo | c.o.f.s.RepositoryController] POST query 15839699
[INFO ] 2019-06-21 14:56:39,177 [repositories/flood-repo | c.o.g.s.TupleQueryResultView] Request for query 941657839 is finished
[INFO ] 2019-06-21 14:56:53,933 [repositories/flood-repo | c.o.f.s.RepositoryController] POST query 1000893687
[INFO ] 2019-06-21 14:56:53,938 [repositories/flood-repo | c.o.g.s.TupleQueryResultView] Request for query 843851539 is finished
[INFO ] 2019-06-21 14:57:08,871 [repositories/flood-repo | c.o.f.s.RepositoryController] POST query -536179599
[INFO ] 2019-06-21 14:57:08,942 [repositories/flood-repo | c.o.g.s.TupleQueryResultView] Request for query 1856927501 is finished
[INFO ] 2019-06-21 14:57:35,443 [repositories/flood-repo | c.o.f.s.RepositoryController] POST query 828492799
[INFO ] 2019-06-21 14:57:35,446 [repositories/flood-repo | c.o.g.s.TupleQueryResultView] Request for query 1213673499 is finished
[INFO ] 2019-06-21 14:57:41,281 [repositories/flood-repo | c.o.f.s.RepositoryController] POST query 704679288
[INFO ] 2019-06-21 14:57:41,284 [repositories/flood-repo | c.o.g.s.TupleQueryResultView] Request for query 718914772 is finished
[INFO ] 2019-06-21 14:57:46,418 [repositories/flood-repo | c.o.f.s.RepositoryController] POST query -951864660
[INFO ] 2019-06-21 14:57:46,487 [repositories/flood-repo | c.o.g.s.TupleQueryResultView] Request for query -535028984 is finished
[INFO ] 2019-06-21 14:57:53,329 [repositories/flood-repo | c.o.f.s.RepositoryController] POST query -1497809626
[INFO ] 2019-06-21 14:57:53,336 [repositories/flood-repo | c.o.g.s.TupleQueryResultView] Request for query 1774949890 is finished
[INFO ] 2019-06-21 14:59:32,470 [repositories/flood-repo | c.o.f.s.RepositoryController] POST query 828492799
[INFO ] 2019-06-21 14:59:32,477 [repositories/flood-repo | c.o.g.s.TupleQueryResultView] Request for query 1213673499 is finished
[INFO ] 2019-06-21 14:59:36,312 [repositories/flood-repo | c.o.f.s.RepositoryController] POST query 704679288
[INFO ] 2019-06-21 14:59:36,315 [repositories/flood-repo | c.o.g.s.TupleQueryResultView] Request for query 718914772 is finished
[INFO ] 2019-06-21 14:59:38,854 [repositories/flood-repo | c.o.f.s.RepositoryController] POST query -951864660
[INFO ] 2019-06-21 14:59:38,925 [repositories/flood-repo | c.o.g.s.TupleQueryResultView] Request for query -535028984 is finished
[INFO ] 2019-06-21 14:59:50,106 [repositories/flood-repo | c.o.f.s.RepositoryController] POST query -1497809626
[INFO ] 2019-06-21 14:59:50,115 [repositories/flood-repo | c.o.g.s.TupleQueryResultView] Request for query 1774949890 is finished
