[INFO ] 2019-06-21 13:09:02,612 [repositories/flood-repo | c.o.t.m.MonitorRepositoryConnection] Incoming update:
CLEAR GRAPH <https://archive.org/services/purl/domain/localknowledge>
[INFO ] 2019-06-21 13:11:57,931 [import-task-flood-repo-1 | c.o.t.m.MonitorRepositoryConnection] Parallel mode requested but it is disabled globally. Using serial mode instead.
[INFO ] 2019-06-21 13:15:15,971 [import-task-flood-repo-1 | c.o.t.m.MonitorRepositoryConnection] Parallel mode requested but it is disabled globally. Using serial mode instead.
[INFO ] 2019-06-21 13:15:36,029 [import-task-flood-repo-1 | c.o.t.m.MonitorRepositoryConnection] Parallel mode requested but it is disabled globally. Using serial mode instead.
[INFO ] 2019-06-21 13:15:57,134 [import-task-flood-repo-1 | c.o.t.m.MonitorRepositoryConnection] Parallel mode requested but it is disabled globally. Using serial mode instead.
[INFO ] 2019-06-21 13:17:53,965 [import-task-flood-repo-1 | c.o.t.m.MonitorRepositoryConnection] Parallel mode requested but it is disabled globally. Using serial mode instead.
[INFO ] 2019-06-21 13:18:26,731 [import-task-flood-repo-1 | c.o.t.m.MonitorRepositoryConnection] Parallel mode requested but it is disabled globally. Using serial mode instead.
[INFO ] 2019-06-21 13:24:59,575 [repositories/flood-repo | c.o.t.m.MonitorRepositoryConnection] Incoming update:
CLEAR GRAPH <https://archive.org/services/purl/domain/localknowledge#Page38>
[INFO ] 2019-06-21 13:25:49,190 [import-task-flood-repo-1 | c.o.t.m.MonitorRepositoryConnection] Parallel mode requested but it is disabled globally. Using serial mode instead.
[INFO ] 2019-06-21 13:26:22,655 [import-task-flood-repo-1 | c.o.t.m.MonitorRepositoryConnection] Parallel mode requested but it is disabled globally. Using serial mode instead.
[INFO ] 2019-06-21 13:26:43,627 [repositories/flood-repo | c.o.t.m.MonitorRepositoryConnection] Incoming update:
CLEAR GRAPH <https://archive.org/services/purl/domain/localknowledge>
[INFO ] 2019-06-21 14:05:08,103 [repositories/flood-repo | c.o.t.m.MonitorRepositoryConnection] Incoming update:
CLEAR GRAPH <https://archive.org/services/purl/domain/localknowledge#Page24>
[INFO ] 2019-06-21 14:05:15,737 [repositories/flood-repo | c.o.t.m.MonitorRepositoryConnection] Incoming update:
CLEAR GRAPH <https://archive.org/services/purl/domain/localknowledge#Page9v>
[INFO ] 2019-06-21 14:05:20,199 [repositories/flood-repo | c.o.t.m.MonitorRepositoryConnection] Incoming update:
CLEAR GRAPH <https://archive.org/services/purl/domain/localknowledge#Page9>
[INFO ] 2019-06-21 14:05:26,678 [repositories/flood-repo | c.o.t.m.MonitorRepositoryConnection] Incoming update:
CLEAR GRAPH <https://archive.org/services/purl/domain/localknowledge#Page10>
[INFO ] 2019-06-21 14:05:32,936 [repositories/flood-repo | c.o.t.m.MonitorRepositoryConnection] Incoming update:
CLEAR GRAPH <https://archive.org/services/purl/domain/localknowledge#Page23>
[INFO ] 2019-06-21 14:05:36,591 [repositories/flood-repo | c.o.t.m.MonitorRepositoryConnection] Incoming update:
CLEAR GRAPH <https://archive.org/services/purl/domain/localknowledge#Page25>
[INFO ] 2019-06-21 14:05:41,133 [repositories/flood-repo | c.o.t.m.MonitorRepositoryConnection] Incoming update:
CLEAR GRAPH <https://archive.org/services/purl/domain/localknowledge#Page26>
[INFO ] 2019-06-21 14:05:45,757 [repositories/flood-repo | c.o.t.m.MonitorRepositoryConnection] Incoming update:
CLEAR GRAPH <https://archive.org/services/purl/domain/localknowledge#Page27>
[INFO ] 2019-06-21 14:05:51,594 [repositories/flood-repo | c.o.t.m.MonitorRepositoryConnection] Incoming update:
CLEAR GRAPH <https://archive.org/services/purl/domain/localknowledge#Page37>
[INFO ] 2019-06-21 14:05:56,334 [repositories/flood-repo | c.o.t.m.MonitorRepositoryConnection] Incoming update:
CLEAR GRAPH <https://archive.org/services/purl/domain/localknowledge#Page38>
[INFO ] 2019-06-21 14:05:59,831 [repositories/flood-repo | c.o.t.m.MonitorRepositoryConnection] Incoming update:
CLEAR GRAPH <https://archive.org/services/purl/domain/localknowledge#Page43>
[INFO ] 2019-06-21 14:06:03,772 [repositories/flood-repo | c.o.t.m.MonitorRepositoryConnection] Incoming update:
CLEAR GRAPH <https://archive.org/services/purl/domain/localknowledge#Page44>
[INFO ] 2019-06-21 14:07:39,770 [import-task-flood-repo-1 | c.o.t.m.MonitorRepositoryConnection] Parallel mode requested but it is disabled globally. Using serial mode instead.
[INFO ] 2019-06-21 14:08:07,061 [import-task-flood-repo-1 | c.o.t.m.MonitorRepositoryConnection] Parallel mode requested but it is disabled globally. Using serial mode instead.
[INFO ] 2019-06-21 14:10:57,329 [import-task-flood-repo-1 | c.o.t.m.MonitorRepositoryConnection] Parallel mode requested but it is disabled globally. Using serial mode instead.
[INFO ] 2019-06-21 14:20:24,247 [repositories/flood-repo | c.o.t.m.MonitorRepositoryConnection] Incoming update:
CLEAR GRAPH <https://archive.org/services/purl/domain/localknowledge#statements>
[INFO ] 2019-06-21 14:20:49,513 [import-task-flood-repo-1 | c.o.t.m.MonitorRepositoryConnection] Parallel mode requested but it is disabled globally. Using serial mode instead.
[INFO ] 2019-06-21 14:21:43,111 [repositories/flood-repo | c.o.t.m.MonitorRepositoryConnection] Incoming update:
CLEAR GRAPH <https://archive.org/services/purl/domain/localknowledge#Page44>
[INFO ] 2019-06-21 14:22:03,179 [import-task-flood-repo-1 | c.o.t.m.MonitorRepositoryConnection] Parallel mode requested but it is disabled globally. Using serial mode instead.
[INFO ] 2019-06-21 14:22:53,347 [import-task-flood-repo-1 | c.o.t.m.MonitorRepositoryConnection] Parallel mode requested but it is disabled globally. Using serial mode instead.
[INFO ] 2019-06-21 14:23:31,761 [repositories/flood-repo | c.o.t.m.MonitorRepositoryConnection] Incoming update:
CLEAR GRAPH <https://archive.org/services/purl/domain/localknowledge#Pg9>
[INFO ] 2019-06-21 14:24:10,903 [import-task-flood-repo-1 | c.o.t.m.MonitorRepositoryConnection] Parallel mode requested but it is disabled globally. Using serial mode instead.
[INFO ] 2019-06-21 14:24:44,240 [import-task-flood-repo-1 | c.o.t.m.MonitorRepositoryConnection] Parallel mode requested but it is disabled globally. Using serial mode instead.
[INFO ] 2019-06-21 14:25:12,108 [import-task-flood-repo-1 | c.o.t.m.MonitorRepositoryConnection] Parallel mode requested but it is disabled globally. Using serial mode instead.
[INFO ] 2019-06-21 14:25:38,176 [import-task-flood-repo-1 | c.o.t.m.MonitorRepositoryConnection] Parallel mode requested but it is disabled globally. Using serial mode instead.
[INFO ] 2019-06-21 14:30:08,801 [import-task-flood-repo-1 | c.o.t.m.MonitorRepositoryConnection] Parallel mode requested but it is disabled globally. Using serial mode instead.
[INFO ] 2019-06-21 14:30:37,432 [import-task-flood-repo-1 | c.o.t.m.MonitorRepositoryConnection] Parallel mode requested but it is disabled globally. Using serial mode instead.
[INFO ] 2019-06-21 14:31:17,880 [import-task-flood-repo-1 | c.o.t.m.MonitorRepositoryConnection] Parallel mode requested but it is disabled globally. Using serial mode instead.
[INFO ] 2019-06-21 14:31:45,600 [import-task-flood-repo-1 | c.o.t.m.MonitorRepositoryConnection] Parallel mode requested but it is disabled globally. Using serial mode instead.
[INFO ] 2019-06-21 14:32:19,399 [import-task-flood-repo-1 | c.o.t.m.MonitorRepositoryConnection] Parallel mode requested but it is disabled globally. Using serial mode instead.
[INFO ] 2019-06-21 14:32:52,817 [import-task-flood-repo-1 | c.o.t.m.MonitorRepositoryConnection] Parallel mode requested but it is disabled globally. Using serial mode instead.
[INFO ] 2019-06-21 14:33:29,959 [import-task-flood-repo-1 | c.o.t.m.MonitorRepositoryConnection] Parallel mode requested but it is disabled globally. Using serial mode instead.
