[INFO ] 2022-02-08 10:50:36,814 [import-task-Biodiversity_repo-1 | c.o.t.m.MonitorRepositoryConnection] Parallel mode requested but it is disabled globally. Using serial mode instead.
[INFO ] 2022-02-08 10:51:00,455 [import-task-Biodiversity_repo-1 | c.o.t.m.MonitorRepositoryConnection] Parallel mode requested but it is disabled globally. Using serial mode instead.
[INFO ] 2022-02-08 10:53:16,851 [repositories/Biodiversity_repo | c.o.t.m.MonitorRepositoryConnection] Incoming update:
CLEAR GRAPH <https://www.lancaster.ac.uk/pg/nundloll/SolarPark/PollinatorData#>
[INFO ] 2022-02-08 10:53:42,978 [import-task-Biodiversity_repo-1 | c.o.t.m.MonitorRepositoryConnection] Parallel mode requested but it is disabled globally. Using serial mode instead.
[INFO ] 2022-02-08 11:09:22,650 [import-task-Biodiversity_repo-1 | c.o.t.m.MonitorRepositoryConnection] Parallel mode requested but it is disabled globally. Using serial mode instead.
[INFO ] 2022-02-08 11:20:23,526 [repositories/Biodiversity_repo | c.o.t.m.MonitorRepositoryConnection] Incoming update:
CLEAR ALL
[INFO ] 2022-02-08 11:21:00,655 [import-task-Biodiversity_repo-1 | c.o.t.m.MonitorRepositoryConnection] Parallel mode requested but it is disabled globally. Using serial mode instead.
[INFO ] 2022-02-08 11:21:18,191 [import-task-Biodiversity_repo-1 | c.o.t.m.MonitorRepositoryConnection] Parallel mode requested but it is disabled globally. Using serial mode instead.
[INFO ] 2022-02-08 11:24:56,964 [import-task-Biodiversity_repo-1 | c.o.t.m.MonitorRepositoryConnection] Parallel mode requested but it is disabled globally. Using serial mode instead.
[INFO ] 2022-02-08 12:55:46,599 [repositories/Biodiversity_repo | c.o.t.m.MonitorRepositoryConnection] Incoming update:
CLEAR GRAPH <https://www.lancaster.ac.uk/pg/nundloll/SolarPark/Pollinator_QuadratSpecies#>
[INFO ] 2022-02-08 12:56:24,013 [import-task-Biodiversity_repo-1 | c.o.t.m.MonitorRepositoryConnection] Parallel mode requested but it is disabled globally. Using serial mode instead.
[INFO ] 2022-02-08 13:13:01,568 [import-task-Biodiversity_repo-1 | c.o.t.m.MonitorRepositoryConnection] Parallel mode requested but it is disabled globally. Using serial mode instead.
[INFO ] 2022-02-08 13:32:26,425 [import-task-Biodiversity_repo-1 | c.o.t.m.MonitorRepositoryConnection] Parallel mode requested but it is disabled globally. Using serial mode instead.
[INFO ] 2022-02-08 13:38:11,974 [import-task-Biodiversity_repo-1 | c.o.t.m.MonitorRepositoryConnection] Parallel mode requested but it is disabled globally. Using serial mode instead.
[INFO ] 2022-02-08 14:04:27,626 [repositories/Biodiversity_repo | c.o.t.m.MonitorRepositoryConnection] Incoming update:
CLEAR GRAPH <https://www.lancaster.ac.uk/pg/nundloll/SolarPark/Pollinator_QuadratInfo#>
[INFO ] 2022-02-08 14:05:55,195 [import-task-Biodiversity_repo-1 | c.o.t.m.MonitorRepositoryConnection] Parallel mode requested but it is disabled globally. Using serial mode instead.
[INFO ] 2022-02-08 14:27:26,390 [repositories/Biodiversity_repo | c.o.t.m.MonitorRepositoryConnection] Incoming update:
CLEAR GRAPH <https://www.lancaster.ac.uk/pg/nundloll/SolarPark/Pollinator_QuadratSpecies#>
[INFO ] 2022-02-08 14:27:53,727 [import-task-Biodiversity_repo-1 | c.o.t.m.MonitorRepositoryConnection] Parallel mode requested but it is disabled globally. Using serial mode instead.
[INFO ] 2022-02-08 14:33:10,176 [import-task-Biodiversity_repo-1 | c.o.t.m.MonitorRepositoryConnection] Parallel mode requested but it is disabled globally. Using serial mode instead.
[INFO ] 2022-02-08 14:34:36,447 [repositories/Biodiversity_repo | c.o.t.m.MonitorRepositoryConnection] Incoming update:
CLEAR GRAPH <https://www.lancaster.ac.uk/pg/nundloll/SolarPark/Pollinator_QuadratSpecies#>
[INFO ] 2022-02-08 14:36:33,221 [import-task-Biodiversity_repo-1 | c.o.t.m.MonitorRepositoryConnection] Parallel mode requested but it is disabled globally. Using serial mode instead.
[INFO ] 2022-02-08 14:45:14,154 [import-task-Biodiversity_repo-1 | c.o.t.m.MonitorRepositoryConnection] Parallel mode requested but it is disabled globally. Using serial mode instead.
[INFO ] 2022-02-08 16:36:56,225 [import-task-Biodiversity_repo-1 | c.o.t.m.MonitorRepositoryConnection] Parallel mode requested but it is disabled globally. Using serial mode instead.
[INFO ] 2022-02-08 16:37:41,047 [repositories/Biodiversity_repo | c.o.t.m.MonitorRepositoryConnection] Incoming update:
CLEAR GRAPH <https://www.lancaster.ac.uk/pg/nundloll/SolarPark/Pollinator_QuadratInfo#>
[INFO ] 2022-02-08 16:39:14,926 [repositories/Biodiversity_repo | c.o.t.m.MonitorRepositoryConnection] Incoming update:
CLEAR GRAPH <https://www.lancaster.ac.uk/pg/nundloll/SolarPark/Pollinator_QuadratSpecies#>
[INFO ] 2022-02-08 16:53:01,793 [import-task-Biodiversity_repo-1 | c.o.t.m.MonitorRepositoryConnection] Parallel mode requested but it is disabled globally. Using serial mode instead.
[INFO ] 2022-02-08 17:06:12,902 [repositories/Biodiversity_repo | c.o.t.m.MonitorRepositoryConnection] Incoming update:
CLEAR GRAPH <https://www.lancaster.ac.uk/pg/nundloll/SolarPark/Pollinator_QuadratSpecies#>
[INFO ] 2022-02-08 17:06:57,497 [import-task-Biodiversity_repo-1 | c.o.t.m.MonitorRepositoryConnection] Parallel mode requested but it is disabled globally. Using serial mode instead.
[INFO ] 2022-02-08 17:09:39,515 [repositories/Biodiversity_repo | c.o.t.m.MonitorRepositoryConnection] Incoming update:
CLEAR GRAPH <https://www.lancaster.ac.uk/pg/nundloll/SolarPark/Pollinator_QuadratSpecies#>
[INFO ] 2022-02-08 17:09:59,172 [import-task-Biodiversity_repo-1 | c.o.t.m.MonitorRepositoryConnection] Parallel mode requested but it is disabled globally. Using serial mode instead.
[INFO ] 2022-02-08 17:14:20,331 [import-task-Biodiversity_repo-1 | c.o.t.m.MonitorRepositoryConnection] Parallel mode requested but it is disabled globally. Using serial mode instead.
[INFO ] 2022-02-08 17:14:36,467 [repositories/Biodiversity_repo | c.o.t.m.MonitorRepositoryConnection] Incoming update:
CLEAR GRAPH <https://www.lancaster.ac.uk/pg/nundloll/SolarPark/Pollinator_QuadratSpecies#>
[INFO ] 2022-02-08 17:14:46,737 [import-task-Biodiversity_repo-1 | c.o.t.m.MonitorRepositoryConnection] Parallel mode requested but it is disabled globally. Using serial mode instead.
[INFO ] 2022-02-08 17:17:40,410 [repositories/Biodiversity_repo | c.o.t.m.MonitorRepositoryConnection] Incoming update:
CLEAR GRAPH <https://www.lancaster.ac.uk/pg/nundloll/SolarPark/Pollinator_QuadratSpecies#>
[INFO ] 2022-02-08 17:18:20,279 [import-task-Biodiversity_repo-1 | c.o.t.m.MonitorRepositoryConnection] Parallel mode requested but it is disabled globally. Using serial mode instead.
